#
# There is insufficient memory for the Java Runtime Environment to continue.
# Native memory allocation (malloc) failed to allocate 1727632 bytes for Chunk::new
# Possible reasons:
#   The system is out of physical RAM or swap space
#   The process is running with CompressedOops enabled, and the Java Heap may be blocking the growth of the native heap
# Possible solutions:
#   Reduce memory load on the system
#   Increase physical memory or swap space
#   Check if swap backing store is full
#   Decrease Java heap size (-Xmx/-Xms)
#   Decrease number of Java threads
#   Decrease Java thread stack sizes (-Xss)
#   Set larger code cache with -XX:ReservedCodeCacheSize=
#   JVM is running with Unscaled Compressed Oops mode in which the Java heap is
#     placed in the first 4GB address space. The Java Heap base address is the
#     maximum limit for the native heap growth. Please use -XX:HeapBaseMinAddress
#     to set the Java Heap base and to place the Java Heap above 4GB virtual address.
# This output file may be truncated or incomplete.
#
#  Out of Memory Error (arena.cpp:191), pid=7108, tid=10188
#
# JRE version: OpenJDK Runtime Environment (17.0.9) (build 17.0.9+0--11185874)
# Java VM: OpenJDK 64-Bit Server VM (17.0.9+0--11185874, mixed mode, tiered, compressed oops, compressed class ptrs, g1 gc, windows-amd64)
# No core dump will be written. Minidumps are not enabled by default on client versions of Windows
#

---------------  S U M M A R Y ------------

Command Line: org.jetbrains.kotlin.cli.jvm.K2JVMCompiler @C:\Users\AVuser\Downloads\csci_5708_group_12g_project\app\build\20240329_10152503445214398923.compiler.options

Host: Intel(R) Core(TM) i5-10310U CPU @ 1.70GHz, 8 cores, 7G,  Windows 10 , 64 bit Build 19041 (10.0.19041.3636)
Time: Fri Mar 29 17:03:19 2024 Atlantic Daylight Time elapsed time: 2.658605 seconds (0d 0h 0m 2s)

---------------  T H R E A D  ---------------

Current thread (0x00000296dd676130):  JavaThread "C2 CompilerThread0" daemon [_thread_in_native, id=10188, stack(0x000000b6e9100000,0x000000b6e9200000)]


Current CompileTask:
C2:   2658 3506       4       org.jetbrains.kotlin.com.intellij.lang.impl.PsiBuilderImpl::insertLeaves (88 bytes)

Stack: [0x000000b6e9100000,0x000000b6e9200000]
Native frames: (J=compiled Java code, j=interpreted, Vv=VM code, C=native code)
V  [jvm.dll+0x6886e9]
V  [jvm.dll+0x841e4a]
V  [jvm.dll+0x843a8e]
V  [jvm.dll+0x8440f3]
V  [jvm.dll+0x24c14f]
V  [jvm.dll+0xac44c]
V  [jvm.dll+0xaca9c]
V  [jvm.dll+0x36c1f7]
V  [jvm.dll+0x1be6a2]
V  [jvm.dll+0x21df09]
V  [jvm.dll+0x21d1d1]
V  [jvm.dll+0x1a674d]
V  [jvm.dll+0x22d088]
V  [jvm.dll+0x22b1c0]
V  [jvm.dll+0x7f62f7]
V  [jvm.dll+0x7f06aa]
V  [jvm.dll+0x687565]
C  [ucrtbase.dll+0x21bb2]
C  [KERNEL32.DLL+0x17344]
C  [ntdll.dll+0x526b1]


---------------  P R O C E S S  ---------------

Threads class SMR info:
_java_thread_list=0x00000296dd6f2360, length=13, elements={
0x00000296c1a83730, 0x00000296dd653620, 0x00000296dd4c8260, 0x00000296dd500ce0,
0x00000296dd5026b0, 0x00000296dd503070, 0x00000296dd503a30, 0x00000296dd676130,
0x00000296dd67a0e0, 0x00000296dd697420, 0x00000296dd7fa3b0, 0x00000296dd80d330,
0x00000296dd7f63f0
}

Java Threads: ( => current thread )
  0x00000296c1a83730 JavaThread "main" [_thread_in_native, id=12408, stack(0x000000b6e8400000,0x000000b6e8500000)]
  0x00000296dd653620 JavaThread "Reference Handler" daemon [_thread_blocked, id=10048, stack(0x000000b6e8b00000,0x000000b6e8c00000)]
  0x00000296dd4c8260 JavaThread "Finalizer" daemon [_thread_blocked, id=4456, stack(0x000000b6e8c00000,0x000000b6e8d00000)]
  0x00000296dd500ce0 JavaThread "Signal Dispatcher" daemon [_thread_blocked, id=9904, stack(0x000000b6e8d00000,0x000000b6e8e00000)]
  0x00000296dd5026b0 JavaThread "Attach Listener" daemon [_thread_blocked, id=10808, stack(0x000000b6e8e00000,0x000000b6e8f00000)]
  0x00000296dd503070 JavaThread "Service Thread" daemon [_thread_blocked, id=5116, stack(0x000000b6e8f00000,0x000000b6e9000000)]
  0x00000296dd503a30 JavaThread "Monitor Deflation Thread" daemon [_thread_blocked, id=9496, stack(0x000000b6e9000000,0x000000b6e9100000)]
=>0x00000296dd676130 JavaThread "C2 CompilerThread0" daemon [_thread_in_native, id=10188, stack(0x000000b6e9100000,0x000000b6e9200000)]
  0x00000296dd67a0e0 JavaThread "C1 CompilerThread0" daemon [_thread_in_native_trans, id=6312, stack(0x000000b6e9200000,0x000000b6e9300000)]
  0x00000296dd697420 JavaThread "Sweeper thread" daemon [_thread_blocked, id=4696, stack(0x000000b6e9300000,0x000000b6e9400000)]
  0x00000296dd7fa3b0 JavaThread "Notification Thread" daemon [_thread_blocked, id=6388, stack(0x000000b6e9400000,0x000000b6e9500000)]
  0x00000296dd80d330 JavaThread "Common-Cleaner" daemon [_thread_blocked, id=13716, stack(0x000000b6e9600000,0x000000b6e9700000)]
  0x00000296dd7f63f0 JavaThread "C2 CompilerThread1" daemon [_thread_in_native, id=7100, stack(0x000000b6e9700000,0x000000b6e9800000)]

Other Threads:
  0x00000296dd4f1080 VMThread "VM Thread" [stack: 0x000000b6e8a00000,0x000000b6e8b00000] [id=13676]
  0x00000296dd7f1c00 WatcherThread [stack: 0x000000b6e9500000,0x000000b6e9600000] [id=12816]
  0x00000296c1ad7ee0 GCTaskThread "GC Thread#0" [stack: 0x000000b6e8500000,0x000000b6e8600000] [id=9832]
  0x00000296e20b3220 GCTaskThread "GC Thread#1" [stack: 0x000000b6e9800000,0x000000b6e9900000] [id=10640]
  0x00000296e23bb500 GCTaskThread "GC Thread#2" [stack: 0x000000b6e9900000,0x000000b6e9a00000] [id=11052]
  0x00000296e23bbbd0 GCTaskThread "GC Thread#3" [stack: 0x000000b6e9a00000,0x000000b6e9b00000] [id=13372]
  0x00000296e23bdea0 GCTaskThread "GC Thread#4" [stack: 0x000000b6e9b00000,0x000000b6e9c00000] [id=10592]
  0x00000296e2d15bf0 GCTaskThread "GC Thread#5" [stack: 0x000000b6e9c00000,0x000000b6e9d00000] [id=13304]
  0x00000296e2bf9d30 GCTaskThread "GC Thread#6" [stack: 0x000000b6e9d00000,0x000000b6e9e00000] [id=8752]
  0x00000296e29af610 GCTaskThread "GC Thread#7" [stack: 0x000000b6e9e00000,0x000000b6e9f00000] [id=3624]
  0x00000296c1ae81f0 ConcurrentGCThread "G1 Main Marker" [stack: 0x000000b6e8600000,0x000000b6e8700000] [id=2192]
  0x00000296c1aea3c0 ConcurrentGCThread "G1 Conc#0" [stack: 0x000000b6e8700000,0x000000b6e8800000] [id=3552]
  0x00000296e321d3a0 ConcurrentGCThread "G1 Conc#1" [stack: 0x000000b6e9f00000,0x000000b6ea000000] [id=10352]
  0x00000296dd3338e0 ConcurrentGCThread "G1 Refine#0" [stack: 0x000000b6e8800000,0x000000b6e8900000] [id=7872]
  0x00000296e4302ca0 ConcurrentGCThread "G1 Refine#1" [stack: 0x000000b6ea000000,0x000000b6ea100000] [id=704]
  0x00000296dd334310 ConcurrentGCThread "G1 Service" [stack: 0x000000b6e8900000,0x000000b6e8a00000] [id=5936]

Threads with active compile tasks:
C2 CompilerThread0     2672 3506       4       org.jetbrains.kotlin.com.intellij.lang.impl.PsiBuilderImpl::insertLeaves (88 bytes)
C1 CompilerThread0     2672 3720       3       org.jetbrains.kotlin.metadata.ProtoBuf$Function::getSerializedSize (512 bytes)
C2 CompilerThread1     2672 3256       4       org.jetbrains.kotlin.parsing.AbstractKotlinParsing::at (114 bytes)

VM state: not at safepoint (normal execution)

VM Mutex/Monitor currently owned by a thread: None

Heap address: 0x0000000086200000, size: 1950 MB, Compressed Oops mode: 32-bit

CDS archive(s) not mapped
Compressed class space mapped at: 0x0000000100000000-0x0000000140000000, reserved size: 1073741824
Narrow klass base: 0x0000000000000000, Narrow klass shift: 3, Narrow klass range: 0x140000000

GC Precious Log:
 CPUs: 8 total, 8 available
 Memory: 7792M
 Large Page Support: Disabled
 NUMA Support: Disabled
 Compressed Oops: Enabled (32-bit)
 Heap Region Size: 1M
 Heap Min Capacity: 8M
 Heap Initial Capacity: 122M
 Heap Max Capacity: 1950M
 Pre-touch: Disabled
 Parallel Workers: 8
 Concurrent Workers: 2
 Concurrent Refinement Workers: 8
 Periodic GC: Disabled

Heap:
 garbage-first heap   total 75776K, used 48643K [0x0000000086200000, 0x0000000100000000)
  region size 1024K, 18 young (18432K), 4 survivors (4096K)
 Metaspace       used 47072K, committed 47360K, reserved 1114112K
  class space    used 5741K, committed 5888K, reserved 1048576K

Heap Regions: E=young(eden), S=young(survivor), O=old, HS=humongous(starts), HC=humongous(continues), CS=collection set, F=free, OA=open archive, CA=closed archive, TAMS=top-at-mark-start (previous, next)
|   0|0x0000000086200000, 0x0000000086300000, 0x0000000086300000|100%|HS|  |TAMS 0x0000000086300000, 0x0000000086200000| Complete 
|   1|0x0000000086300000, 0x0000000086400000, 0x0000000086400000|100%|HC|  |TAMS 0x0000000086400000, 0x0000000086300000| Complete 
|   2|0x0000000086400000, 0x0000000086500000, 0x0000000086500000|100%|HC|  |TAMS 0x0000000086500000, 0x0000000086400000| Complete 
|   3|0x0000000086500000, 0x0000000086600000, 0x0000000086600000|100%|HC|  |TAMS 0x0000000086600000, 0x0000000086500000| Complete 
|   4|0x0000000086600000, 0x0000000086700000, 0x0000000086700000|100%| O|  |TAMS 0x0000000086700000, 0x0000000086600000| Untracked 
|   5|0x0000000086700000, 0x0000000086800000, 0x0000000086800000|100%| O|  |TAMS 0x0000000086800000, 0x0000000086700000| Untracked 
|   6|0x0000000086800000, 0x0000000086900000, 0x0000000086900000|100%| O|  |TAMS 0x0000000086900000, 0x0000000086800000| Untracked 
|   7|0x0000000086900000, 0x0000000086a00000, 0x0000000086a00000|100%| O|  |TAMS 0x0000000086a00000, 0x0000000086900000| Untracked 
|   8|0x0000000086a00000, 0x0000000086b00000, 0x0000000086b00000|100%| O|  |TAMS 0x0000000086b00000, 0x0000000086a00000| Untracked 
|   9|0x0000000086b00000, 0x0000000086c00000, 0x0000000086c00000|100%| O|  |TAMS 0x0000000086c00000, 0x0000000086b00000| Untracked 
|  10|0x0000000086c00000, 0x0000000086d00000, 0x0000000086d00000|100%| O|  |TAMS 0x0000000086c00000, 0x0000000086c00000| Untracked 
|  11|0x0000000086d00000, 0x0000000086e00000, 0x0000000086e00000|100%| O|  |TAMS 0x0000000086d00000, 0x0000000086d00000| Untracked 
|  12|0x0000000086e00000, 0x0000000086f00000, 0x0000000086f00000|100%| O|  |TAMS 0x0000000086f00000, 0x0000000086e00000| Untracked 
|  13|0x0000000086f00000, 0x0000000087000000, 0x0000000087000000|100%| O|  |TAMS 0x0000000087000000, 0x0000000086f00000| Untracked 
|  14|0x0000000087000000, 0x0000000087100000, 0x0000000087100000|100%| O|  |TAMS 0x0000000087100000, 0x0000000087000000| Untracked 
|  15|0x0000000087100000, 0x0000000087200000, 0x0000000087200000|100%| O|  |TAMS 0x0000000087200000, 0x0000000087100000| Untracked 
|  16|0x0000000087200000, 0x0000000087300000, 0x0000000087300000|100%| O|  |TAMS 0x0000000087300000, 0x0000000087200000| Untracked 
|  17|0x0000000087300000, 0x0000000087400000, 0x0000000087400000|100%| O|  |TAMS 0x0000000087300000, 0x0000000087300000| Untracked 
|  18|0x0000000087400000, 0x0000000087500000, 0x0000000087500000|100%| O|  |TAMS 0x0000000087400000, 0x0000000087400000| Untracked 
|  19|0x0000000087500000, 0x0000000087600000, 0x0000000087600000|100%| O|  |TAMS 0x0000000087500000, 0x0000000087500000| Untracked 
|  20|0x0000000087600000, 0x0000000087700000, 0x0000000087700000|100%| O|  |TAMS 0x0000000087700000, 0x0000000087600000| Untracked 
|  21|0x0000000087700000, 0x0000000087800000, 0x0000000087800000|100%| O|  |TAMS 0x0000000087800000, 0x0000000087700000| Untracked 
|  22|0x0000000087800000, 0x0000000087900000, 0x0000000087900000|100%| O|  |TAMS 0x0000000087874a00, 0x0000000087800000| Untracked 
|  23|0x0000000087900000, 0x0000000087a00000, 0x0000000087a00000|100%| O|  |TAMS 0x0000000087900000, 0x0000000087900000| Untracked 
|  24|0x0000000087a00000, 0x0000000087b00000, 0x0000000087b00000|100%| O|  |TAMS 0x0000000087a00000, 0x0000000087a00000| Untracked 
|  25|0x0000000087b00000, 0x0000000087c00000, 0x0000000087c00000|100%| O|  |TAMS 0x0000000087b00000, 0x0000000087b00000| Untracked 
|  26|0x0000000087c00000, 0x0000000087d00000, 0x0000000087d00000|100%| O|  |TAMS 0x0000000087c00000, 0x0000000087c00000| Untracked 
|  27|0x0000000087d00000, 0x0000000087e00000, 0x0000000087e00000|100%| O|  |TAMS 0x0000000087d00000, 0x0000000087d00000| Untracked 
|  28|0x0000000087e00000, 0x0000000087ea0400, 0x0000000087f00000| 62%| O|  |TAMS 0x0000000087e00000, 0x0000000087e00000| Untracked 
|  29|0x0000000087f00000, 0x0000000088000000, 0x0000000088000000|100%|HS|  |TAMS 0x0000000087f00000, 0x0000000087f00000| Complete 
|  30|0x0000000088000000, 0x0000000088100000, 0x0000000088100000|100%|HC|  |TAMS 0x0000000088000000, 0x0000000088000000| Complete 
|  31|0x0000000088100000, 0x0000000088100000, 0x0000000088200000|  0%| F|  |TAMS 0x0000000088100000, 0x0000000088100000| Untracked 
|  32|0x0000000088200000, 0x0000000088200000, 0x0000000088300000|  0%| F|  |TAMS 0x0000000088200000, 0x0000000088200000| Untracked 
|  33|0x0000000088300000, 0x0000000088300000, 0x0000000088400000|  0%| F|  |TAMS 0x0000000088300000, 0x0000000088300000| Untracked 
|  34|0x0000000088400000, 0x0000000088400000, 0x0000000088500000|  0%| F|  |TAMS 0x0000000088400000, 0x0000000088400000| Untracked 
|  35|0x0000000088500000, 0x0000000088500000, 0x0000000088600000|  0%| F|  |TAMS 0x0000000088500000, 0x0000000088500000| Untracked 
|  36|0x0000000088600000, 0x0000000088600000, 0x0000000088700000|  0%| F|  |TAMS 0x0000000088600000, 0x0000000088600000| Untracked 
|  37|0x0000000088700000, 0x0000000088700000, 0x0000000088800000|  0%| F|  |TAMS 0x0000000088700000, 0x0000000088700000| Untracked 
|  38|0x0000000088800000, 0x0000000088800000, 0x0000000088900000|  0%| F|  |TAMS 0x0000000088800000, 0x0000000088800000| Untracked 
|  39|0x0000000088900000, 0x0000000088900000, 0x0000000088a00000|  0%| F|  |TAMS 0x0000000088900000, 0x0000000088900000| Untracked 
|  40|0x0000000088a00000, 0x0000000088a00000, 0x0000000088b00000|  0%| F|  |TAMS 0x0000000088a00000, 0x0000000088a00000| Untracked 
|  41|0x0000000088b00000, 0x0000000088b00000, 0x0000000088c00000|  0%| F|  |TAMS 0x0000000088b00000, 0x0000000088b00000| Untracked 
|  42|0x0000000088c00000, 0x0000000088c00000, 0x0000000088d00000|  0%| F|  |TAMS 0x0000000088c00000, 0x0000000088c00000| Untracked 
|  43|0x0000000088d00000, 0x0000000088d00000, 0x0000000088e00000|  0%| F|  |TAMS 0x0000000088d00000, 0x0000000088d00000| Untracked 
|  44|0x0000000088e00000, 0x0000000088e00000, 0x0000000088f00000|  0%| F|  |TAMS 0x0000000088e00000, 0x0000000088e00000| Untracked 
|  45|0x0000000088f00000, 0x0000000088f00000, 0x0000000089000000|  0%| F|  |TAMS 0x0000000088f00000, 0x0000000088f00000| Untracked 
|  46|0x0000000089000000, 0x00000000890e0b80, 0x0000000089100000| 87%| S|CS|TAMS 0x0000000089000000, 0x0000000089000000| Complete 
|  47|0x0000000089100000, 0x0000000089200000, 0x0000000089200000|100%| S|CS|TAMS 0x0000000089100000, 0x0000000089100000| Complete 
|  48|0x0000000089200000, 0x0000000089200000, 0x0000000089300000|  0%| F|  |TAMS 0x0000000089200000, 0x0000000089200000| Untracked 
|  49|0x0000000089300000, 0x0000000089400000, 0x0000000089400000|100%| S|CS|TAMS 0x0000000089300000, 0x0000000089300000| Complete 
|  50|0x0000000089400000, 0x0000000089500000, 0x0000000089500000|100%| S|CS|TAMS 0x0000000089400000, 0x0000000089400000| Complete 
|  51|0x0000000089500000, 0x0000000089500000, 0x0000000089600000|  0%| F|  |TAMS 0x0000000089500000, 0x0000000089500000| Untracked 
|  52|0x0000000089600000, 0x0000000089600000, 0x0000000089700000|  0%| F|  |TAMS 0x0000000089600000, 0x0000000089600000| Untracked 
|  53|0x0000000089700000, 0x0000000089700000, 0x0000000089800000|  0%| F|  |TAMS 0x0000000089700000, 0x0000000089700000| Untracked 
|  54|0x0000000089800000, 0x0000000089800000, 0x0000000089900000|  0%| F|  |TAMS 0x0000000089800000, 0x0000000089800000| Untracked 
|  55|0x0000000089900000, 0x0000000089900000, 0x0000000089a00000|  0%| F|  |TAMS 0x0000000089900000, 0x0000000089900000| Untracked 
|  56|0x0000000089a00000, 0x0000000089a00000, 0x0000000089b00000|  0%| F|  |TAMS 0x0000000089a00000, 0x0000000089a00000| Untracked 
|  57|0x0000000089b00000, 0x0000000089b00000, 0x0000000089c00000|  0%| F|  |TAMS 0x0000000089b00000, 0x0000000089b00000| Untracked 
|  58|0x0000000089c00000, 0x0000000089c00000, 0x0000000089d00000|  0%| F|  |TAMS 0x0000000089c00000, 0x0000000089c00000| Untracked 
|  59|0x0000000089d00000, 0x0000000089d71a00, 0x0000000089e00000| 44%| E|  |TAMS 0x0000000089d00000, 0x0000000089d00000| Complete 
|  60|0x0000000089e00000, 0x0000000089f00000, 0x0000000089f00000|100%| E|CS|TAMS 0x0000000089e00000, 0x0000000089e00000| Complete 
|  61|0x0000000089f00000, 0x000000008a000000, 0x000000008a000000|100%| E|CS|TAMS 0x0000000089f00000, 0x0000000089f00000| Complete 
|  62|0x000000008a000000, 0x000000008a100000, 0x000000008a100000|100%| E|CS|TAMS 0x000000008a000000, 0x000000008a000000| Complete 
|  63|0x000000008a100000, 0x000000008a200000, 0x000000008a200000|100%| E|CS|TAMS 0x000000008a100000, 0x000000008a100000| Complete 
|  64|0x000000008a200000, 0x000000008a300000, 0x000000008a300000|100%| E|CS|TAMS 0x000000008a200000, 0x000000008a200000| Complete 
|  65|0x000000008a300000, 0x000000008a400000, 0x000000008a400000|100%| E|CS|TAMS 0x000000008a300000, 0x000000008a300000| Complete 
|  66|0x000000008a400000, 0x000000008a500000, 0x000000008a500000|100%| E|CS|TAMS 0x000000008a400000, 0x000000008a400000| Complete 
|  67|0x000000008a500000, 0x000000008a600000, 0x000000008a600000|100%| E|CS|TAMS 0x000000008a500000, 0x000000008a500000| Complete 
|  68|0x000000008a600000, 0x000000008a700000, 0x000000008a700000|100%| E|CS|TAMS 0x000000008a600000, 0x000000008a600000| Complete 
|  82|0x000000008b400000, 0x000000008b500000, 0x000000008b500000|100%| E|CS|TAMS 0x000000008b400000, 0x000000008b400000| Complete 
|  83|0x000000008b500000, 0x000000008b600000, 0x000000008b600000|100%| E|CS|TAMS 0x000000008b500000, 0x000000008b500000| Complete 
|  84|0x000000008b600000, 0x000000008b700000, 0x000000008b700000|100%| E|CS|TAMS 0x000000008b600000, 0x000000008b600000| Complete 
|  85|0x000000008b700000, 0x000000008b800000, 0x000000008b800000|100%| E|CS|TAMS 0x000000008b700000, 0x000000008b700000| Complete 
| 121|0x000000008db00000, 0x000000008dc00000, 0x000000008dc00000|100%| E|CS|TAMS 0x000000008db00000, 0x000000008db00000| Complete 

Card table byte_map: [0x00000296d6570000,0x00000296d6940000] _byte_map_base: 0x00000296d613f000

Marking Bits (Prev, Next): (CMBitMap*) 0x00000296c1ad8500, (CMBitMap*) 0x00000296c1ad8540
 Prev Bits: [0x00000296d6d10000, 0x00000296d8b88000)
 Next Bits: [0x00000296d8b90000, 0x00000296daa08000)

Polling page: 0x00000296c1b40000

Metaspace:

Usage:
  Non-class:     40.39 MB used.
      Class:      5.61 MB used.
       Both:     46.00 MB used.

Virtual space:
  Non-class space:       64.00 MB reserved,      40.50 MB ( 63%) committed,  1 nodes.
      Class space:        1.00 GB reserved,       5.75 MB ( <1%) committed,  1 nodes.
             Both:        1.06 GB reserved,      46.25 MB (  4%) committed. 

Chunk freelists:
   Non-Class:  6.64 MB
       Class:  10.27 MB
        Both:  16.91 MB

MaxMetaspaceSize: unlimited
CompressedClassSpaceSize: 1.00 GB
Initial GC threshold: 21.00 MB
Current GC threshold: 50.31 MB
CDS: off
MetaspaceReclaimPolicy: balanced
 - commit_granule_bytes: 65536.
 - commit_granule_words: 8192.
 - virtual_space_node_default_size: 8388608.
 - enlarge_chunks_in_place: 1.
 - new_chunks_are_fully_committed: 0.
 - uncommit_free_chunks: 1.
 - use_allocation_guard: 0.
 - handle_deallocations: 1.


Internal statistics:

num_allocs_failed_limit: 3.
num_arena_births: 186.
num_arena_deaths: 0.
num_vsnodes_births: 2.
num_vsnodes_deaths: 0.
num_space_committed: 738.
num_space_uncommitted: 0.
num_chunks_returned_to_freelist: 3.
num_chunks_taken_from_freelist: 1546.
num_chunk_merges: 3.
num_chunk_splits: 1269.
num_chunks_enlarged: 1135.
num_inconsistent_stats: 0.

CodeHeap 'non-profiled nmethods': size=120000Kb used=1674Kb max_used=1674Kb free=118325Kb
 bounds [0x00000296ce200000, 0x00000296ce470000, 0x00000296d5730000]
CodeHeap 'profiled nmethods': size=120000Kb used=6983Kb max_used=6983Kb free=113016Kb
 bounds [0x00000296c6730000, 0x00000296c6e10000, 0x00000296cdc60000]
CodeHeap 'non-nmethods': size=5760Kb used=1260Kb max_used=1330Kb free=4500Kb
 bounds [0x00000296cdc60000, 0x00000296cded0000, 0x00000296ce200000]
 total_blobs=4255 nmethods=3685 adapters=481
 compilation: enabled
              stopped_count=0, restarted_count=0
 full_count=0

Compilation events (20 events):
Event: 2.653 Thread 0x00000296dd67a0e0 nmethod 3678 0x00000296ce39db90 code [0x00000296ce39dd20, 0x00000296ce39ddf8]
Event: 2.654 Thread 0x00000296dd67a0e0 3687       2       org.jetbrains.kotlin.serialization.deserialization.NameResolverUtilKt::getName (23 bytes)
Event: 2.655 Thread 0x00000296dd67a0e0 nmethod 3687 0x00000296c6de7e90 code [0x00000296c6de80c0, 0x00000296c6de8568]
Event: 2.655 Thread 0x00000296dd67a0e0 3688       2       java.util.LinkedHashMap::<init> (11 bytes)
Event: 2.655 Thread 0x00000296dd67a0e0 nmethod 3688 0x00000296c6de8890 code [0x00000296c6de8a40, 0x00000296c6de8b88]
Event: 2.655 Thread 0x00000296dd67a0e0 3689       2       org.jetbrains.kotlin.protobuf.SmallSortedMap$EntrySet::<init> (6 bytes)
Event: 2.655 Thread 0x00000296dd67a0e0 nmethod 3689 0x00000296c6de8c90 code [0x00000296c6de8e20, 0x00000296c6de8f78]
Event: 2.655 Thread 0x00000296dd67a0e0 3694       2       org.jetbrains.kotlin.protobuf.GeneratedMessageLite$ExtendableMessage$ExtensionWriter::writeUntil (140 bytes)
Event: 2.656 Thread 0x00000296dd67a0e0 nmethod 3694 0x00000296c6de9010 code [0x00000296c6de9280, 0x00000296c6de98a8]
Event: 2.656 Thread 0x00000296dd67a0e0 3691       2       org.jetbrains.kotlin.protobuf.SmallSortedMap$EntrySet::iterator (13 bytes)
Event: 2.656 Thread 0x00000296dd67a0e0 nmethod 3691 0x00000296c6de9c90 code [0x00000296c6de9e20, 0x00000296c6de9fd8]
Event: 2.656 Thread 0x00000296dd67a0e0 3692       2       org.jetbrains.kotlin.protobuf.SmallSortedMap$EntryIterator::<init> (6 bytes)
Event: 2.656 Thread 0x00000296dd67a0e0 nmethod 3692 0x00000296c6dea090 code [0x00000296c6dea220, 0x00000296c6dea378]
Event: 2.656 Thread 0x00000296dd67a0e0 3693       2       org.jetbrains.kotlin.protobuf.SmallSortedMap$EntryIterator::<init> (15 bytes)
Event: 2.656 Thread 0x00000296dd67a0e0 nmethod 3693 0x00000296c6dea410 code [0x00000296c6dea5a0, 0x00000296c6dea6f8]
Event: 2.656 Thread 0x00000296dd67a0e0 3695       2       org.jetbrains.kotlin.protobuf.SmallSortedMap::entrySet (25 bytes)
Event: 2.657 Thread 0x00000296dd67a0e0 nmethod 3695 0x00000296c6dea790 code [0x00000296c6dea920, 0x00000296c6deab58]
Event: 2.657 Thread 0x00000296dd67a0e0 3690       2       org.jetbrains.kotlin.protobuf.SmallSortedMap$EntrySet::<init> (10 bytes)
Event: 2.657 Thread 0x00000296dd67a0e0 nmethod 3690 0x00000296c6deac10 code [0x00000296c6deada0, 0x00000296c6deaef8]
Event: 2.657 Thread 0x00000296dd67a0e0 3696       2       org.jetbrains.kotlin.metadata.ProtoBuf$ValueParameter::getSerializedSize (171 bytes)

GC Heap History (20 events):
Event: 0.442 GC heap before
{Heap before GC invocations=0 (full 0):
 garbage-first heap   total 124928K, used 27648K [0x0000000086200000, 0x0000000100000000)
  region size 1024K, 23 young (23552K), 0 survivors (0K)
 Metaspace       used 13340K, committed 13504K, reserved 1114112K
  class space    used 1284K, committed 1344K, reserved 1048576K
}
Event: 0.446 GC heap after
{Heap after GC invocations=1 (full 0):
 garbage-first heap   total 124928K, used 6899K [0x0000000086200000, 0x0000000100000000)
  region size 1024K, 3 young (3072K), 3 survivors (3072K)
 Metaspace       used 13340K, committed 13504K, reserved 1114112K
  class space    used 1284K, committed 1344K, reserved 1048576K
}
Event: 0.908 GC heap before
{Heap before GC invocations=1 (full 0):
 garbage-first heap   total 124928K, used 39667K [0x0000000086200000, 0x0000000100000000)
  region size 1024K, 36 young (36864K), 3 survivors (3072K)
 Metaspace       used 21411K, committed 21504K, reserved 1114112K
  class space    used 2393K, committed 2432K, reserved 1048576K
}
Event: 0.916 GC heap after
{Heap after GC invocations=2 (full 0):
 garbage-first heap   total 124928K, used 10556K [0x0000000086200000, 0x0000000100000000)
  region size 1024K, 4 young (4096K), 4 survivors (4096K)
 Metaspace       used 21411K, committed 21504K, reserved 1114112K
  class space    used 2393K, committed 2432K, reserved 1048576K
}
Event: 1.193 GC heap before
{Heap before GC invocations=3 (full 0):
 garbage-first heap   total 40960K, used 31036K [0x0000000086200000, 0x0000000100000000)
  region size 1024K, 25 young (25600K), 4 survivors (4096K)
 Metaspace       used 27998K, committed 28224K, reserved 1114112K
  class space    used 3285K, committed 3392K, reserved 1048576K
}
Event: 1.199 GC heap after
{Heap after GC invocations=4 (full 0):
 garbage-first heap   total 40960K, used 11427K [0x0000000086200000, 0x0000000100000000)
  region size 1024K, 5 young (5120K), 5 survivors (5120K)
 Metaspace       used 27998K, committed 28224K, reserved 1114112K
  class space    used 3285K, committed 3392K, reserved 1048576K
}
Event: 1.225 GC heap before
{Heap before GC invocations=4 (full 0):
 garbage-first heap   total 40960K, used 12451K [0x0000000086200000, 0x0000000100000000)
  region size 1024K, 6 young (6144K), 5 survivors (5120K)
 Metaspace       used 28555K, committed 28800K, reserved 1114112K
  class space    used 3443K, committed 3584K, reserved 1048576K
}
Event: 1.231 GC heap after
{Heap after GC invocations=5 (full 0):
 garbage-first heap   total 40960K, used 11926K [0x0000000086200000, 0x0000000100000000)
  region size 1024K, 1 young (1024K), 1 survivors (1024K)
 Metaspace       used 28555K, committed 28800K, reserved 1114112K
  class space    used 3443K, committed 3584K, reserved 1048576K
}
Event: 1.380 GC heap before
{Heap before GC invocations=5 (full 0):
 garbage-first heap   total 40960K, used 33430K [0x0000000086200000, 0x0000000100000000)
  region size 1024K, 20 young (20480K), 1 survivors (1024K)
 Metaspace       used 30118K, committed 30400K, reserved 1114112K
  class space    used 3758K, committed 3904K, reserved 1048576K
}
Event: 1.386 GC heap after
{Heap after GC invocations=6 (full 0):
 garbage-first heap   total 40960K, used 16384K [0x0000000086200000, 0x0000000100000000)
  region size 1024K, 3 young (3072K), 3 survivors (3072K)
 Metaspace       used 30118K, committed 30400K, reserved 1114112K
  class space    used 3758K, committed 3904K, reserved 1048576K
}
Event: 1.466 GC heap before
{Heap before GC invocations=6 (full 0):
 garbage-first heap   total 40960K, used 30720K [0x0000000086200000, 0x0000000100000000)
  region size 1024K, 16 young (16384K), 3 survivors (3072K)
 Metaspace       used 30293K, committed 30592K, reserved 1114112K
  class space    used 3758K, committed 3904K, reserved 1048576K
}
Event: 1.472 GC heap after
{Heap after GC invocations=7 (full 0):
 garbage-first heap   total 40960K, used 21970K [0x0000000086200000, 0x0000000100000000)
  region size 1024K, 2 young (2048K), 2 survivors (2048K)
 Metaspace       used 30293K, committed 30592K, reserved 1114112K
  class space    used 3758K, committed 3904K, reserved 1048576K
}
Event: 1.541 GC heap before
{Heap before GC invocations=7 (full 0):
 garbage-first heap   total 40960K, used 30162K [0x0000000086200000, 0x0000000100000000)
  region size 1024K, 10 young (10240K), 2 survivors (2048K)
 Metaspace       used 30738K, committed 30912K, reserved 1114112K
  class space    used 3808K, committed 3904K, reserved 1048576K
}
Event: 1.547 GC heap after
{Heap after GC invocations=8 (full 0):
 garbage-first heap   total 75776K, used 24576K [0x0000000086200000, 0x0000000100000000)
  region size 1024K, 2 young (2048K), 2 survivors (2048K)
 Metaspace       used 30738K, committed 30912K, reserved 1114112K
  class space    used 3808K, committed 3904K, reserved 1048576K
}
Event: 1.833 GC heap before
{Heap before GC invocations=9 (full 0):
 garbage-first heap   total 75776K, used 53248K [0x0000000086200000, 0x0000000100000000)
  region size 1024K, 28 young (28672K), 2 survivors (2048K)
 Metaspace       used 35301K, committed 35520K, reserved 1114112K
  class space    used 4527K, committed 4608K, reserved 1048576K
}
Event: 1.840 GC heap after
{Heap after GC invocations=10 (full 0):
 garbage-first heap   total 75776K, used 26364K [0x0000000086200000, 0x0000000100000000)
  region size 1024K, 4 young (4096K), 4 survivors (4096K)
 Metaspace       used 35301K, committed 35520K, reserved 1114112K
  class space    used 4527K, committed 4608K, reserved 1048576K
}
Event: 2.081 GC heap before
{Heap before GC invocations=10 (full 0):
 garbage-first heap   total 75776K, used 50940K [0x0000000086200000, 0x0000000100000000)
  region size 1024K, 29 young (29696K), 4 survivors (4096K)
 Metaspace       used 40060K, committed 40256K, reserved 1114112K
  class space    used 4984K, committed 5056K, reserved 1048576K
}
Event: 2.088 GC heap after
{Heap after GC invocations=11 (full 0):
 garbage-first heap   total 75776K, used 29585K [0x0000000086200000, 0x0000000100000000)
  region size 1024K, 4 young (4096K), 4 survivors (4096K)
 Metaspace       used 40060K, committed 40256K, reserved 1114112K
  class space    used 4984K, committed 5056K, reserved 1048576K
}
Event: 2.459 GC heap before
{Heap before GC invocations=11 (full 0):
 garbage-first heap   total 75776K, used 52113K [0x0000000086200000, 0x0000000100000000)
  region size 1024K, 27 young (27648K), 4 survivors (4096K)
 Metaspace       used 44463K, committed 44736K, reserved 1114112K
  class space    used 5411K, committed 5504K, reserved 1048576K
}
Event: 2.467 GC heap after
{Heap after GC invocations=12 (full 0):
 garbage-first heap   total 75776K, used 33283K [0x0000000086200000, 0x0000000100000000)
  region size 1024K, 4 young (4096K), 4 survivors (4096K)
 Metaspace       used 44463K, committed 44736K, reserved 1114112K
  class space    used 5411K, committed 5504K, reserved 1048576K
}

Dll operation events (2 events):
Event: 0.004 Loaded shared library C:\Program Files\Android\Android Studio\jbr\bin\java.dll
Event: 1.120 Loaded shared library C:\Program Files\Android\Android Studio\jbr\bin\verify.dll

Deoptimization events (20 events):
Event: 2.562 Thread 0x00000296c1a83730 DEOPT PACKING pc=0x00000296ce3199e4 sp=0x000000b6e84fdf00
Event: 2.562 Thread 0x00000296c1a83730 DEOPT UNPACKING pc=0x00000296cdcb69a3 sp=0x000000b6e84fde28 mode 2
Event: 2.603 Thread 0x00000296c1a83730 Uncommon trap: trap_request=0xffffffc6 fr.pc=0x00000296ce31a588 relative=0x0000000000000628
Event: 2.603 Thread 0x00000296c1a83730 Uncommon trap: reason=bimorphic_or_optimized_type_check action=maybe_recompile pc=0x00000296ce31a588 method=org.jetbrains.kotlin.protobuf.CodedInputStream.tryRefillBuffer(I)Z @ 177 c2
Event: 2.603 Thread 0x00000296c1a83730 DEOPT PACKING pc=0x00000296ce31a588 sp=0x000000b6e84fd170
Event: 2.603 Thread 0x00000296c1a83730 DEOPT UNPACKING pc=0x00000296cdcb69a3 sp=0x000000b6e84fd058 mode 2
Event: 2.605 Thread 0x00000296c1a83730 Uncommon trap: trap_request=0xffffffc6 fr.pc=0x00000296ce31a588 relative=0x0000000000000628
Event: 2.605 Thread 0x00000296c1a83730 Uncommon trap: reason=bimorphic_or_optimized_type_check action=maybe_recompile pc=0x00000296ce31a588 method=org.jetbrains.kotlin.protobuf.CodedInputStream.tryRefillBuffer(I)Z @ 177 c2
Event: 2.605 Thread 0x00000296c1a83730 DEOPT PACKING pc=0x00000296ce31a588 sp=0x000000b6e84fd170
Event: 2.605 Thread 0x00000296c1a83730 DEOPT UNPACKING pc=0x00000296cdcb69a3 sp=0x000000b6e84fd058 mode 2
Event: 2.605 Thread 0x00000296c1a83730 Uncommon trap: trap_request=0xffffffc6 fr.pc=0x00000296ce31a588 relative=0x0000000000000628
Event: 2.605 Thread 0x00000296c1a83730 Uncommon trap: reason=bimorphic_or_optimized_type_check action=maybe_recompile pc=0x00000296ce31a588 method=org.jetbrains.kotlin.protobuf.CodedInputStream.tryRefillBuffer(I)Z @ 177 c2
Event: 2.605 Thread 0x00000296c1a83730 DEOPT PACKING pc=0x00000296ce31a588 sp=0x000000b6e84fd270
Event: 2.605 Thread 0x00000296c1a83730 DEOPT UNPACKING pc=0x00000296cdcb69a3 sp=0x000000b6e84fd158 mode 2
Event: 2.605 Thread 0x00000296c1a83730 Uncommon trap: trap_request=0xffffffc6 fr.pc=0x00000296ce31a588 relative=0x0000000000000628
Event: 2.605 Thread 0x00000296c1a83730 Uncommon trap: reason=bimorphic_or_optimized_type_check action=maybe_recompile pc=0x00000296ce31a588 method=org.jetbrains.kotlin.protobuf.CodedInputStream.tryRefillBuffer(I)Z @ 177 c2
Event: 2.605 Thread 0x00000296c1a83730 DEOPT PACKING pc=0x00000296ce31a588 sp=0x000000b6e84fd270
Event: 2.606 Thread 0x00000296c1a83730 DEOPT UNPACKING pc=0x00000296cdcb69a3 sp=0x000000b6e84fd158 mode 2
Event: 2.621 Thread 0x00000296c1a83730 DEOPT PACKING pc=0x00000296c6db0abb sp=0x000000b6e84fc270
Event: 2.621 Thread 0x00000296c1a83730 DEOPT UNPACKING pc=0x00000296cdcb7143 sp=0x000000b6e84fb6e0 mode 0

Classes unloaded (0 events):
No events

Classes redefined (0 events):
No events

Internal exceptions (20 events):
Event: 0.979 Thread 0x00000296c1a83730 Exception <a 'java/lang/NoSuchMethodError'{0x00000000880b3d58}: 'int java.lang.invoke.Invokers$Holder.invoke_MT(java.lang.Object, java.lang.Object, java.lang.Object, java.lang.Object)'> (0x00000000880b3d58) 
thrown [s\src\hotspot\share\interpreter\linkResolver.cpp, line 771]
Event: 0.980 Thread 0x00000296c1a83730 Exception <a 'java/lang/NoSuchMethodError'{0x00000000880c3380}: 'void java.lang.invoke.DelegatingMethodHandle$Holder.reinvoke_L(java.lang.Object, java.lang.Object, java.lang.Object, long, java.lang.Object)'> (0x00000000880c3380) 
thrown [s\src\hotspot\share\interpreter\linkResolver.cpp, line 771]
Event: 0.981 Thread 0x00000296c1a83730 Exception <a 'java/lang/NoSuchMethodError'{0x00000000880cafb8}: 'java.lang.Object java.lang.invoke.DirectMethodHandle$Holder.invokeSpecial(java.lang.Object, java.lang.Object, java.lang.Object, java.lang.Object, long)'> (0x00000000880cafb8) 
thrown [s\src\hotspot\share\interpreter\linkResolver.cpp, line 771]
Event: 0.982 Thread 0x00000296c1a83730 Exception <a 'java/lang/NoSuchMethodError'{0x00000000880da378}: 'int java.lang.invoke.DelegatingMethodHandle$Holder.reinvoke_L(java.lang.Object, java.lang.Object, java.lang.Object, long, java.lang.Object, java.lang.Object)'> (0x00000000880da378) 
thrown [s\src\hotspot\share\interpreter\linkResolver.cpp, line 771]
Event: 0.982 Thread 0x00000296c1a83730 Exception <a 'java/lang/NoSuchMethodError'{0x00000000880e8f08}: 'int java.lang.invoke.DelegatingMethodHandle$Holder.reinvoke_L(java.lang.Object, java.lang.Object, java.lang.Object, long, int, int)'> (0x00000000880e8f08) 
thrown [s\src\hotspot\share\interpreter\linkResolver.cpp, line 771]
Event: 0.983 Thread 0x00000296c1a83730 Exception <a 'java/lang/NoSuchMethodError'{0x00000000880f7840}: 'int java.lang.invoke.DelegatingMethodHandle$Holder.reinvoke_L(java.lang.Object, java.lang.Object, java.lang.Object, long, long, long)'> (0x00000000880f7840) 
thrown [s\src\hotspot\share\interpreter\linkResolver.cpp, line 771]
Event: 0.984 Thread 0x00000296c1a83730 Exception <a 'java/lang/NoSuchMethodError'{0x0000000087f065e8}: 'int java.lang.invoke.DelegatingMethodHandle$Holder.reinvoke_L(java.lang.Object, java.lang.Object, java.lang.Object, long, int)'> (0x0000000087f065e8) 
thrown [s\src\hotspot\share\interpreter\linkResolver.cpp, line 771]
Event: 0.996 Thread 0x00000296c1a83730 Exception <a 'java/lang/NoSuchMethodError'{0x0000000087faf570}: 'int java.lang.invoke.DirectMethodHandle$Holder.invokeStaticInit(java.lang.Object, java.lang.Object, java.lang.Object)'> (0x0000000087faf570) 
thrown [s\src\hotspot\share\interpreter\linkResolver.cpp, line 771]
Event: 0.998 Thread 0x00000296c1a83730 Exception <a 'java/lang/NoSuchMethodError'{0x0000000087fd73c8}: 'int java.lang.invoke.DirectMethodHandle$Holder.invokeStaticInit(java.lang.Object, java.lang.Object)'> (0x0000000087fd73c8) 
thrown [s\src\hotspot\share\interpreter\linkResolver.cpp, line 771]
Event: 1.008 Thread 0x00000296c1a83730 Exception <a 'java/lang/NoSuchMethodError'{0x0000000087eb5f38}: 'void java.lang.invoke.DirectMethodHandle$Holder.invokeSpecial(java.lang.Object, java.lang.Object, java.lang.Object)'> (0x0000000087eb5f38) 
thrown [s\src\hotspot\share\interpreter\linkResolver.cpp, line 771]
Event: 1.054 Thread 0x00000296c1a83730 Exception <a 'java/lang/NoSuchMethodError'{0x0000000087bddc28}: 'void java.lang.invoke.DirectMethodHandle$Holder.invokeStatic(java.lang.Object, java.lang.Object, java.lang.Object, java.lang.Object)'> (0x0000000087bddc28) 
thrown [s\src\hotspot\share\interpreter\linkResolver.cpp, line 771]
Event: 1.100 Thread 0x00000296c1a83730 Exception <a 'java/lang/NoSuchMethodError'{0x00000000877ada28}: 'void java.lang.invoke.DirectMethodHandle$Holder.invokeStaticInit(java.lang.Object, java.lang.Object)'> (0x00000000877ada28) 
thrown [s\src\hotspot\share\interpreter\linkResolver.cpp, line 771]
Event: 1.160 Thread 0x00000296c1a83730 Exception <a 'java/lang/NoSuchMethodError'{0x000000008727d818}: 'void java.lang.invoke.DirectMethodHandle$Holder.invokeVirtual(java.lang.Object, java.lang.Object)'> (0x000000008727d818) 
thrown [s\src\hotspot\share\interpreter\linkResolver.cpp, line 771]
Event: 1.165 Thread 0x00000296c1a83730 Exception <a 'java/lang/NoSuchMethodError'{0x00000000872c9e18}: 'int java.lang.invoke.DirectMethodHandle$Holder.invokeVirtual(java.lang.Object, java.lang.Object)'> (0x00000000872c9e18) 
thrown [s\src\hotspot\share\interpreter\linkResolver.cpp, line 771]
Event: 1.176 Thread 0x00000296c1a83730 Exception <a 'java/lang/NoSuchMethodError'{0x0000000087161c28}: 'java.lang.Object java.lang.invoke.Invokers$Holder.invokeExact_MT(java.lang.Object, java.lang.Object, java.lang.Object, java.lang.Object, java.lang.Object, java.lang.Object)'> (0x0000000087161c28) 
thrown [s\src\hotspot\share\interpreter\linkResolver.cpp, line 771]
Event: 1.658 Thread 0x00000296c1a83730 Implicit null exception at 0x00000296ce21a3f2 to 0x00000296ce21aa0c
Event: 1.754 Thread 0x00000296c1a83730 Implicit null exception at 0x00000296ce21b4f2 to 0x00000296ce21bb2c
Event: 1.790 Thread 0x00000296c1a83730 Exception <a 'java/lang/NoSuchMethodError'{0x0000000089cdd648}: 'java.lang.Object java.lang.invoke.DirectMethodHandle$Holder.invokeVirtual(java.lang.Object, java.lang.Object, java.lang.Object)'> (0x0000000089cdd648) 
thrown [s\src\hotspot\share\interpreter\linkResolver.cpp, line 771]
Event: 2.267 Thread 0x00000296c1a83730 Exception <a 'java/lang/NoSuchMethodError'{0x0000000089cc80f8}: 'java.lang.Object java.lang.invoke.DirectMethodHandle$Holder.newInvokeSpecial(java.lang.Object, java.lang.Object, int)'> (0x0000000089cc80f8) 
thrown [s\src\hotspot\share\interpreter\linkResolver.cpp, line 771]
Event: 2.348 Thread 0x00000296c1a83730 Implicit null exception at 0x00000296ce36864c to 0x00000296ce368740

VM Operations (20 events):
Event: 1.833 Executing VM operation: G1CollectForAllocation
Event: 1.840 Executing VM operation: G1CollectForAllocation done
Event: 2.046 Executing VM operation: HandshakeAllThreads
Event: 2.046 Executing VM operation: HandshakeAllThreads done
Event: 2.081 Executing VM operation: G1CollectForAllocation
Event: 2.088 Executing VM operation: G1CollectForAllocation done
Event: 2.308 Executing VM operation: HandshakeAllThreads
Event: 2.308 Executing VM operation: HandshakeAllThreads done
Event: 2.351 Executing VM operation: ICBufferFull
Event: 2.351 Executing VM operation: ICBufferFull done
Event: 2.459 Executing VM operation: G1CollectForAllocation
Event: 2.467 Executing VM operation: G1CollectForAllocation done
Event: 2.487 Executing VM operation: HandshakeAllThreads
Event: 2.487 Executing VM operation: HandshakeAllThreads done
Event: 2.506 Executing VM operation: HandshakeAllThreads
Event: 2.506 Executing VM operation: HandshakeAllThreads done
Event: 2.601 Executing VM operation: HandshakeAllThreads
Event: 2.601 Executing VM operation: HandshakeAllThreads done
Event: 2.605 Executing VM operation: HandshakeAllThreads
Event: 2.606 Executing VM operation: HandshakeAllThreads done

Events (20 events):
Event: 2.234 loading class java/util/PrimitiveIterator done
Event: 2.234 loading class java/util/PrimitiveIterator$OfInt done
Event: 2.247 loading class java/util/AbstractMap$SimpleImmutableEntry
Event: 2.247 loading class java/util/AbstractMap$SimpleImmutableEntry done
Event: 2.267 loading class java/util/function/IntUnaryOperator
Event: 2.267 loading class java/util/function/IntUnaryOperator done
Event: 2.468 loading class java/util/ConcurrentModificationException
Event: 2.468 loading class java/util/ConcurrentModificationException done
Event: 2.486 loading class java/util/regex/Pattern$StartS
Event: 2.486 loading class java/util/regex/Pattern$StartS done
Event: 2.486 loading class java/util/AbstractList$SubList$1
Event: 2.486 loading class java/util/AbstractList$SubList$1 done
Event: 2.487 loading class java/util/AbstractList$ListItr
Event: 2.487 loading class java/util/AbstractList$ListItr done
Event: 2.543 loading class java/text/StringCharacterIterator
Event: 2.543 loading class java/text/CharacterIterator
Event: 2.543 loading class java/text/CharacterIterator done
Event: 2.543 loading class java/text/StringCharacterIterator done
Event: 2.574 loading class java/lang/Override
Event: 2.575 loading class java/lang/Override done


Dynamic libraries:
0x00007ff7d9f50000 - 0x00007ff7d9f5a000 	C:\Program Files\Android\Android Studio\jbr\bin\java.exe
0x00007ffced110000 - 0x00007ffced308000 	C:\windows\SYSTEM32\ntdll.dll
0x00007ffceb800000 - 0x00007ffceb8bd000 	C:\windows\System32\KERNEL32.DLL
0x00007ffcea9a0000 - 0x00007ffceac96000 	C:\windows\System32\KERNELBASE.dll
0x00007ffcea810000 - 0x00007ffcea910000 	C:\windows\System32\ucrtbase.dll
0x00007ffcccec0000 - 0x00007ffccced7000 	C:\Program Files\Android\Android Studio\jbr\bin\jli.dll
0x00007ffce4180000 - 0x00007ffce419b000 	C:\Program Files\Android\Android Studio\jbr\bin\VCRUNTIME140.dll
0x00007ffcec290000 - 0x00007ffcec42e000 	C:\windows\System32\USER32.dll
0x00007ffcd5fd0000 - 0x00007ffcd626a000 	C:\windows\WinSxS\amd64_microsoft.windows.common-controls_6595b64144ccf1df_6.0.19041.3636_none_60b6a03d71f818d5\COMCTL32.dll
0x00007ffcea7e0000 - 0x00007ffcea802000 	C:\windows\System32\win32u.dll
0x00007ffcebb00000 - 0x00007ffcebb2c000 	C:\windows\System32\GDI32.dll
0x00007ffcec610000 - 0x00007ffcec6ae000 	C:\windows\System32\msvcrt.dll
0x00007ffceaee0000 - 0x00007ffceaffa000 	C:\windows\System32\gdi32full.dll
0x00007ffceb0c0000 - 0x00007ffceb15d000 	C:\windows\System32\msvcp_win.dll
0x00007ffcebad0000 - 0x00007ffcebb00000 	C:\windows\System32\IMM32.DLL
0x00007ffce2520000 - 0x00007ffce252c000 	C:\Program Files\Android\Android Studio\jbr\bin\vcruntime140_1.dll
0x00007ffca89a0000 - 0x00007ffca8a2d000 	C:\Program Files\Android\Android Studio\jbr\bin\msvcp140.dll
0x00007ffcafa90000 - 0x00007ffcb0713000 	C:\Program Files\Android\Android Studio\jbr\bin\server\jvm.dll
0x00007ffcec430000 - 0x00007ffcec4e3000 	C:\windows\System32\ADVAPI32.dll
0x00007ffcecf20000 - 0x00007ffcecfbf000 	C:\windows\System32\sechost.dll
0x00007ffceb6d0000 - 0x00007ffceb7f6000 	C:\windows\System32\RPCRT4.dll
0x00007ffceaeb0000 - 0x00007ffceaed7000 	C:\windows\System32\bcrypt.dll
0x00007ffce9f20000 - 0x00007ffce9f6b000 	C:\windows\SYSTEM32\POWRPROF.dll
0x00007ffccd0d0000 - 0x00007ffccd0d9000 	C:\windows\SYSTEM32\WSOCK32.dll
0x00007ffcce730000 - 0x00007ffcce757000 	C:\windows\SYSTEM32\WINMM.dll
0x00007ffcec6b0000 - 0x00007ffcec71b000 	C:\windows\System32\WS2_32.dll
0x00007ffcdf0b0000 - 0x00007ffcdf0ba000 	C:\windows\SYSTEM32\VERSION.dll
0x00007ffce9e70000 - 0x00007ffce9e82000 	C:\windows\SYSTEM32\UMPDC.dll
0x00007ffce9020000 - 0x00007ffce9032000 	C:\windows\SYSTEM32\kernel.appcore.dll
0x00007ffce24c0000 - 0x00007ffce24ca000 	C:\Program Files\Android\Android Studio\jbr\bin\jimage.dll
0x00007ffce83c0000 - 0x00007ffce85a4000 	C:\windows\SYSTEM32\DBGHELP.DLL
0x00007ffcc25e0000 - 0x00007ffcc2614000 	C:\windows\SYSTEM32\dbgcore.DLL
0x00007ffcea910000 - 0x00007ffcea992000 	C:\windows\System32\bcryptPrimitives.dll
0x00007ffcdf0f0000 - 0x00007ffcdf115000 	C:\Program Files\Android\Android Studio\jbr\bin\java.dll
0x00007ffcde780000 - 0x00007ffcde798000 	C:\Program Files\Android\Android Studio\jbr\bin\zip.dll
0x00007ffcec720000 - 0x00007ffcece65000 	C:\windows\System32\SHELL32.dll
0x00007ffce8870000 - 0x00007ffce900b000 	C:\windows\SYSTEM32\windows.storage.dll
0x00007ffceb1f0000 - 0x00007ffceb544000 	C:\windows\System32\combase.dll
0x00007ffcea210000 - 0x00007ffcea23d000 	C:\windows\SYSTEM32\Wldp.dll
0x00007ffcece70000 - 0x00007ffcecf1d000 	C:\windows\System32\SHCORE.dll
0x00007ffcebb30000 - 0x00007ffcebb85000 	C:\windows\System32\shlwapi.dll
0x00007ffcea710000 - 0x00007ffcea735000 	C:\windows\SYSTEM32\profapi.dll
0x00007ffcd5380000 - 0x00007ffcd5399000 	C:\Program Files\Android\Android Studio\jbr\bin\net.dll
0x00007ffce5440000 - 0x00007ffce554a000 	C:\windows\SYSTEM32\WINHTTP.dll
0x00007ffce9f70000 - 0x00007ffce9fda000 	C:\windows\system32\mswsock.dll
0x00007ffccfbe0000 - 0x00007ffccfbf6000 	C:\Program Files\Android\Android Studio\jbr\bin\nio.dll
0x00007ffcd5270000 - 0x00007ffcd5280000 	C:\Program Files\Android\Android Studio\jbr\bin\verify.dll

dbghelp: loaded successfully - version: 4.0.5 - missing functions: none
symbol engine: initialized successfully - sym options: 0x614 - pdb path: .;C:\Program Files\Android\Android Studio\jbr\bin;C:\windows\SYSTEM32;C:\windows\WinSxS\amd64_microsoft.windows.common-controls_6595b64144ccf1df_6.0.19041.3636_none_60b6a03d71f818d5;C:\Program Files\Android\Android Studio\jbr\bin\server

VM Arguments:
java_command: org.jetbrains.kotlin.cli.jvm.K2JVMCompiler @C:\Users\AVuser\Downloads\csci_5708_group_12g_project\app\build\20240329_10152503445214398923.compiler.options
java_class_path (initial): C:\Users\AVuser\.gradle\caches\modules-2\files-2.1\org.jetbrains.kotlin\kotlin-compiler-embeddable\1.9.0\2c8c3a7402becca891f12739b3e9fd2dc2adbd7a\kotlin-compiler-embeddable-1.9.0.jar;C:\Users\AVuser\.gradle\caches\modules-2\files-2.1\org.jetbrains.kotlin\kotlin-stdlib\1.9.0\8ee15ef0c67dc83d874f412d84378d7f0eb50b63\kotlin-stdlib-1.9.0.jar;C:\Users\AVuser\.gradle\caches\modules-2\files-2.1\org.jetbrains.kotlin\kotlin-script-runtime\1.9.0\4b3102cbbb7e1b58d9d1adf89563f00069ffa7d1\kotlin-script-runtime-1.9.0.jar;C:\Users\AVuser\.gradle\caches\modules-2\files-2.1\org.jetbrains.kotlin\kotlin-reflect\1.6.10\1cbe9c92c12a94eea200d23c2bbaedaf3daf5132\kotlin-reflect-1.6.10.jar;C:\Users\AVuser\.gradle\caches\modules-2\files-2.1\org.jetbrains.kotlin\kotlin-daemon-embeddable\1.9.0\186543f5e28cf8d9a0290fecc2cf34301c40a65c\kotlin-daemon-embeddable-1.9.0.jar;C:\Users\AVuser\.gradle\caches\modules-2\files-2.1\org.jetbrains.intellij.deps\trove4j\1.0.20200330\3afb14d5f9ceb459d724e907a21145e8ff394f02\trove4j-1.0.20200330.jar;C:\Users\AVuser\.gradle\caches\modules-2\files-2.1\org.jetbrains.kotlin\kotlin-stdlib-common\1.9.0\cd65c21cfd1eec4d44ef09f9f52b6d9f8a720636\kotlin-stdlib-common-1.9.0.jar;C:\Users\AVuser\.gradle\caches\modules-2\files-2.1\org.jetbrains\annotations\13.0\919f0dfe192fb4e063e7dacadee7f8bb9a2672a9\annotations-13.0.jar
Launcher Type: SUN_STANDARD

[Global flags]
     intx CICompilerCount                          = 4                                         {product} {ergonomic}
     uint ConcGCThreads                            = 2                                         {product} {ergonomic}
     uint G1ConcRefinementThreads                  = 8                                         {product} {ergonomic}
   size_t G1HeapRegionSize                         = 1048576                                   {product} {ergonomic}
    uintx GCDrainStackTargetSize                   = 64                                        {product} {ergonomic}
   size_t InitialHeapSize                          = 127926272                                 {product} {ergonomic}
   size_t MarkStackSize                            = 4194304                                   {product} {ergonomic}
   size_t MaxHeapSize                              = 2044723200                                {product} {ergonomic}
   size_t MaxNewSize                               = 1226833920                                {product} {ergonomic}
   size_t MinHeapDeltaBytes                        = 1048576                                   {product} {ergonomic}
   size_t MinHeapSize                              = 8388608                                   {product} {ergonomic}
    uintx NonNMethodCodeHeapSize                   = 5839372                                {pd product} {ergonomic}
    uintx NonProfiledCodeHeapSize                  = 122909434                              {pd product} {ergonomic}
    uintx ProfiledCodeHeapSize                     = 122909434                              {pd product} {ergonomic}
    uintx ReservedCodeCacheSize                    = 251658240                              {pd product} {ergonomic}
     bool SegmentedCodeCache                       = true                                      {product} {ergonomic}
   size_t SoftMaxHeapSize                          = 2044723200                             {manageable} {ergonomic}
     bool UseCompressedClassPointers               = true                           {product lp64_product} {ergonomic}
     bool UseCompressedOops                        = true                           {product lp64_product} {ergonomic}
     bool UseG1GC                                  = true                                      {product} {ergonomic}
     bool UseLargePagesIndividualAllocation        = false                                  {pd product} {ergonomic}

Logging:
Log output configuration:
 #0: stdout all=warning uptime,level,tags
 #1: stderr all=off uptime,level,tags

Environment Variables:
JAVA_HOME=C:\Program Files\AdoptOpenJDK\
PATH=C:\Program Files\Google\Chrome\Application;C:\Program Files\AdoptOpenJDK\bin;C:\Program Files (x86)\NVIDIA Corporation\PhysX\Common;C:\windows\system32;C:\windows;C:\windows\System32\Wbem;C:\windows\System32\WindowsPowerShell\v1.0\;C:\windows\System32\OpenSSH\;C:\Program Files\dotnet\;C:\Program Files\PuTTY\;C:\Program Files (x86)\Windows Kits\8.1\Windows Performance Toolkit\;c:\Program Files\MATLAB\R2023a\runtime\win64;c:\Program Files\MATLAB\R2023a\bin;C:\Program Files\SASHome\SASFoundation\9.4\core\sasexe;C:\Program Files\SASHome\SASFoundation\9.4\ets\sasexe;C:\Program Files\SASHome\SASFoundation\9.4\core\sasext;C:\Program Files\Microsoft SQL Server\150\Tools\Binn\;C:\texlive\2023\bin\windows;C:\Users\AVuser\AppData\Local\Programs\Python\Python311\Scripts\;C:\Users\AVuser\AppData\Local\Programs\Python\Python311\;C:\Users\AVuser\AppData\Local\Microsoft\WindowsApps;C:\Users\AVuser\AppData\Local\Programs\Microsoft VS Code\bin
USERNAME=AVuser
OS=Windows_NT
PROCESSOR_IDENTIFIER=Intel64 Family 6 Model 142 Stepping 12, GenuineIntel
TMP=C:\Users\AVuser\AppData\Local\Temp
TEMP=C:\Users\AVuser\AppData\Local\Temp



Periodic native trim disabled

JNI global refs:
JNI global refs: 10, weak refs: 8

JNI global refs memory usage: 843, weak refs: 841

OOME stack traces (most recent first):
Classloader memory used:
Loader jdk.internal.loader.ClassLoaders$AppClassLoader                                 : 4543K
Loader bootstrap                                                                       : 1313K
Loader java.net.URLClassLoader                                                         : 22495B
Loader jdk.internal.reflect.DelegatingClassLoader                                      : 7669B
Loader jdk.internal.loader.ClassLoaders$PlatformClassLoader                            : 2276B


---------------  S Y S T E M  ---------------

OS:
 Windows 10 , 64 bit Build 19041 (10.0.19041.3636)
OS uptime: 0 days 1:10 hours

CPU: total 8 (initial active 8) (4 cores per cpu, 2 threads per core) family 6 model 142 stepping 12 microcode 0xf8, cx8, cmov, fxsr, ht, mmx, 3dnowpref, sse, sse2, sse3, ssse3, sse4.1, sse4.2, popcnt, lzcnt, tsc, tscinvbit, avx, avx2, aes, erms, clmul, bmi1, bmi2, adx, fma, vzeroupper, clflush, clflushopt
Processor Information for all 8 processors :
  Max Mhz: 2208, Current Mhz: 1706, Mhz Limit: 1700

Memory: 4k page, system-wide physical 7792M (506M free)
TotalPageFile size 15984M (AvailPageFile size 5M)
current process WorkingSet (physical memory assigned to process): 200M, peak: 203M
current process commit charge ("private bytes"): 246M, peak: 250M

vm_info: OpenJDK 64-Bit Server VM (17.0.9+0--11185874) for windows-amd64 JRE (17.0.9+0--11185874), built on Dec  6 2023 18:57:44 by "androidbuild" with MS VC++ 16.10 / 16.11 (VS2019)

END.
