#
# There is insufficient memory for the Java Runtime Environment to continue.
# Native memory allocation (mmap) failed to map 127926272 bytes for G1 virtual space
# Possible reasons:
#   The system is out of physical RAM or swap space
#   The process is running with CompressedOops enabled, and the Java Heap may be blocking the growth of the native heap
# Possible solutions:
#   Reduce memory load on the system
#   Increase physical memory or swap space
#   Check if swap backing store is full
#   Decrease Java heap size (-Xmx/-Xms)
#   Decrease number of Java threads
#   Decrease Java thread stack sizes (-Xss)
#   Set larger code cache with -XX:ReservedCodeCacheSize=
#   JVM is running with Unscaled Compressed Oops mode in which the Java heap is
#     placed in the first 4GB address space. The Java Heap base address is the
#     maximum limit for the native heap growth. Please use -XX:HeapBaseMinAddress
#     to set the Java Heap base and to place the Java Heap above 4GB virtual address.
# This output file may be truncated or incomplete.
#
#  Out of Memory Error (os_windows.cpp:3825), pid=13956, tid=1164
#
# JRE version:  (17.0.9) (build )
# Java VM: OpenJDK 64-Bit Server VM (17.0.9+0--11185874, mixed mode, sharing, tiered, compressed oops, compressed class ptrs, g1 gc, windows-amd64)
# No core dump will be written. Minidumps are not enabled by default on client versions of Windows
#

---------------  S U M M A R Y ------------

Command Line: org.jetbrains.kotlin.cli.jvm.K2JVMCompiler @C:\Users\AVuser\Downloads\csci_5708_group_12g_project\app\build\20240329_9904455774154993500.compiler.options

Host: Intel(R) Core(TM) i5-10310U CPU @ 1.70GHz, 8 cores, 7G,  Windows 10 , 64 bit Build 19041 (10.0.19041.3636)
Time: Fri Mar 29 16:55:09 2024 Atlantic Daylight Time elapsed time: 0.019116 seconds (0d 0h 0m 0s)

---------------  T H R E A D  ---------------

Current thread (0x00000228f6c7fae0):  JavaThread "Unknown thread" [_thread_in_vm, id=1164, stack(0x00000063fa900000,0x00000063faa00000)]

Stack: [0x00000063fa900000,0x00000063faa00000]
Native frames: (J=compiled Java code, j=interpreted, Vv=VM code, C=native code)
V  [jvm.dll+0x6886e9]
V  [jvm.dll+0x841e4a]
V  [jvm.dll+0x843a8e]
V  [jvm.dll+0x8440f3]
V  [jvm.dll+0x24c14f]
V  [jvm.dll+0x685499]
V  [jvm.dll+0x679c2a]
V  [jvm.dll+0x30cf9b]
V  [jvm.dll+0x314446]
V  [jvm.dll+0x36425e]
V  [jvm.dll+0x36448f]
V  [jvm.dll+0x2e2d68]
V  [jvm.dll+0x2e3cd4]
V  [jvm.dll+0x8129f1]
V  [jvm.dll+0x3720c1]
V  [jvm.dll+0x7f152c]
V  [jvm.dll+0x3f5d4f]
V  [jvm.dll+0x3f7981]
C  [jli.dll+0x528f]
C  [ucrtbase.dll+0x21bb2]
C  [KERNEL32.DLL+0x17344]
C  [ntdll.dll+0x526b1]


---------------  P R O C E S S  ---------------

Threads class SMR info:
_java_thread_list=0x00007ffcb05cef18, length=0, elements={
}

Java Threads: ( => current thread )

Other Threads:
  0x00000228f6cd9690 GCTaskThread "GC Thread#0" [stack: 0x00000063faa00000,0x00000063fab00000] [id=3984]
  0x00000228f6ce98b0 ConcurrentGCThread "G1 Main Marker" [stack: 0x00000063fab00000,0x00000063fac00000] [id=3864]
  0x00000228f6cea1e0 ConcurrentGCThread "G1 Conc#0" [stack: 0x00000063fac00000,0x00000063fad00000] [id=7080]

[error occurred during error reporting (printing all threads), id 0xc0000005, EXCEPTION_ACCESS_VIOLATION (0xc0000005) at pc=0x00007ffcafd83937]

VM state: not at safepoint (not fully initialized)

VM Mutex/Monitor currently owned by a thread:  ([mutex/lock_event])
[0x00000228f6c7bae0] Heap_lock - owner thread: 0x00000228f6c7fae0

Heap address: 0x0000000086200000, size: 1950 MB, Compressed Oops mode: 32-bit

CDS archive(s) mapped at: [0x0000000000000000-0x0000000000000000-0x0000000000000000), size 0, SharedBaseAddress: 0x0000000800000000, ArchiveRelocationMode: 1.
Narrow klass base: 0x0000000000000000, Narrow klass shift: 0, Narrow klass range: 0x0

GC Precious Log:
<Empty>

Heap:
 garbage-first heap   total 0K, used 0K [0x0000000086200000, 0x0000000100000000)
  region size 1024K, 0 young (0K), 0 survivors (0K)
 Metaspace       used 0K, committed 0K, reserved 0K
  class space    used 0K, committed 0K, reserved 0K

Heap Regions: E=young(eden), S=young(survivor), O=old, HS=humongous(starts), HC=humongous(continues), CS=collection set, F=free, OA=open archive, CA=closed archive, TAMS=top-at-mark-start (previous, next)

Card table byte_map: [0x00000228fa860000,0x00000228fac30000] _byte_map_base: 0x00000228fa42f000

Marking Bits (Prev, Next): (CMBitMap*) 0x00000228f6cd9bc0, (CMBitMap*) 0x00000228f6cd9c00
 Prev Bits: [0x00000228fb000000, 0x00000228fce78000)
 Next Bits: [0x00000228fce80000, 0x00000228fecf8000)

GC Heap History (0 events):
No events

Dll operation events (1 events):
Event: 0.014 Loaded shared library C:\Program Files\Android\Android Studio\jbr\bin\java.dll

Deoptimization events (0 events):
No events

Classes unloaded (0 events):
No events

Classes redefined (0 events):
No events

Internal exceptions (0 events):
No events

VM Operations (0 events):
No events

Events (0 events):
No events


Dynamic libraries:
0x00007ff7d9f50000 - 0x00007ff7d9f5a000 	C:\Program Files\Android\Android Studio\jbr\bin\java.exe
0x00007ffced110000 - 0x00007ffced308000 	C:\windows\SYSTEM32\ntdll.dll
0x00007ffceb800000 - 0x00007ffceb8bd000 	C:\windows\System32\KERNEL32.DLL
0x00007ffcea9a0000 - 0x00007ffceac96000 	C:\windows\System32\KERNELBASE.dll
0x00007ffcea810000 - 0x00007ffcea910000 	C:\windows\System32\ucrtbase.dll
0x00007ffcccec0000 - 0x00007ffccced7000 	C:\Program Files\Android\Android Studio\jbr\bin\jli.dll
0x00007ffce4180000 - 0x00007ffce419b000 	C:\Program Files\Android\Android Studio\jbr\bin\VCRUNTIME140.dll
0x00007ffcec290000 - 0x00007ffcec42e000 	C:\windows\System32\USER32.dll
0x00007ffcea7e0000 - 0x00007ffcea802000 	C:\windows\System32\win32u.dll
0x00007ffcd5fd0000 - 0x00007ffcd626a000 	C:\windows\WinSxS\amd64_microsoft.windows.common-controls_6595b64144ccf1df_6.0.19041.3636_none_60b6a03d71f818d5\COMCTL32.dll
0x00007ffcebb00000 - 0x00007ffcebb2c000 	C:\windows\System32\GDI32.dll
0x00007ffcec610000 - 0x00007ffcec6ae000 	C:\windows\System32\msvcrt.dll
0x00007ffceaee0000 - 0x00007ffceaffa000 	C:\windows\System32\gdi32full.dll
0x00007ffceb0c0000 - 0x00007ffceb15d000 	C:\windows\System32\msvcp_win.dll
0x00007ffcebad0000 - 0x00007ffcebb00000 	C:\windows\System32\IMM32.DLL
0x00007ffce2520000 - 0x00007ffce252c000 	C:\Program Files\Android\Android Studio\jbr\bin\vcruntime140_1.dll
0x00007ffca89a0000 - 0x00007ffca8a2d000 	C:\Program Files\Android\Android Studio\jbr\bin\msvcp140.dll
0x00007ffcafa90000 - 0x00007ffcb0713000 	C:\Program Files\Android\Android Studio\jbr\bin\server\jvm.dll
0x00007ffcec430000 - 0x00007ffcec4e3000 	C:\windows\System32\ADVAPI32.dll
0x00007ffcecf20000 - 0x00007ffcecfbf000 	C:\windows\System32\sechost.dll
0x00007ffceb6d0000 - 0x00007ffceb7f6000 	C:\windows\System32\RPCRT4.dll
0x00007ffceaeb0000 - 0x00007ffceaed7000 	C:\windows\System32\bcrypt.dll
0x00007ffce9f20000 - 0x00007ffce9f6b000 	C:\windows\SYSTEM32\POWRPROF.dll
0x00007ffcce730000 - 0x00007ffcce757000 	C:\windows\SYSTEM32\WINMM.dll
0x00007ffccd0d0000 - 0x00007ffccd0d9000 	C:\windows\SYSTEM32\WSOCK32.dll
0x00007ffcdf0b0000 - 0x00007ffcdf0ba000 	C:\windows\SYSTEM32\VERSION.dll
0x00007ffcec6b0000 - 0x00007ffcec71b000 	C:\windows\System32\WS2_32.dll
0x00007ffce9e70000 - 0x00007ffce9e82000 	C:\windows\SYSTEM32\UMPDC.dll
0x00007ffce9020000 - 0x00007ffce9032000 	C:\windows\SYSTEM32\kernel.appcore.dll
0x00007ffce24c0000 - 0x00007ffce24ca000 	C:\Program Files\Android\Android Studio\jbr\bin\jimage.dll
0x00007ffce83c0000 - 0x00007ffce85a4000 	C:\windows\SYSTEM32\DBGHELP.DLL
0x00007ffcc25e0000 - 0x00007ffcc2614000 	C:\windows\SYSTEM32\dbgcore.DLL
0x00007ffcea910000 - 0x00007ffcea992000 	C:\windows\System32\bcryptPrimitives.dll
0x00007ffcdf0f0000 - 0x00007ffcdf115000 	C:\Program Files\Android\Android Studio\jbr\bin\java.dll

dbghelp: loaded successfully - version: 4.0.5 - missing functions: none
symbol engine: initialized successfully - sym options: 0x614 - pdb path: .;C:\Program Files\Android\Android Studio\jbr\bin;C:\windows\SYSTEM32;C:\windows\WinSxS\amd64_microsoft.windows.common-controls_6595b64144ccf1df_6.0.19041.3636_none_60b6a03d71f818d5;C:\Program Files\Android\Android Studio\jbr\bin\server

VM Arguments:
java_command: org.jetbrains.kotlin.cli.jvm.K2JVMCompiler @C:\Users\AVuser\Downloads\csci_5708_group_12g_project\app\build\20240329_9904455774154993500.compiler.options
java_class_path (initial): C:\Users\AVuser\.gradle\caches\modules-2\files-2.1\org.jetbrains.kotlin\kotlin-compiler-embeddable\1.9.0\2c8c3a7402becca891f12739b3e9fd2dc2adbd7a\kotlin-compiler-embeddable-1.9.0.jar;C:\Users\AVuser\.gradle\caches\modules-2\files-2.1\org.jetbrains.kotlin\kotlin-stdlib\1.9.0\8ee15ef0c67dc83d874f412d84378d7f0eb50b63\kotlin-stdlib-1.9.0.jar;C:\Users\AVuser\.gradle\caches\modules-2\files-2.1\org.jetbrains.kotlin\kotlin-script-runtime\1.9.0\4b3102cbbb7e1b58d9d1adf89563f00069ffa7d1\kotlin-script-runtime-1.9.0.jar;C:\Users\AVuser\.gradle\caches\modules-2\files-2.1\org.jetbrains.kotlin\kotlin-reflect\1.6.10\1cbe9c92c12a94eea200d23c2bbaedaf3daf5132\kotlin-reflect-1.6.10.jar;C:\Users\AVuser\.gradle\caches\modules-2\files-2.1\org.jetbrains.kotlin\kotlin-daemon-embeddable\1.9.0\186543f5e28cf8d9a0290fecc2cf34301c40a65c\kotlin-daemon-embeddable-1.9.0.jar;C:\Users\AVuser\.gradle\caches\modules-2\files-2.1\org.jetbrains.intellij.deps\trove4j\1.0.20200330\3afb14d5f9ceb459d724e907a21145e8ff394f02\trove4j-1.0.20200330.jar;C:\Users\AVuser\.gradle\caches\modules-2\files-2.1\org.jetbrains.kotlin\kotlin-stdlib-common\1.9.0\cd65c21cfd1eec4d44ef09f9f52b6d9f8a720636\kotlin-stdlib-common-1.9.0.jar;C:\Users\AVuser\.gradle\caches\modules-2\files-2.1\org.jetbrains\annotations\13.0\919f0dfe192fb4e063e7dacadee7f8bb9a2672a9\annotations-13.0.jar
Launcher Type: SUN_STANDARD

[Global flags]
     intx CICompilerCount                          = 4                                         {product} {ergonomic}
     uint ConcGCThreads                            = 2                                         {product} {ergonomic}
     uint G1ConcRefinementThreads                  = 8                                         {product} {ergonomic}
   size_t G1HeapRegionSize                         = 1048576                                   {product} {ergonomic}
    uintx GCDrainStackTargetSize                   = 64                                        {product} {ergonomic}
   size_t InitialHeapSize                          = 127926272                                 {product} {ergonomic}
   size_t MarkStackSize                            = 4194304                                   {product} {ergonomic}
   size_t MaxHeapSize                              = 2044723200                                {product} {ergonomic}
   size_t MinHeapDeltaBytes                        = 1048576                                   {product} {ergonomic}
   size_t MinHeapSize                              = 8388608                                   {product} {ergonomic}
    uintx NonNMethodCodeHeapSize                   = 5839372                                {pd product} {ergonomic}
    uintx NonProfiledCodeHeapSize                  = 122909434                              {pd product} {ergonomic}
    uintx ProfiledCodeHeapSize                     = 122909434                              {pd product} {ergonomic}
    uintx ReservedCodeCacheSize                    = 251658240                              {pd product} {ergonomic}
     bool SegmentedCodeCache                       = true                                      {product} {ergonomic}
   size_t SoftMaxHeapSize                          = 2044723200                             {manageable} {ergonomic}
     bool UseCompressedClassPointers               = true                           {product lp64_product} {ergonomic}
     bool UseCompressedOops                        = true                           {product lp64_product} {ergonomic}
     bool UseG1GC                                  = true                                      {product} {ergonomic}
     bool UseLargePagesIndividualAllocation        = false                                  {pd product} {ergonomic}

Logging:
Log output configuration:
 #0: stdout all=warning uptime,level,tags
 #1: stderr all=off uptime,level,tags

Environment Variables:
JAVA_HOME=C:\Program Files\AdoptOpenJDK\
PATH=C:\Program Files\Google\Chrome\Application;C:\Program Files\AdoptOpenJDK\bin;C:\Program Files (x86)\NVIDIA Corporation\PhysX\Common;C:\windows\system32;C:\windows;C:\windows\System32\Wbem;C:\windows\System32\WindowsPowerShell\v1.0\;C:\windows\System32\OpenSSH\;C:\Program Files\dotnet\;C:\Program Files\PuTTY\;C:\Program Files (x86)\Windows Kits\8.1\Windows Performance Toolkit\;c:\Program Files\MATLAB\R2023a\runtime\win64;c:\Program Files\MATLAB\R2023a\bin;C:\Program Files\SASHome\SASFoundation\9.4\core\sasexe;C:\Program Files\SASHome\SASFoundation\9.4\ets\sasexe;C:\Program Files\SASHome\SASFoundation\9.4\core\sasext;C:\Program Files\Microsoft SQL Server\150\Tools\Binn\;C:\texlive\2023\bin\windows;C:\Users\AVuser\AppData\Local\Programs\Python\Python311\Scripts\;C:\Users\AVuser\AppData\Local\Programs\Python\Python311\;C:\Users\AVuser\AppData\Local\Microsoft\WindowsApps;C:\Users\AVuser\AppData\Local\Programs\Microsoft VS Code\bin
USERNAME=AVuser
OS=Windows_NT
PROCESSOR_IDENTIFIER=Intel64 Family 6 Model 142 Stepping 12, GenuineIntel
TMP=C:\Users\AVuser\AppData\Local\Temp
TEMP=C:\Users\AVuser\AppData\Local\Temp



Periodic native trim disabled

JNI global refs:
JNI global refs: 0, weak refs: 0

JNI global refs memory usage: 0, weak refs: 0

OOME stack traces (most recent first):
Classloader memory used:


---------------  S Y S T E M  ---------------

OS:
 Windows 10 , 64 bit Build 19041 (10.0.19041.3636)
OS uptime: 0 days 1:01 hours

CPU: total 8 (initial active 8) (4 cores per cpu, 2 threads per core) family 6 model 142 stepping 12 microcode 0xf8, cx8, cmov, fxsr, ht, mmx, 3dnowpref, sse, sse2, sse3, ssse3, sse4.1, sse4.2, popcnt, lzcnt, tsc, tscinvbit, avx, avx2, aes, erms, clmul, bmi1, bmi2, adx, fma, vzeroupper, clflush, clflushopt
Processor Information for all 8 processors :
  Max Mhz: 2208, Current Mhz: 1706, Mhz Limit: 1700

Memory: 4k page, system-wide physical 7792M (155M free)
TotalPageFile size 15984M (AvailPageFile size 92M)
current process WorkingSet (physical memory assigned to process): 10M, peak: 10M
current process commit charge ("private bytes"): 60M, peak: 182M

vm_info: OpenJDK 64-Bit Server VM (17.0.9+0--11185874) for windows-amd64 JRE (17.0.9+0--11185874), built on Dec  6 2023 18:57:44 by "androidbuild" with MS VC++ 16.10 / 16.11 (VS2019)

END.
