#
# There is insufficient memory for the Java Runtime Environment to continue.
# Native memory allocation (mmap) failed to map 245366784 bytes for G1 virtual space
# Possible reasons:
#   The system is out of physical RAM or swap space
#   The process is running with CompressedOops enabled, and the Java Heap may be blocking the growth of the native heap
# Possible solutions:
#   Reduce memory load on the system
#   Increase physical memory or swap space
#   Check if swap backing store is full
#   Decrease Java heap size (-Xmx/-Xms)
#   Decrease number of Java threads
#   Decrease Java thread stack sizes (-Xss)
#   Set larger code cache with -XX:ReservedCodeCacheSize=
#   JVM is running with Unscaled Compressed Oops mode in which the Java heap is
#     placed in the first 4GB address space. The Java Heap base address is the
#     maximum limit for the native heap growth. Please use -XX:HeapBaseMinAddress
#     to set the Java Heap base and to place the Java Heap above 4GB virtual address.
# This output file may be truncated or incomplete.
#
#  Out of Memory Error (os_windows.cpp:3825), pid=4776, tid=6028
#
# JRE version: OpenJDK Runtime Environment (17.0.9) (build 17.0.9+0--11185874)
# Java VM: OpenJDK 64-Bit Server VM (17.0.9+0--11185874, mixed mode, tiered, compressed oops, compressed class ptrs, g1 gc, windows-amd64)
# No core dump will be written. Minidumps are not enabled by default on client versions of Windows
#

---------------  S U M M A R Y ------------

Command Line: org.jetbrains.kotlin.cli.jvm.K2JVMCompiler @C:\Users\AVuser\Downloads\csci_5708_group_12g_project\app\build\20240329_9611280008236988305.compiler.options

Host: Intel(R) Core(TM) i5-10310U CPU @ 1.70GHz, 8 cores, 7G,  Windows 10 , 64 bit Build 19041 (10.0.19041.3636)
Time: Fri Mar 29 16:45:36 2024 Atlantic Daylight Time elapsed time: 11.217630 seconds (0d 0h 0m 11s)

---------------  T H R E A D  ---------------

Current thread (0x000001ff6d020a10):  VMThread "VM Thread" [stack: 0x000000cb84f00000,0x000000cb85000000] [id=6028]

Stack: [0x000000cb84f00000,0x000000cb85000000]
Native frames: (J=compiled Java code, j=interpreted, Vv=VM code, C=native code)
V  [jvm.dll+0x6886e9]
V  [jvm.dll+0x841e4a]
V  [jvm.dll+0x843a8e]
V  [jvm.dll+0x8440f3]
V  [jvm.dll+0x24c14f]
V  [jvm.dll+0x685499]
V  [jvm.dll+0x679c2a]
V  [jvm.dll+0x30cf9b]
V  [jvm.dll+0x314446]
V  [jvm.dll+0x36425e]
V  [jvm.dll+0x36448f]
V  [jvm.dll+0x2e2d68]
V  [jvm.dll+0x2e0f44]
V  [jvm.dll+0x2e054c]
V  [jvm.dll+0x3253fb]
V  [jvm.dll+0x8487eb]
V  [jvm.dll+0x849531]
V  [jvm.dll+0x849a4d]
V  [jvm.dll+0x849e24]
V  [jvm.dll+0x849ef0]
V  [jvm.dll+0x7f06aa]
V  [jvm.dll+0x687565]
C  [ucrtbase.dll+0x21bb2]
C  [KERNEL32.DLL+0x17344]
C  [ntdll.dll+0x526b1]

VM_Operation (0x000000cb849fc9a0): G1CollectForAllocation, mode: safepoint, requested by thread 0x000001ff4f0e1d10


---------------  P R O C E S S  ---------------

Threads class SMR info:
_java_thread_list=0x000001ff704a6e90, length=14, elements={
0x000001ff4f0e1d10, 0x000001ff688b5180, 0x000001ff688b5d10, 0x000001ff6d05dbe0,
0x000001ff6d05f4c0, 0x000001ff6d05fd90, 0x000001ff6d060660, 0x000001ff6d061310,
0x000001ff6d0651d0, 0x000001ff6d089800, 0x000001ff6d1dcf40, 0x000001ff6d1ec210,
0x000001ff6ef84070, 0x000001ff6f1d5a10
}

Java Threads: ( => current thread )
  0x000001ff4f0e1d10 JavaThread "main" [_thread_blocked, id=3092, stack(0x000000cb84900000,0x000000cb84a00000)]
  0x000001ff688b5180 JavaThread "Reference Handler" daemon [_thread_blocked, id=2136, stack(0x000000cb85000000,0x000000cb85100000)]
  0x000001ff688b5d10 JavaThread "Finalizer" daemon [_thread_blocked, id=6672, stack(0x000000cb85100000,0x000000cb85200000)]
  0x000001ff6d05dbe0 JavaThread "Signal Dispatcher" daemon [_thread_blocked, id=9580, stack(0x000000cb85200000,0x000000cb85300000)]
  0x000001ff6d05f4c0 JavaThread "Attach Listener" daemon [_thread_blocked, id=8152, stack(0x000000cb85300000,0x000000cb85400000)]
  0x000001ff6d05fd90 JavaThread "Service Thread" daemon [_thread_blocked, id=1944, stack(0x000000cb85400000,0x000000cb85500000)]
  0x000001ff6d060660 JavaThread "Monitor Deflation Thread" daemon [_thread_blocked, id=6432, stack(0x000000cb85500000,0x000000cb85600000)]
  0x000001ff6d061310 JavaThread "C2 CompilerThread0" daemon [_thread_in_native, id=4460, stack(0x000000cb85600000,0x000000cb85700000)]
  0x000001ff6d0651d0 JavaThread "C1 CompilerThread0" daemon [_thread_blocked, id=3012, stack(0x000000cb85700000,0x000000cb85800000)]
  0x000001ff6d089800 JavaThread "Sweeper thread" daemon [_thread_blocked, id=4652, stack(0x000000cb85800000,0x000000cb85900000)]
  0x000001ff6d1dcf40 JavaThread "Notification Thread" daemon [_thread_blocked, id=2652, stack(0x000000cb85900000,0x000000cb85a00000)]
  0x000001ff6d1ec210 JavaThread "Common-Cleaner" daemon [_thread_blocked, id=1768, stack(0x000000cb85b00000,0x000000cb85c00000)]
  0x000001ff6ef84070 JavaThread "C2 CompilerThread1" daemon [_thread_blocked, id=3992, stack(0x000000cb86400000,0x000000cb86500000)]
  0x000001ff6f1d5a10 JavaThread "C2 CompilerThread2" daemon [_thread_blocked, id=8484, stack(0x000000cb86600000,0x000000cb86700000)]

Other Threads:
=>0x000001ff6d020a10 VMThread "VM Thread" [stack: 0x000000cb84f00000,0x000000cb85000000] [id=6028]
  0x000001ff6d1e1640 WatcherThread [stack: 0x000000cb85a00000,0x000000cb85b00000] [id=11924]
  0x000001ff4f138920 GCTaskThread "GC Thread#0" [stack: 0x000000cb84a00000,0x000000cb84b00000] [id=3660]
  0x000001ff6d6ff4b0 GCTaskThread "GC Thread#1" [stack: 0x000000cb85c00000,0x000000cb85d00000] [id=32]
  0x000001ff6d7d07c0 GCTaskThread "GC Thread#2" [stack: 0x000000cb85d00000,0x000000cb85e00000] [id=12216]
  0x000001ff6d804040 GCTaskThread "GC Thread#3" [stack: 0x000000cb85e00000,0x000000cb85f00000] [id=3692]
  0x000001ff6d804300 GCTaskThread "GC Thread#4" [stack: 0x000000cb85f00000,0x000000cb86000000] [id=9340]
  0x000001ff6dd82c70 GCTaskThread "GC Thread#5" [stack: 0x000000cb86000000,0x000000cb86100000] [id=13508]
  0x000001ff6dc63fc0 GCTaskThread "GC Thread#6" [stack: 0x000000cb86100000,0x000000cb86200000] [id=14004]
  0x000001ff6dbaf050 GCTaskThread "GC Thread#7" [stack: 0x000000cb86200000,0x000000cb86300000] [id=7900]
  0x000001ff4f148b40 ConcurrentGCThread "G1 Main Marker" [stack: 0x000000cb84b00000,0x000000cb84c00000] [id=13088]
  0x000001ff4f149c10 ConcurrentGCThread "G1 Conc#0" [stack: 0x000000cb84c00000,0x000000cb84d00000] [id=14300]
  0x000001ff6dbaf720 ConcurrentGCThread "G1 Conc#1" [stack: 0x000000cb86300000,0x000000cb86400000] [id=10720]
  0x000001ff4f19e4d0 ConcurrentGCThread "G1 Refine#0" [stack: 0x000000cb84d00000,0x000000cb84e00000] [id=8940]
  0x000001ff6df99030 ConcurrentGCThread "G1 Refine#1" [stack: 0x000000cb86500000,0x000000cb86600000] [id=8492]
  0x000001ff4f19ebb0 ConcurrentGCThread "G1 Service" [stack: 0x000000cb84e00000,0x000000cb84f00000] [id=2400]

Threads with active compile tasks:
C2 CompilerThread0    11249 5299   !   4       org.jetbrains.kotlin.metadata.ProtoBuf$Type::<init> (875 bytes)
C2 CompilerThread1    11249 5307   !   4       org.jetbrains.kotlin.metadata.ProtoBuf$ValueParameter::<init> (513 bytes)
C2 CompilerThread2    11249 5242       4       org.jetbrains.kotlin.com.intellij.lang.impl.PsiBuilderAdapter::advanceLexer (10 bytes)

VM state: at safepoint (normal execution)

VM Mutex/Monitor currently owned by a thread:  ([mutex/lock_event])
[0x000001ff4f0e0bc0] Threads_lock - owner thread: 0x000001ff6d020a10
[0x000001ff4f0e0d70] Heap_lock - owner thread: 0x000001ff4f0e1d10

Heap address: 0x0000000086200000, size: 1950 MB, Compressed Oops mode: 32-bit

CDS archive(s) not mapped
Compressed class space mapped at: 0x0000000100000000-0x0000000140000000, reserved size: 1073741824
Narrow klass base: 0x0000000000000000, Narrow klass shift: 3, Narrow klass range: 0x140000000

GC Precious Log:
 CPUs: 8 total, 8 available
 Memory: 7792M
 Large Page Support: Disabled
 NUMA Support: Disabled
 Compressed Oops: Enabled (32-bit)
 Heap Region Size: 1M
 Heap Min Capacity: 8M
 Heap Initial Capacity: 122M
 Heap Max Capacity: 1950M
 Pre-touch: Disabled
 Parallel Workers: 8
 Concurrent Workers: 2
 Concurrent Refinement Workers: 8
 Periodic GC: Disabled

Heap:
 garbage-first heap   total 161792K, used 78848K [0x0000000086200000, 0x0000000100000000)
  region size 1024K, 8 young (8192K), 8 survivors (8192K)
 Metaspace       used 51541K, committed 51776K, reserved 1114112K
  class space    used 6185K, committed 6336K, reserved 1048576K

Heap Regions: E=young(eden), S=young(survivor), O=old, HS=humongous(starts), HC=humongous(continues), CS=collection set, F=free, OA=open archive, CA=closed archive, TAMS=top-at-mark-start (previous, next)
|   0|0x0000000086200000, 0x0000000086300000, 0x0000000086300000|100%|HS|  |TAMS 0x0000000086300000, 0x0000000086200000| Complete 
|   1|0x0000000086300000, 0x0000000086400000, 0x0000000086400000|100%|HC|  |TAMS 0x0000000086400000, 0x0000000086300000| Complete 
|   2|0x0000000086400000, 0x0000000086500000, 0x0000000086500000|100%|HC|  |TAMS 0x0000000086500000, 0x0000000086400000| Complete 
|   3|0x0000000086500000, 0x0000000086600000, 0x0000000086600000|100%|HC|  |TAMS 0x0000000086600000, 0x0000000086500000| Complete 
|   4|0x0000000086600000, 0x0000000086700000, 0x0000000086700000|100%| O|  |TAMS 0x0000000086700000, 0x0000000086600000| Untracked 
|   5|0x0000000086700000, 0x0000000086800000, 0x0000000086800000|100%| O|  |TAMS 0x0000000086800000, 0x0000000086700000| Untracked 
|   6|0x0000000086800000, 0x0000000086900000, 0x0000000086900000|100%| O|  |TAMS 0x0000000086900000, 0x0000000086800000| Untracked 
|   7|0x0000000086900000, 0x0000000086a00000, 0x0000000086a00000|100%| O|  |TAMS 0x0000000086a00000, 0x0000000086900000| Untracked 
|   8|0x0000000086a00000, 0x0000000086b00000, 0x0000000086b00000|100%| O|  |TAMS 0x0000000086a00000, 0x0000000086a00000| Untracked 
|   9|0x0000000086b00000, 0x0000000086c00000, 0x0000000086c00000|100%| O|  |TAMS 0x0000000086c00000, 0x0000000086b00000| Untracked 
|  10|0x0000000086c00000, 0x0000000086d00000, 0x0000000086d00000|100%| O|  |TAMS 0x0000000086d00000, 0x0000000086c00000| Untracked 
|  11|0x0000000086d00000, 0x0000000086e00000, 0x0000000086e00000|100%| O|  |TAMS 0x0000000086e00000, 0x0000000086d00000| Untracked 
|  12|0x0000000086e00000, 0x0000000086f00000, 0x0000000086f00000|100%| O|  |TAMS 0x0000000086f00000, 0x0000000086e00000| Untracked 
|  13|0x0000000086f00000, 0x0000000087000000, 0x0000000087000000|100%| O|  |TAMS 0x0000000087000000, 0x0000000086f00000| Untracked 
|  14|0x0000000087000000, 0x0000000087100000, 0x0000000087100000|100%| O|  |TAMS 0x0000000087100000, 0x0000000087000000| Untracked 
|  15|0x0000000087100000, 0x0000000087200000, 0x0000000087200000|100%| O|  |TAMS 0x0000000087200000, 0x0000000087100000| Untracked 
|  16|0x0000000087200000, 0x0000000087300000, 0x0000000087300000|100%| O|  |TAMS 0x0000000087300000, 0x0000000087200000| Untracked 
|  17|0x0000000087300000, 0x0000000087400000, 0x0000000087400000|100%| O|  |TAMS 0x0000000087400000, 0x0000000087300000| Untracked 
|  18|0x0000000087400000, 0x0000000087500000, 0x0000000087500000|100%| O|  |TAMS 0x0000000087500000, 0x0000000087400000| Untracked 
|  19|0x0000000087500000, 0x0000000087600000, 0x0000000087600000|100%| O|  |TAMS 0x0000000087600000, 0x0000000087500000| Untracked 
|  20|0x0000000087600000, 0x0000000087700000, 0x0000000087700000|100%| O|  |TAMS 0x0000000087700000, 0x0000000087600000| Untracked 
|  21|0x0000000087700000, 0x0000000087800000, 0x0000000087800000|100%| O|  |TAMS 0x0000000087800000, 0x0000000087700000| Untracked 
|  22|0x0000000087800000, 0x0000000087900000, 0x0000000087900000|100%| O|  |TAMS 0x0000000087900000, 0x0000000087800000| Untracked 
|  23|0x0000000087900000, 0x0000000087a00000, 0x0000000087a00000|100%| O|  |TAMS 0x0000000087a00000, 0x0000000087900000| Untracked 
|  24|0x0000000087a00000, 0x0000000087b00000, 0x0000000087b00000|100%| O|  |TAMS 0x0000000087b00000, 0x0000000087a00000| Untracked 
|  25|0x0000000087b00000, 0x0000000087c00000, 0x0000000087c00000|100%| O|  |TAMS 0x0000000087c00000, 0x0000000087b00000| Untracked 
|  26|0x0000000087c00000, 0x0000000087d00000, 0x0000000087d00000|100%| O|  |TAMS 0x0000000087d00000, 0x0000000087c00000| Untracked 
|  27|0x0000000087d00000, 0x0000000087e00000, 0x0000000087e00000|100%| O|  |TAMS 0x0000000087e00000, 0x0000000087d00000| Untracked 
|  28|0x0000000087e00000, 0x0000000087f00000, 0x0000000087f00000|100%|HS|  |TAMS 0x0000000087f00000, 0x0000000087e00000| Complete 
|  29|0x0000000087f00000, 0x0000000088000000, 0x0000000088000000|100%|HC|  |TAMS 0x0000000088000000, 0x0000000087f00000| Complete 
|  30|0x0000000088000000, 0x0000000088100000, 0x0000000088100000|100%| O|  |TAMS 0x0000000088100000, 0x0000000088000000| Untracked 
|  31|0x0000000088100000, 0x0000000088200000, 0x0000000088200000|100%| O|  |TAMS 0x0000000088200000, 0x0000000088100000| Untracked 
|  32|0x0000000088200000, 0x0000000088300000, 0x0000000088300000|100%| O|  |TAMS 0x0000000088300000, 0x0000000088200000| Untracked 
|  33|0x0000000088300000, 0x0000000088400000, 0x0000000088400000|100%| O|  |TAMS 0x0000000088400000, 0x0000000088300000| Untracked 
|  34|0x0000000088400000, 0x0000000088500000, 0x0000000088500000|100%| O|  |TAMS 0x0000000088500000, 0x0000000088400000| Untracked 
|  35|0x0000000088500000, 0x0000000088600000, 0x0000000088600000|100%| O|  |TAMS 0x0000000088600000, 0x0000000088500000| Untracked 
|  36|0x0000000088600000, 0x0000000088700000, 0x0000000088700000|100%| O|  |TAMS 0x0000000088686800, 0x0000000088600000| Untracked 
|  37|0x0000000088700000, 0x0000000088800000, 0x0000000088800000|100%| O|  |TAMS 0x0000000088700000, 0x0000000088700000| Untracked 
|  38|0x0000000088800000, 0x0000000088900000, 0x0000000088900000|100%| O|  |TAMS 0x0000000088800000, 0x0000000088800000| Untracked 
|  39|0x0000000088900000, 0x0000000088a00000, 0x0000000088a00000|100%| O|  |TAMS 0x0000000088900000, 0x0000000088900000| Untracked 
|  40|0x0000000088a00000, 0x0000000088b00000, 0x0000000088b00000|100%| O|  |TAMS 0x0000000088a00000, 0x0000000088a00000| Untracked 
|  41|0x0000000088b00000, 0x0000000088c00000, 0x0000000088c00000|100%| O|  |TAMS 0x0000000088b00000, 0x0000000088b00000| Untracked 
|  42|0x0000000088c00000, 0x0000000088d00000, 0x0000000088d00000|100%| O|  |TAMS 0x0000000088c00000, 0x0000000088c00000| Untracked 
|  43|0x0000000088d00000, 0x0000000088e00000, 0x0000000088e00000|100%| O|  |TAMS 0x0000000088d00000, 0x0000000088d00000| Untracked 
|  44|0x0000000088e00000, 0x0000000088f00000, 0x0000000088f00000|100%| O|  |TAMS 0x0000000088e00000, 0x0000000088e00000| Untracked 
|  45|0x0000000088f00000, 0x0000000089000000, 0x0000000089000000|100%|HS|  |TAMS 0x0000000088f00000, 0x0000000088f00000| Complete 
|  46|0x0000000089000000, 0x0000000089100000, 0x0000000089100000|100%|HC|  |TAMS 0x0000000089000000, 0x0000000089000000| Complete 
|  47|0x0000000089100000, 0x0000000089200000, 0x0000000089200000|100%| O|  |TAMS 0x0000000089100000, 0x0000000089100000| Untracked 
|  48|0x0000000089200000, 0x0000000089300000, 0x0000000089300000|100%| O|  |TAMS 0x0000000089200000, 0x0000000089200000| Untracked 
|  49|0x0000000089300000, 0x0000000089400000, 0x0000000089400000|100%| O|  |TAMS 0x0000000089300000, 0x0000000089300000| Untracked 
|  50|0x0000000089400000, 0x0000000089500000, 0x0000000089500000|100%| O|  |TAMS 0x0000000089400000, 0x0000000089400000| Untracked 
|  51|0x0000000089500000, 0x0000000089600000, 0x0000000089600000|100%| O|  |TAMS 0x0000000089500000, 0x0000000089500000| Untracked 
|  52|0x0000000089600000, 0x0000000089700000, 0x0000000089700000|100%| O|  |TAMS 0x0000000089600000, 0x0000000089600000| Untracked 
|  53|0x0000000089700000, 0x0000000089800000, 0x0000000089800000|100%| O|  |TAMS 0x0000000089700000, 0x0000000089700000| Untracked 
|  54|0x0000000089800000, 0x0000000089900000, 0x0000000089900000|100%| O|  |TAMS 0x0000000089800000, 0x0000000089800000| Untracked 
|  55|0x0000000089900000, 0x0000000089a00000, 0x0000000089a00000|100%| O|  |TAMS 0x0000000089900000, 0x0000000089900000| Untracked 
|  56|0x0000000089a00000, 0x0000000089b00000, 0x0000000089b00000|100%| O|  |TAMS 0x0000000089a00000, 0x0000000089a00000| Untracked 
|  57|0x0000000089b00000, 0x0000000089c00000, 0x0000000089c00000|100%| O|  |TAMS 0x0000000089b00000, 0x0000000089b00000| Untracked 
|  58|0x0000000089c00000, 0x0000000089d00000, 0x0000000089d00000|100%| O|  |TAMS 0x0000000089c00000, 0x0000000089c00000| Untracked 
|  59|0x0000000089d00000, 0x0000000089e00000, 0x0000000089e00000|100%| O|  |TAMS 0x0000000089d00000, 0x0000000089d00000| Untracked 
|  60|0x0000000089e00000, 0x0000000089f00000, 0x0000000089f00000|100%| O|  |TAMS 0x0000000089e00000, 0x0000000089e00000| Untracked 
|  61|0x0000000089f00000, 0x000000008a000000, 0x000000008a000000|100%| O|  |TAMS 0x0000000089f00000, 0x0000000089f00000| Untracked 
|  62|0x000000008a000000, 0x000000008a100000, 0x000000008a100000|100%| O|  |TAMS 0x000000008a000000, 0x000000008a000000| Untracked 
|  63|0x000000008a100000, 0x000000008a200000, 0x000000008a200000|100%| O|  |TAMS 0x000000008a100000, 0x000000008a100000| Untracked 
|  64|0x000000008a200000, 0x000000008a300000, 0x000000008a300000|100%| O|  |TAMS 0x000000008a200000, 0x000000008a200000| Untracked 
|  65|0x000000008a300000, 0x000000008a400000, 0x000000008a400000|100%| O|  |TAMS 0x000000008a300000, 0x000000008a300000| Untracked 
|  66|0x000000008a400000, 0x000000008a500000, 0x000000008a500000|100%| O|  |TAMS 0x000000008a400000, 0x000000008a400000| Untracked 
|  67|0x000000008a500000, 0x000000008a600000, 0x000000008a600000|100%| O|  |TAMS 0x000000008a500000, 0x000000008a500000| Untracked 
|  68|0x000000008a600000, 0x000000008a700000, 0x000000008a700000|100%| O|  |TAMS 0x000000008a600000, 0x000000008a600000| Untracked 
|  69|0x000000008a700000, 0x000000008a700000, 0x000000008a800000|  0%| F|  |TAMS 0x000000008a700000, 0x000000008a700000| Untracked 
|  70|0x000000008a800000, 0x000000008a800000, 0x000000008a900000|  0%| F|  |TAMS 0x000000008a800000, 0x000000008a800000| Untracked 
|  71|0x000000008a900000, 0x000000008a900000, 0x000000008aa00000|  0%| F|  |TAMS 0x000000008a900000, 0x000000008a900000| Untracked 
|  72|0x000000008aa00000, 0x000000008aa00000, 0x000000008ab00000|  0%| F|  |TAMS 0x000000008aa00000, 0x000000008aa00000| Untracked 
|  73|0x000000008ab00000, 0x000000008ab00000, 0x000000008ac00000|  0%| F|  |TAMS 0x000000008ab00000, 0x000000008ab00000| Untracked 
|  74|0x000000008ac00000, 0x000000008ac00000, 0x000000008ad00000|  0%| F|  |TAMS 0x000000008ac00000, 0x000000008ac00000| Untracked 
|  75|0x000000008ad00000, 0x000000008ad00000, 0x000000008ae00000|  0%| F|  |TAMS 0x000000008ad00000, 0x000000008ad00000| Untracked 
|  76|0x000000008ae00000, 0x000000008ae00000, 0x000000008af00000|  0%| F|  |TAMS 0x000000008ae00000, 0x000000008ae00000| Untracked 
|  77|0x000000008af00000, 0x000000008af00000, 0x000000008b000000|  0%| F|  |TAMS 0x000000008af00000, 0x000000008af00000| Untracked 
|  78|0x000000008b000000, 0x000000008b000000, 0x000000008b100000|  0%| F|  |TAMS 0x000000008b000000, 0x000000008b000000| Untracked 
|  79|0x000000008b100000, 0x000000008b100000, 0x000000008b200000|  0%| F|  |TAMS 0x000000008b100000, 0x000000008b100000| Untracked 
|  80|0x000000008b200000, 0x000000008b200000, 0x000000008b300000|  0%| F|  |TAMS 0x000000008b200000, 0x000000008b200000| Untracked 
|  81|0x000000008b300000, 0x000000008b300000, 0x000000008b400000|  0%| F|  |TAMS 0x000000008b300000, 0x000000008b300000| Untracked 
|  82|0x000000008b400000, 0x000000008b400000, 0x000000008b500000|  0%| F|  |TAMS 0x000000008b400000, 0x000000008b400000| Untracked 
|  83|0x000000008b500000, 0x000000008b500000, 0x000000008b600000|  0%| F|  |TAMS 0x000000008b500000, 0x000000008b500000| Untracked 
|  84|0x000000008b600000, 0x000000008b600000, 0x000000008b700000|  0%| F|  |TAMS 0x000000008b600000, 0x000000008b600000| Untracked 
|  85|0x000000008b700000, 0x000000008b700000, 0x000000008b800000|  0%| F|  |TAMS 0x000000008b700000, 0x000000008b700000| Untracked 
|  86|0x000000008b800000, 0x000000008b800000, 0x000000008b900000|  0%| F|  |TAMS 0x000000008b800000, 0x000000008b800000| Untracked 
|  87|0x000000008b900000, 0x000000008b900000, 0x000000008ba00000|  0%| F|  |TAMS 0x000000008b900000, 0x000000008b900000| Untracked 
|  88|0x000000008ba00000, 0x000000008ba00000, 0x000000008bb00000|  0%| F|  |TAMS 0x000000008ba00000, 0x000000008ba00000| Untracked 
|  89|0x000000008bb00000, 0x000000008bb00000, 0x000000008bc00000|  0%| F|  |TAMS 0x000000008bb00000, 0x000000008bb00000| Untracked 
|  90|0x000000008bc00000, 0x000000008bc00000, 0x000000008bd00000|  0%| F|  |TAMS 0x000000008bc00000, 0x000000008bc00000| Untracked 
|  91|0x000000008bd00000, 0x000000008be00000, 0x000000008be00000|100%| S|CS|TAMS 0x000000008bd00000, 0x000000008bd00000| Complete 
|  92|0x000000008be00000, 0x000000008bf00000, 0x000000008bf00000|100%| S|CS|TAMS 0x000000008be00000, 0x000000008be00000| Complete 
|  93|0x000000008bf00000, 0x000000008c000000, 0x000000008c000000|100%| S|CS|TAMS 0x000000008bf00000, 0x000000008bf00000| Complete 
|  94|0x000000008c000000, 0x000000008c100000, 0x000000008c100000|100%| S|CS|TAMS 0x000000008c000000, 0x000000008c000000| Complete 
|  95|0x000000008c100000, 0x000000008c200000, 0x000000008c200000|100%| S|CS|TAMS 0x000000008c100000, 0x000000008c100000| Complete 
|  96|0x000000008c200000, 0x000000008c200000, 0x000000008c300000|  0%| F|  |TAMS 0x000000008c200000, 0x000000008c200000| Untracked 
|  97|0x000000008c300000, 0x000000008c300000, 0x000000008c400000|  0%| F|  |TAMS 0x000000008c300000, 0x000000008c300000| Untracked 
|  98|0x000000008c400000, 0x000000008c400000, 0x000000008c500000|  0%| F|  |TAMS 0x000000008c400000, 0x000000008c400000| Untracked 
|  99|0x000000008c500000, 0x000000008c500000, 0x000000008c600000|  0%| F|  |TAMS 0x000000008c500000, 0x000000008c500000| Untracked 
| 100|0x000000008c600000, 0x000000008c700000, 0x000000008c700000|100%| S|CS|TAMS 0x000000008c600000, 0x000000008c600000| Complete 
| 101|0x000000008c700000, 0x000000008c800000, 0x000000008c800000|100%| S|CS|TAMS 0x000000008c700000, 0x000000008c700000| Complete 
| 102|0x000000008c800000, 0x000000008c900000, 0x000000008c900000|100%| S|CS|TAMS 0x000000008c800000, 0x000000008c800000| Complete 
| 103|0x000000008c900000, 0x000000008c900000, 0x000000008ca00000|  0%| F|  |TAMS 0x000000008c900000, 0x000000008c900000| Untracked 
| 104|0x000000008ca00000, 0x000000008ca00000, 0x000000008cb00000|  0%| F|  |TAMS 0x000000008ca00000, 0x000000008ca00000| Untracked 
| 105|0x000000008cb00000, 0x000000008cb00000, 0x000000008cc00000|  0%| F|  |TAMS 0x000000008cb00000, 0x000000008cb00000| Untracked 
| 106|0x000000008cc00000, 0x000000008cc00000, 0x000000008cd00000|  0%| F|  |TAMS 0x000000008cc00000, 0x000000008cc00000| Untracked 
| 107|0x000000008cd00000, 0x000000008cd00000, 0x000000008ce00000|  0%| F|  |TAMS 0x000000008cd00000, 0x000000008cd00000| Untracked 
| 108|0x000000008ce00000, 0x000000008ce00000, 0x000000008cf00000|  0%| F|  |TAMS 0x000000008ce00000, 0x000000008ce00000| Untracked 
| 109|0x000000008cf00000, 0x000000008cf00000, 0x000000008d000000|  0%| F|  |TAMS 0x000000008cf00000, 0x000000008cf00000| Untracked 
| 110|0x000000008d000000, 0x000000008d000000, 0x000000008d100000|  0%| F|  |TAMS 0x000000008d000000, 0x000000008d000000| Untracked 
| 111|0x000000008d100000, 0x000000008d100000, 0x000000008d200000|  0%| F|  |TAMS 0x000000008d100000, 0x000000008d100000| Untracked 
| 112|0x000000008d200000, 0x000000008d200000, 0x000000008d300000|  0%| F|  |TAMS 0x000000008d200000, 0x000000008d200000| Untracked 
| 113|0x000000008d300000, 0x000000008d300000, 0x000000008d400000|  0%| F|  |TAMS 0x000000008d300000, 0x000000008d300000| Untracked 
| 114|0x000000008d400000, 0x000000008d400000, 0x000000008d500000|  0%| F|  |TAMS 0x000000008d400000, 0x000000008d400000| Untracked 
| 115|0x000000008d500000, 0x000000008d500000, 0x000000008d600000|  0%| F|  |TAMS 0x000000008d500000, 0x000000008d500000| Untracked 
| 116|0x000000008d600000, 0x000000008d600000, 0x000000008d700000|  0%| F|  |TAMS 0x000000008d600000, 0x000000008d600000| Untracked 
| 117|0x000000008d700000, 0x000000008d700000, 0x000000008d800000|  0%| F|  |TAMS 0x000000008d700000, 0x000000008d700000| Untracked 
| 118|0x000000008d800000, 0x000000008d800000, 0x000000008d900000|  0%| F|  |TAMS 0x000000008d800000, 0x000000008d800000| Untracked 
| 119|0x000000008d900000, 0x000000008d900000, 0x000000008da00000|  0%| F|  |TAMS 0x000000008d900000, 0x000000008d900000| Untracked 
| 120|0x000000008da00000, 0x000000008da00000, 0x000000008db00000|  0%| F|  |TAMS 0x000000008da00000, 0x000000008da00000| Untracked 
| 121|0x000000008db00000, 0x000000008db00000, 0x000000008dc00000|  0%| F|  |TAMS 0x000000008db00000, 0x000000008db00000| Untracked 
| 122|0x000000008dc00000, 0x000000008dc00000, 0x000000008dd00000|  0%| F|  |TAMS 0x000000008dc00000, 0x000000008dc00000| Untracked 
| 123|0x000000008dd00000, 0x000000008dd00000, 0x000000008de00000|  0%| F|  |TAMS 0x000000008dd00000, 0x000000008dd00000| Untracked 
| 124|0x000000008de00000, 0x000000008de00000, 0x000000008df00000|  0%| F|  |TAMS 0x000000008de00000, 0x000000008de00000| Untracked 
| 125|0x000000008df00000, 0x000000008df00000, 0x000000008e000000|  0%| F|  |TAMS 0x000000008df00000, 0x000000008df00000| Untracked 
| 126|0x000000008e000000, 0x000000008e000000, 0x000000008e100000|  0%| F|  |TAMS 0x000000008e000000, 0x000000008e000000| Untracked 
| 127|0x000000008e100000, 0x000000008e100000, 0x000000008e200000|  0%| F|  |TAMS 0x000000008e100000, 0x000000008e100000| Untracked 
| 128|0x000000008e200000, 0x000000008e200000, 0x000000008e300000|  0%| F|  |TAMS 0x000000008e200000, 0x000000008e200000| Untracked 
| 129|0x000000008e300000, 0x000000008e300000, 0x000000008e400000|  0%| F|  |TAMS 0x000000008e300000, 0x000000008e300000| Untracked 
| 130|0x000000008e400000, 0x000000008e400000, 0x000000008e500000|  0%| F|  |TAMS 0x000000008e400000, 0x000000008e400000| Untracked 
| 131|0x000000008e500000, 0x000000008e500000, 0x000000008e600000|  0%| F|  |TAMS 0x000000008e500000, 0x000000008e500000| Untracked 
| 132|0x000000008e600000, 0x000000008e600000, 0x000000008e700000|  0%| F|  |TAMS 0x000000008e600000, 0x000000008e600000| Untracked 
| 133|0x000000008e700000, 0x000000008e700000, 0x000000008e800000|  0%| F|  |TAMS 0x000000008e700000, 0x000000008e700000| Untracked 
| 134|0x000000008e800000, 0x000000008e800000, 0x000000008e900000|  0%| F|  |TAMS 0x000000008e800000, 0x000000008e800000| Untracked 
| 135|0x000000008e900000, 0x000000008e900000, 0x000000008ea00000|  0%| F|  |TAMS 0x000000008e900000, 0x000000008e900000| Untracked 
| 136|0x000000008ea00000, 0x000000008ea00000, 0x000000008eb00000|  0%| F|  |TAMS 0x000000008ea00000, 0x000000008ea00000| Untracked 
| 137|0x000000008eb00000, 0x000000008eb00000, 0x000000008ec00000|  0%| F|  |TAMS 0x000000008eb00000, 0x000000008eb00000| Untracked 
| 138|0x000000008ec00000, 0x000000008ec00000, 0x000000008ed00000|  0%| F|  |TAMS 0x000000008ec00000, 0x000000008ec00000| Untracked 
| 139|0x000000008ed00000, 0x000000008ed00000, 0x000000008ee00000|  0%| F|  |TAMS 0x000000008ed00000, 0x000000008ed00000| Untracked 
| 140|0x000000008ee00000, 0x000000008ee00000, 0x000000008ef00000|  0%| F|  |TAMS 0x000000008ee00000, 0x000000008ee00000| Untracked 
| 141|0x000000008ef00000, 0x000000008ef00000, 0x000000008f000000|  0%| F|  |TAMS 0x000000008ef00000, 0x000000008ef00000| Untracked 
| 142|0x000000008f000000, 0x000000008f000000, 0x000000008f100000|  0%| F|  |TAMS 0x000000008f000000, 0x000000008f000000| Untracked 
| 143|0x000000008f100000, 0x000000008f100000, 0x000000008f200000|  0%| F|  |TAMS 0x000000008f100000, 0x000000008f100000| Untracked 
| 144|0x000000008f200000, 0x000000008f200000, 0x000000008f300000|  0%| F|  |TAMS 0x000000008f200000, 0x000000008f200000| Untracked 
| 145|0x000000008f300000, 0x000000008f300000, 0x000000008f400000|  0%| F|  |TAMS 0x000000008f300000, 0x000000008f300000| Untracked 
| 146|0x000000008f400000, 0x000000008f400000, 0x000000008f500000|  0%| F|  |TAMS 0x000000008f400000, 0x000000008f400000| Untracked 
| 147|0x000000008f500000, 0x000000008f500000, 0x000000008f600000|  0%| F|  |TAMS 0x000000008f500000, 0x000000008f500000| Untracked 
| 148|0x000000008f600000, 0x000000008f600000, 0x000000008f700000|  0%| F|  |TAMS 0x000000008f600000, 0x000000008f600000| Untracked 
| 149|0x000000008f700000, 0x000000008f700000, 0x000000008f800000|  0%| F|  |TAMS 0x000000008f700000, 0x000000008f700000| Untracked 
| 150|0x000000008f800000, 0x000000008f800000, 0x000000008f900000|  0%| F|  |TAMS 0x000000008f800000, 0x000000008f800000| Untracked 
| 151|0x000000008f900000, 0x000000008f900000, 0x000000008fa00000|  0%| F|  |TAMS 0x000000008f900000, 0x000000008f900000| Untracked 
| 152|0x000000008fa00000, 0x000000008fa00000, 0x000000008fb00000|  0%| F|  |TAMS 0x000000008fa00000, 0x000000008fa00000| Untracked 
| 153|0x000000008fb00000, 0x000000008fb00000, 0x000000008fc00000|  0%| F|  |TAMS 0x000000008fb00000, 0x000000008fb00000| Untracked 
| 154|0x000000008fc00000, 0x000000008fc00000, 0x000000008fd00000|  0%| F|  |TAMS 0x000000008fc00000, 0x000000008fc00000| Untracked 
| 155|0x000000008fd00000, 0x000000008fd00000, 0x000000008fe00000|  0%| F|  |TAMS 0x000000008fd00000, 0x000000008fd00000| Untracked 
| 156|0x000000008fe00000, 0x000000008fe00000, 0x000000008ff00000|  0%| F|  |TAMS 0x000000008fe00000, 0x000000008fe00000| Untracked 
| 157|0x000000008ff00000, 0x000000008ff00000, 0x0000000090000000|  0%| F|  |TAMS 0x000000008ff00000, 0x000000008ff00000| Untracked 

Card table byte_map: [0x000001ff61cd0000,0x000001ff620a0000] _byte_map_base: 0x000001ff6189f000

Marking Bits (Prev, Next): (CMBitMap*) 0x000001ff4f138e90, (CMBitMap*) 0x000001ff4f138e50
 Prev Bits: [0x000001ff642f0000, 0x000001ff66168000)
 Next Bits: [0x000001ff62470000, 0x000001ff642e8000)

Polling page: 0x000001ff4d080000

Metaspace:

Usage:
  Non-class:     44.29 MB used.
      Class:      6.04 MB used.
       Both:     50.33 MB used.

Virtual space:
  Non-class space:       64.00 MB reserved,      44.38 MB ( 69%) committed,  1 nodes.
      Class space:        1.00 GB reserved,       6.19 MB ( <1%) committed,  1 nodes.
             Both:        1.06 GB reserved,      50.56 MB (  5%) committed. 

Chunk freelists:
   Non-Class:  3.31 MB
       Class:  9.86 MB
        Both:  13.17 MB

MaxMetaspaceSize: unlimited
CompressedClassSpaceSize: 1.00 GB
Initial GC threshold: 21.00 MB
Current GC threshold: 83.25 MB
CDS: off
MetaspaceReclaimPolicy: balanced
 - commit_granule_bytes: 65536.
 - commit_granule_words: 8192.
 - virtual_space_node_default_size: 8388608.
 - enlarge_chunks_in_place: 1.
 - new_chunks_are_fully_committed: 0.
 - uncommit_free_chunks: 1.
 - use_allocation_guard: 0.
 - handle_deallocations: 1.


Internal statistics:

num_allocs_failed_limit: 6.
num_arena_births: 216.
num_arena_deaths: 0.
num_vsnodes_births: 2.
num_vsnodes_deaths: 0.
num_space_committed: 807.
num_space_uncommitted: 0.
num_chunks_returned_to_freelist: 6.
num_chunks_taken_from_freelist: 1738.
num_chunk_merges: 6.
num_chunk_splits: 1431.
num_chunks_enlarged: 1267.
num_inconsistent_stats: 0.

CodeHeap 'non-profiled nmethods': size=120000Kb used=3060Kb max_used=3060Kb free=116939Kb
 bounds [0x000001ff5a090000, 0x000001ff5a390000, 0x000001ff615c0000]
CodeHeap 'profiled nmethods': size=120000Kb used=11370Kb max_used=11370Kb free=108629Kb
 bounds [0x000001ff525c0000, 0x000001ff530e0000, 0x000001ff59af0000]
CodeHeap 'non-nmethods': size=5760Kb used=1270Kb max_used=1364Kb free=4489Kb
 bounds [0x000001ff59af0000, 0x000001ff59d60000, 0x000001ff5a090000]
 total_blobs=5897 nmethods=5315 adapters=493
 compilation: enabled
              stopped_count=0, restarted_count=0
 full_count=0

Compilation events (20 events):
Event: 11.175 Thread 0x000001ff6d0651d0 5473       2       org.jetbrains.kotlin.psi.codeFragmentUtil.CodeFragmentUtilKt::suppressDiagnosticsInDebugMode (53 bytes)
Event: 11.176 Thread 0x000001ff6d0651d0 nmethod 5473 0x000001ff530d4010 code [0x000001ff530d4220, 0x000001ff530d4608]
Event: 11.176 Thread 0x000001ff6d0651d0 5468       2       org.jetbrains.kotlin.resolve.lazy.LazyImportResolver$importedScopesProvider$1$1::invoke (46 bytes)
Event: 11.176 Thread 0x000001ff6d0651d0 nmethod 5468 0x000001ff530d4810 code [0x000001ff530d4a00, 0x000001ff530d4d08]
Event: 11.176 Thread 0x000001ff6d0651d0 5469       2       org.jetbrains.kotlin.resolve.QualifiedExpressionResolver::processImportReference (113 bytes)
Event: 11.178 Thread 0x000001ff6d0651d0 nmethod 5469 0x000001ff530d4f10 code [0x000001ff530d5360, 0x000001ff530d64f8]
Event: 11.178 Thread 0x000001ff6d0651d0 5470       2       org.jetbrains.kotlin.resolve.QualifiedExpressionResolver::processImportReference$processReferenceInContextOf (12 bytes)
Event: 11.179 Thread 0x000001ff6d0651d0 nmethod 5470 0x000001ff530d7110 code [0x000001ff530d72a0, 0x000001ff530d73c8]
Event: 11.179 Thread 0x000001ff6d0651d0 5471       2       org.jetbrains.kotlin.resolve.QualifiedExpressionResolver::doProcessImportReference (203 bytes)
Event: 11.181 Thread 0x000001ff6d0651d0 nmethod 5471 0x000001ff530d7490 code [0x000001ff530d7820, 0x000001ff530d8528]
Event: 11.181 Thread 0x000001ff6d0651d0 5472       2       org.jetbrains.kotlin.resolve.QualifiedExpressionResolver::processSingleImport (185 bytes)
Event: 11.182 Thread 0x000001ff6d0651d0 nmethod 5472 0x000001ff530d8c90 code [0x000001ff530d8ee0, 0x000001ff530d9798]
Event: 11.182 Thread 0x000001ff6d0651d0 5475       2       org.jetbrains.kotlin.descriptors.impl.PackageFragmentDescriptorImpl::getSource (10 bytes)
Event: 11.182 Thread 0x000001ff6d0651d0 nmethod 5475 0x000001ff530d9b10 code [0x000001ff530d9ca0, 0x000001ff530d9de8]
Event: 11.182 Thread 0x000001ff6d0651d0 5474       1       org.jetbrains.kotlin.metadata.ProtoBuf$Function::getFlags (5 bytes)
Event: 11.182 Thread 0x000001ff6d0651d0 nmethod 5474 0x000001ff5a38cf10 code [0x000001ff5a38d0a0, 0x000001ff5a38d178]
Event: 11.184 Thread 0x000001ff6d0651d0 5476       2       org.jetbrains.kotlin.resolve.scopes.MemberScopeImpl::getContributedClassifier (14 bytes)
Event: 11.185 Thread 0x000001ff6d0651d0 nmethod 5476 0x000001ff530d9e90 code [0x000001ff530da0a0, 0x000001ff530da4d8]
Event: 11.185 Thread 0x000001ff6d0651d0 5477       2       org.jetbrains.kotlin.serialization.deserialization.descriptors.DeserializedMemberScope::deserializeClass (16 bytes)
Event: 11.185 Thread 0x000001ff6d0651d0 nmethod 5477 0x000001ff530da790 code [0x000001ff530da940, 0x000001ff530daa98]

GC Heap History (20 events):
Event: 5.382 GC heap after
{Heap after GC invocations=11 (full 0):
 garbage-first heap   total 62464K, used 28243K [0x0000000086200000, 0x0000000100000000)
  region size 1024K, 3 young (3072K), 3 survivors (3072K)
 Metaspace       used 39387K, committed 39680K, reserved 1114112K
  class space    used 4939K, committed 5056K, reserved 1048576K
}
Event: 5.949 GC heap before
{Heap before GC invocations=11 (full 0):
 garbage-first heap   total 62464K, used 45651K [0x0000000086200000, 0x0000000100000000)
  region size 1024K, 20 young (20480K), 3 survivors (3072K)
 Metaspace       used 43178K, committed 43392K, reserved 1114112K
  class space    used 5295K, committed 5376K, reserved 1048576K
}
Event: 5.959 GC heap after
{Heap after GC invocations=12 (full 0):
 garbage-first heap   total 79872K, used 29710K [0x0000000086200000, 0x0000000100000000)
  region size 1024K, 2 young (2048K), 2 survivors (2048K)
 Metaspace       used 43178K, committed 43392K, reserved 1114112K
  class space    used 5295K, committed 5376K, reserved 1048576K
}
Event: 7.420 GC heap before
{Heap before GC invocations=12 (full 0):
 garbage-first heap   total 79872K, used 59406K [0x0000000086200000, 0x0000000100000000)
  region size 1024K, 29 young (29696K), 2 survivors (2048K)
 Metaspace       used 47636K, committed 47936K, reserved 1114112K
  class space    used 5786K, committed 5952K, reserved 1048576K
}
Event: 7.441 GC heap after
{Heap after GC invocations=13 (full 0):
 garbage-first heap   total 79872K, used 37305K [0x0000000086200000, 0x0000000100000000)
  region size 1024K, 4 young (4096K), 4 survivors (4096K)
 Metaspace       used 47636K, committed 47936K, reserved 1114112K
  class space    used 5786K, committed 5952K, reserved 1048576K
}
Event: 8.503 GC heap before
{Heap before GC invocations=13 (full 0):
 garbage-first heap   total 79872K, used 58809K [0x0000000086200000, 0x0000000100000000)
  region size 1024K, 26 young (26624K), 4 survivors (4096K)
 Metaspace       used 50713K, committed 50944K, reserved 1114112K
  class space    used 6145K, committed 6272K, reserved 1048576K
}
Event: 8.521 GC heap after
{Heap after GC invocations=14 (full 0):
 garbage-first heap   total 79872K, used 40797K [0x0000000086200000, 0x0000000100000000)
  region size 1024K, 4 young (4096K), 4 survivors (4096K)
 Metaspace       used 50713K, committed 50944K, reserved 1114112K
  class space    used 6145K, committed 6272K, reserved 1048576K
}
Event: 8.766 GC heap before
{Heap before GC invocations=14 (full 0):
 garbage-first heap   total 79872K, used 57181K [0x0000000086200000, 0x0000000100000000)
  region size 1024K, 22 young (22528K), 4 survivors (4096K)
 Metaspace       used 50882K, committed 51136K, reserved 1114112K
  class space    used 6146K, committed 6272K, reserved 1048576K
}
Event: 8.780 GC heap after
{Heap after GC invocations=15 (full 0):
 garbage-first heap   total 79872K, used 43693K [0x0000000086200000, 0x0000000100000000)
  region size 1024K, 3 young (3072K), 3 survivors (3072K)
 Metaspace       used 50882K, committed 51136K, reserved 1114112K
  class space    used 6146K, committed 6272K, reserved 1048576K
}
Event: 8.874 GC heap before
{Heap before GC invocations=16 (full 0):
 garbage-first heap   total 87040K, used 62125K [0x0000000086200000, 0x0000000100000000)
  region size 1024K, 21 young (21504K), 3 survivors (3072K)
 Metaspace       used 50887K, committed 51136K, reserved 1114112K
  class space    used 6146K, committed 6272K, reserved 1048576K
}
Event: 8.880 GC heap after
{Heap after GC invocations=17 (full 0):
 garbage-first heap   total 87040K, used 44919K [0x0000000086200000, 0x0000000100000000)
  region size 1024K, 1 young (1024K), 1 survivors (1024K)
 Metaspace       used 50887K, committed 51136K, reserved 1114112K
  class space    used 6146K, committed 6272K, reserved 1048576K
}
Event: 8.886 GC heap before
{Heap before GC invocations=17 (full 0):
 garbage-first heap   total 87040K, used 47991K [0x0000000086200000, 0x0000000100000000)
  region size 1024K, 4 young (4096K), 1 survivors (1024K)
 Metaspace       used 50887K, committed 51136K, reserved 1114112K
  class space    used 6146K, committed 6272K, reserved 1048576K
}
Event: 8.899 GC heap after
{Heap after GC invocations=18 (full 0):
 garbage-first heap   total 161792K, used 45368K [0x0000000086200000, 0x0000000100000000)
  region size 1024K, 1 young (1024K), 1 survivors (1024K)
 Metaspace       used 50887K, committed 51136K, reserved 1114112K
  class space    used 6146K, committed 6272K, reserved 1048576K
}
Event: 9.738 GC heap before
{Heap before GC invocations=18 (full 0):
 garbage-first heap   total 161792K, used 118072K [0x0000000086200000, 0x0000000100000000)
  region size 1024K, 70 young (71680K), 1 survivors (1024K)
 Metaspace       used 50999K, committed 51200K, reserved 1114112K
  class space    used 6154K, committed 6272K, reserved 1048576K
}
Event: 9.753 GC heap after
{Heap after GC invocations=19 (full 0):
 garbage-first heap   total 161792K, used 55371K [0x0000000086200000, 0x0000000100000000)
  region size 1024K, 9 young (9216K), 9 survivors (9216K)
 Metaspace       used 50999K, committed 51200K, reserved 1114112K
  class space    used 6154K, committed 6272K, reserved 1048576K
}
Event: 10.108 GC heap before
{Heap before GC invocations=19 (full 0):
 garbage-first heap   total 161792K, used 118859K [0x0000000086200000, 0x0000000100000000)
  region size 1024K, 71 young (72704K), 9 survivors (9216K)
 Metaspace       used 51028K, committed 51264K, reserved 1114112K
  class space    used 6154K, committed 6272K, reserved 1048576K
}
Event: 10.125 GC heap after
{Heap after GC invocations=20 (full 0):
 garbage-first heap   total 161792K, used 63365K [0x0000000086200000, 0x0000000100000000)
  region size 1024K, 8 young (8192K), 8 survivors (8192K)
 Metaspace       used 51028K, committed 51264K, reserved 1114112K
  class space    used 6154K, committed 6272K, reserved 1048576K
}
Event: 10.486 GC heap before
{Heap before GC invocations=20 (full 0):
 garbage-first heap   total 161792K, used 122757K [0x0000000086200000, 0x0000000100000000)
  region size 1024K, 66 young (67584K), 8 survivors (8192K)
 Metaspace       used 51032K, committed 51264K, reserved 1114112K
  class space    used 6154K, committed 6272K, reserved 1048576K
}
Event: 10.500 GC heap after
{Heap after GC invocations=21 (full 0):
 garbage-first heap   total 161792K, used 69486K [0x0000000086200000, 0x0000000100000000)
  region size 1024K, 7 young (7168K), 7 survivors (7168K)
 Metaspace       used 51032K, committed 51264K, reserved 1114112K
  class space    used 6154K, committed 6272K, reserved 1048576K
}
Event: 11.187 GC heap before
{Heap before GC invocations=21 (full 0):
 garbage-first heap   total 161792K, used 125806K [0x0000000086200000, 0x0000000100000000)
  region size 1024K, 62 young (63488K), 7 survivors (7168K)
 Metaspace       used 51541K, committed 51776K, reserved 1114112K
  class space    used 6185K, committed 6336K, reserved 1048576K
}

Dll operation events (2 events):
Event: 0.018 Loaded shared library C:\Program Files\Android\Android Studio\jbr\bin\java.dll
Event: 2.589 Loaded shared library C:\Program Files\Android\Android Studio\jbr\bin\verify.dll

Deoptimization events (20 events):
Event: 11.069 Thread 0x000001ff4f0e1d10 Uncommon trap: trap_request=0xffffff45 fr.pc=0x000001ff5a2dbd80 relative=0x00000000000018c0
Event: 11.069 Thread 0x000001ff4f0e1d10 Uncommon trap: reason=unstable_if action=reinterpret pc=0x000001ff5a2dbd80 method=org.jetbrains.kotlin.metadata.ProtoBuf$Type.writeTo(Lorg/jetbrains/kotlin/protobuf/CodedOutputStream;)V @ 228 c2
Event: 11.069 Thread 0x000001ff4f0e1d10 DEOPT PACKING pc=0x000001ff5a2dbd80 sp=0x000000cb849fcb30
Event: 11.069 Thread 0x000001ff4f0e1d10 DEOPT UNPACKING pc=0x000001ff59b469a3 sp=0x000000cb849fcb18 mode 2
Event: 11.086 Thread 0x000001ff4f0e1d10 Uncommon trap: trap_request=0xffffffde fr.pc=0x000001ff5a33deec relative=0x00000000000000cc
Event: 11.086 Thread 0x000001ff4f0e1d10 Uncommon trap: reason=class_check action=maybe_recompile pc=0x000001ff5a33deec method=java.util.RegularEnumSet.contains(Ljava/lang/Object;)Z @ 38 c2
Event: 11.086 Thread 0x000001ff4f0e1d10 DEOPT PACKING pc=0x000001ff5a33deec sp=0x000000cb849fcdc0
Event: 11.086 Thread 0x000001ff4f0e1d10 DEOPT UNPACKING pc=0x000001ff59b469a3 sp=0x000000cb849fcd48 mode 2
Event: 11.086 Thread 0x000001ff4f0e1d10 Uncommon trap: trap_request=0xffffffde fr.pc=0x000001ff5a33deec relative=0x00000000000000cc
Event: 11.086 Thread 0x000001ff4f0e1d10 Uncommon trap: reason=class_check action=maybe_recompile pc=0x000001ff5a33deec method=java.util.RegularEnumSet.contains(Ljava/lang/Object;)Z @ 38 c2
Event: 11.086 Thread 0x000001ff4f0e1d10 DEOPT PACKING pc=0x000001ff5a33deec sp=0x000000cb849fcea0
Event: 11.086 Thread 0x000001ff4f0e1d10 DEOPT UNPACKING pc=0x000001ff59b469a3 sp=0x000000cb849fce28 mode 2
Event: 11.104 Thread 0x000001ff4f0e1d10 Uncommon trap: trap_request=0xffffff45 fr.pc=0x000001ff5a2590c8 relative=0x0000000000000a08
Event: 11.104 Thread 0x000001ff4f0e1d10 Uncommon trap: reason=unstable_if action=reinterpret pc=0x000001ff5a2590c8 method=org.jetbrains.org.objectweb.asm.ClassReader.readUtf(II[C)Ljava/lang/String; @ 69 c2
Event: 11.104 Thread 0x000001ff4f0e1d10 DEOPT PACKING pc=0x000001ff5a2590c8 sp=0x000000cb849fc540
Event: 11.104 Thread 0x000001ff4f0e1d10 DEOPT UNPACKING pc=0x000001ff59b469a3 sp=0x000000cb849fc450 mode 2
Event: 11.138 Thread 0x000001ff4f0e1d10 Uncommon trap: trap_request=0xffffff45 fr.pc=0x000001ff5a3733e0 relative=0x0000000000000640
Event: 11.138 Thread 0x000001ff4f0e1d10 Uncommon trap: reason=unstable_if action=reinterpret pc=0x000001ff5a3733e0 method=org.jetbrains.kotlin.metadata.ProtoBuf$Type.hasFlexibleUpperBound()Z @ 7 c2
Event: 11.138 Thread 0x000001ff4f0e1d10 DEOPT PACKING pc=0x000001ff5a3733e0 sp=0x000000cb849fd210
Event: 11.138 Thread 0x000001ff4f0e1d10 DEOPT UNPACKING pc=0x000001ff59b469a3 sp=0x000000cb849fd150 mode 2

Classes unloaded (0 events):
No events

Classes redefined (0 events):
No events

Internal exceptions (20 events):
Event: 2.171 Thread 0x000001ff4f0e1d10 Exception <a 'java/lang/NoSuchMethodError'{0x00000000880f8d50}: 'int java.lang.invoke.DelegatingMethodHandle$Holder.reinvoke_L(java.lang.Object, java.lang.Object, java.lang.Object, long, long, long)'> (0x00000000880f8d50) 
thrown [s\src\hotspot\share\interpreter\linkResolver.cpp, line 771]
Event: 2.174 Thread 0x000001ff4f0e1d10 Exception <a 'java/lang/NoSuchMethodError'{0x0000000087f07ab8}: 'int java.lang.invoke.DelegatingMethodHandle$Holder.reinvoke_L(java.lang.Object, java.lang.Object, java.lang.Object, long, int)'> (0x0000000087f07ab8) 
thrown [s\src\hotspot\share\interpreter\linkResolver.cpp, line 771]
Event: 2.197 Thread 0x000001ff4f0e1d10 Exception <a 'java/lang/NoSuchMethodError'{0x0000000087fb0860}: 'int java.lang.invoke.DirectMethodHandle$Holder.invokeStaticInit(java.lang.Object, java.lang.Object, java.lang.Object)'> (0x0000000087fb0860) 
thrown [s\src\hotspot\share\interpreter\linkResolver.cpp, line 771]
Event: 2.203 Thread 0x000001ff4f0e1d10 Exception <a 'java/lang/NoSuchMethodError'{0x0000000087fd86b8}: 'int java.lang.invoke.DirectMethodHandle$Holder.invokeStaticInit(java.lang.Object, java.lang.Object)'> (0x0000000087fd86b8) 
thrown [s\src\hotspot\share\interpreter\linkResolver.cpp, line 771]
Event: 2.230 Thread 0x000001ff4f0e1d10 Exception <a 'java/lang/NoSuchMethodError'{0x0000000087eb6088}: 'void java.lang.invoke.DirectMethodHandle$Holder.invokeSpecial(java.lang.Object, java.lang.Object, java.lang.Object)'> (0x0000000087eb6088) 
thrown [s\src\hotspot\share\interpreter\linkResolver.cpp, line 771]
Event: 2.348 Thread 0x000001ff4f0e1d10 Exception <a 'java/lang/NoSuchMethodError'{0x0000000087bddc28}: 'void java.lang.invoke.DirectMethodHandle$Holder.invokeStatic(java.lang.Object, java.lang.Object, java.lang.Object, java.lang.Object)'> (0x0000000087bddc28) 
thrown [s\src\hotspot\share\interpreter\linkResolver.cpp, line 771]
Event: 2.520 Thread 0x000001ff4f0e1d10 Exception <a 'java/lang/NoSuchMethodError'{0x00000000877ada28}: 'void java.lang.invoke.DirectMethodHandle$Holder.invokeStaticInit(java.lang.Object, java.lang.Object)'> (0x00000000877ada28) 
thrown [s\src\hotspot\share\interpreter\linkResolver.cpp, line 771]
Event: 2.708 Thread 0x000001ff4f0e1d10 Exception <a 'java/lang/NoSuchMethodError'{0x000000008727d818}: 'void java.lang.invoke.DirectMethodHandle$Holder.invokeVirtual(java.lang.Object, java.lang.Object)'> (0x000000008727d818) 
thrown [s\src\hotspot\share\interpreter\linkResolver.cpp, line 771]
Event: 2.720 Thread 0x000001ff4f0e1d10 Exception <a 'java/lang/NoSuchMethodError'{0x00000000872c9e18}: 'int java.lang.invoke.DirectMethodHandle$Holder.invokeVirtual(java.lang.Object, java.lang.Object)'> (0x00000000872c9e18) 
thrown [s\src\hotspot\share\interpreter\linkResolver.cpp, line 771]
Event: 2.773 Thread 0x000001ff4f0e1d10 Exception <a 'java/lang/NoSuchMethodError'{0x000000008db63598}: 'java.lang.Object java.lang.invoke.Invokers$Holder.invokeExact_MT(java.lang.Object, java.lang.Object, java.lang.Object, java.lang.Object, java.lang.Object, java.lang.Object)'> (0x000000008db63598) 
thrown [s\src\hotspot\share\interpreter\linkResolver.cpp, line 771]
Event: 3.621 Thread 0x000001ff4f0e1d10 Implicit null exception at 0x000001ff5a183900 to 0x000001ff5a18397c
Event: 4.168 Thread 0x000001ff4f0e1d10 Implicit null exception at 0x000001ff5a0a92f2 to 0x000001ff5a0a990c
Event: 4.439 Thread 0x000001ff4f0e1d10 Implicit null exception at 0x000001ff5a0a9f72 to 0x000001ff5a0aa5ac
Event: 4.565 Thread 0x000001ff4f0e1d10 Exception <a 'java/lang/NoSuchMethodError'{0x000000008b595520}: 'java.lang.Object java.lang.invoke.DirectMethodHandle$Holder.invokeVirtual(java.lang.Object, java.lang.Object, java.lang.Object)'> (0x000000008b595520) 
thrown [s\src\hotspot\share\interpreter\linkResolver.cpp, line 771]
Event: 6.065 Thread 0x000001ff4f0e1d10 Exception <a 'java/lang/NoSuchMethodError'{0x000000008b7d97c8}: 'java.lang.Object java.lang.invoke.DirectMethodHandle$Holder.newInvokeSpecial(java.lang.Object, java.lang.Object, int)'> (0x000000008b7d97c8) 
thrown [s\src\hotspot\share\interpreter\linkResolver.cpp, line 771]
Event: 6.250 Thread 0x000001ff4f0e1d10 Implicit null exception at 0x000001ff5a1f28cc to 0x000001ff5a1f29b4
Event: 7.478 Thread 0x000001ff4f0e1d10 Exception <a 'java/lang/NoSuchMethodError'{0x000000008db970c8}: 'java.lang.Object java.lang.invoke.DirectMethodHandle$Holder.newInvokeSpecial(java.lang.Object, java.lang.Object, java.lang.Object, int)'> (0x000000008db970c8) 
thrown [s\src\hotspot\share\interpreter\linkResolver.cpp, line 771]
Event: 7.478 Thread 0x000001ff4f0e1d10 Exception <a 'java/lang/NoSuchMethodError'{0x000000008db9b750}: 'java.lang.Object java.lang.invoke.DirectMethodHandle$Holder.invokeSpecial(java.lang.Object, java.lang.Object, java.lang.Object, java.lang.Object, int)'> (0x000000008db9b750) 
thrown [s\src\hotspot\share\interpreter\linkResolver.cpp, line 771]
Event: 7.479 Thread 0x000001ff4f0e1d10 Exception <a 'java/lang/NoSuchMethodError'{0x000000008db9f5c0}: 'java.lang.Object java.lang.invoke.Invokers$Holder.linkToTargetMethod(java.lang.Object, java.lang.Object, int, java.lang.Object)'> (0x000000008db9f5c0) 
thrown [s\src\hotspot\share\interpreter\linkResolver.cpp, line 771]
Event: 11.044 Thread 0x000001ff4f0e1d10 Exception <a 'java/lang/NoSuchMethodError'{0x000000008d1346a8}: 'java.lang.Object java.lang.invoke.DirectMethodHandle$Holder.newInvokeSpecial(java.lang.Object, java.lang.Object, java.lang.Object, java.lang.Object, java.lang.Object, java.lang.Object)'> (0x000000008d1346a8) 
thrown [s\src\hotspot\share\interpreter\linkResolver.cpp, line 771]

VM Operations (20 events):
Event: 8.522 Executing VM operation: G1CollectForAllocation done
Event: 8.766 Executing VM operation: G1TryInitiateConcMark
Event: 8.781 Executing VM operation: G1TryInitiateConcMark done
Event: 8.825 Executing VM operation: G1PauseRemark
Event: 8.832 Executing VM operation: G1PauseRemark done
Event: 8.856 Executing VM operation: G1PauseCleanup
Event: 8.856 Executing VM operation: G1PauseCleanup done
Event: 8.874 Executing VM operation: G1CollectForAllocation
Event: 8.880 Executing VM operation: G1CollectForAllocation done
Event: 8.886 Executing VM operation: G1CollectForAllocation
Event: 8.899 Executing VM operation: G1CollectForAllocation done
Event: 9.738 Executing VM operation: G1CollectForAllocation
Event: 9.753 Executing VM operation: G1CollectForAllocation done
Event: 10.108 Executing VM operation: G1CollectForAllocation
Event: 10.125 Executing VM operation: G1CollectForAllocation done
Event: 10.486 Executing VM operation: G1CollectForAllocation
Event: 10.500 Executing VM operation: G1CollectForAllocation done
Event: 10.961 Executing VM operation: ICBufferFull
Event: 10.962 Executing VM operation: ICBufferFull done
Event: 11.186 Executing VM operation: G1CollectForAllocation

Events (20 events):
Event: 8.472 loading class java/util/regex/Pattern$NotBehind done
Event: 10.321 Thread 0x000001ff6f1d5a10 Thread added: 0x000001ff6f1d5a10
Event: 11.035 loading class java/util/stream/IntStream
Event: 11.040 loading class java/util/stream/IntStream done
Event: 11.041 loading class java/util/stream/IntPipeline$Head
Event: 11.041 loading class java/util/stream/IntPipeline
Event: 11.042 loading class java/util/stream/IntPipeline done
Event: 11.042 loading class java/util/stream/IntPipeline$Head done
Event: 11.044 loading class java/util/stream/IntPipeline$1
Event: 11.044 loading class java/util/stream/IntPipeline$1 done
Event: 11.046 loading class java/util/stream/IntPipeline$1$1
Event: 11.046 loading class java/util/stream/Sink$ChainedInt
Event: 11.046 loading class java/util/stream/Sink$OfInt
Event: 11.046 loading class java/util/function/IntConsumer
Event: 11.046 loading class java/util/function/IntConsumer done
Event: 11.046 loading class java/util/stream/Sink$OfInt done
Event: 11.046 loading class java/util/stream/Sink$ChainedInt done
Event: 11.046 loading class java/util/stream/IntPipeline$1$1 done
Event: 11.050 loading class java/util/RegularEnumSet$EnumSetIterator
Event: 11.050 loading class java/util/RegularEnumSet$EnumSetIterator done


Dynamic libraries:
0x00007ff7d9f50000 - 0x00007ff7d9f5a000 	C:\Program Files\Android\Android Studio\jbr\bin\java.exe
0x00007ffced110000 - 0x00007ffced308000 	C:\windows\SYSTEM32\ntdll.dll
0x00007ffceb800000 - 0x00007ffceb8bd000 	C:\windows\System32\KERNEL32.DLL
0x00007ffcea9a0000 - 0x00007ffceac96000 	C:\windows\System32\KERNELBASE.dll
0x00007ffcea810000 - 0x00007ffcea910000 	C:\windows\System32\ucrtbase.dll
0x00007ffce4180000 - 0x00007ffce419b000 	C:\Program Files\Android\Android Studio\jbr\bin\VCRUNTIME140.dll
0x00007ffcccec0000 - 0x00007ffccced7000 	C:\Program Files\Android\Android Studio\jbr\bin\jli.dll
0x00007ffcec290000 - 0x00007ffcec42e000 	C:\windows\System32\USER32.dll
0x00007ffcea7e0000 - 0x00007ffcea802000 	C:\windows\System32\win32u.dll
0x00007ffcd5fd0000 - 0x00007ffcd626a000 	C:\windows\WinSxS\amd64_microsoft.windows.common-controls_6595b64144ccf1df_6.0.19041.3636_none_60b6a03d71f818d5\COMCTL32.dll
0x00007ffcebb00000 - 0x00007ffcebb2c000 	C:\windows\System32\GDI32.dll
0x00007ffcec610000 - 0x00007ffcec6ae000 	C:\windows\System32\msvcrt.dll
0x00007ffceaee0000 - 0x00007ffceaffa000 	C:\windows\System32\gdi32full.dll
0x00007ffceb0c0000 - 0x00007ffceb15d000 	C:\windows\System32\msvcp_win.dll
0x00007ffcebad0000 - 0x00007ffcebb00000 	C:\windows\System32\IMM32.DLL
0x00007ffce2520000 - 0x00007ffce252c000 	C:\Program Files\Android\Android Studio\jbr\bin\vcruntime140_1.dll
0x00007ffca89a0000 - 0x00007ffca8a2d000 	C:\Program Files\Android\Android Studio\jbr\bin\msvcp140.dll
0x00007ffcafa90000 - 0x00007ffcb0713000 	C:\Program Files\Android\Android Studio\jbr\bin\server\jvm.dll
0x00007ffcec430000 - 0x00007ffcec4e3000 	C:\windows\System32\ADVAPI32.dll
0x00007ffcecf20000 - 0x00007ffcecfbf000 	C:\windows\System32\sechost.dll
0x00007ffceb6d0000 - 0x00007ffceb7f6000 	C:\windows\System32\RPCRT4.dll
0x00007ffceaeb0000 - 0x00007ffceaed7000 	C:\windows\System32\bcrypt.dll
0x00007ffccd0d0000 - 0x00007ffccd0d9000 	C:\windows\SYSTEM32\WSOCK32.dll
0x00007ffcec6b0000 - 0x00007ffcec71b000 	C:\windows\System32\WS2_32.dll
0x00007ffcdf0b0000 - 0x00007ffcdf0ba000 	C:\windows\SYSTEM32\VERSION.dll
0x00007ffce9f20000 - 0x00007ffce9f6b000 	C:\windows\SYSTEM32\POWRPROF.dll
0x00007ffcce730000 - 0x00007ffcce757000 	C:\windows\SYSTEM32\WINMM.dll
0x00007ffce9e70000 - 0x00007ffce9e82000 	C:\windows\SYSTEM32\UMPDC.dll
0x00007ffce9020000 - 0x00007ffce9032000 	C:\windows\SYSTEM32\kernel.appcore.dll
0x00007ffce24c0000 - 0x00007ffce24ca000 	C:\Program Files\Android\Android Studio\jbr\bin\jimage.dll
0x00007ffce83c0000 - 0x00007ffce85a4000 	C:\windows\SYSTEM32\DBGHELP.DLL
0x00007ffcc25e0000 - 0x00007ffcc2614000 	C:\windows\SYSTEM32\dbgcore.DLL
0x00007ffcea910000 - 0x00007ffcea992000 	C:\windows\System32\bcryptPrimitives.dll
0x00007ffcdf0f0000 - 0x00007ffcdf115000 	C:\Program Files\Android\Android Studio\jbr\bin\java.dll
0x00007ffcde780000 - 0x00007ffcde798000 	C:\Program Files\Android\Android Studio\jbr\bin\zip.dll
0x00007ffcec720000 - 0x00007ffcece65000 	C:\windows\System32\SHELL32.dll
0x00007ffce8870000 - 0x00007ffce900b000 	C:\windows\SYSTEM32\windows.storage.dll
0x00007ffceb1f0000 - 0x00007ffceb544000 	C:\windows\System32\combase.dll
0x00007ffcea210000 - 0x00007ffcea23d000 	C:\windows\SYSTEM32\Wldp.dll
0x00007ffcece70000 - 0x00007ffcecf1d000 	C:\windows\System32\SHCORE.dll
0x00007ffcebb30000 - 0x00007ffcebb85000 	C:\windows\System32\shlwapi.dll
0x00007ffcea710000 - 0x00007ffcea735000 	C:\windows\SYSTEM32\profapi.dll
0x00007ffcd5380000 - 0x00007ffcd5399000 	C:\Program Files\Android\Android Studio\jbr\bin\net.dll
0x00007ffce5440000 - 0x00007ffce554a000 	C:\windows\SYSTEM32\WINHTTP.dll
0x00007ffce9f70000 - 0x00007ffce9fda000 	C:\windows\system32\mswsock.dll
0x00007ffccfbe0000 - 0x00007ffccfbf6000 	C:\Program Files\Android\Android Studio\jbr\bin\nio.dll
0x00007ffcd5270000 - 0x00007ffcd5280000 	C:\Program Files\Android\Android Studio\jbr\bin\verify.dll

dbghelp: loaded successfully - version: 4.0.5 - missing functions: none
symbol engine: initialized successfully - sym options: 0x614 - pdb path: .;C:\Program Files\Android\Android Studio\jbr\bin;C:\windows\SYSTEM32;C:\windows\WinSxS\amd64_microsoft.windows.common-controls_6595b64144ccf1df_6.0.19041.3636_none_60b6a03d71f818d5;C:\Program Files\Android\Android Studio\jbr\bin\server

VM Arguments:
java_command: org.jetbrains.kotlin.cli.jvm.K2JVMCompiler @C:\Users\AVuser\Downloads\csci_5708_group_12g_project\app\build\20240329_9611280008236988305.compiler.options
java_class_path (initial): C:\Users\AVuser\.gradle\caches\modules-2\files-2.1\org.jetbrains.kotlin\kotlin-compiler-embeddable\1.9.0\2c8c3a7402becca891f12739b3e9fd2dc2adbd7a\kotlin-compiler-embeddable-1.9.0.jar;C:\Users\AVuser\.gradle\caches\modules-2\files-2.1\org.jetbrains.kotlin\kotlin-stdlib\1.9.0\8ee15ef0c67dc83d874f412d84378d7f0eb50b63\kotlin-stdlib-1.9.0.jar;C:\Users\AVuser\.gradle\caches\modules-2\files-2.1\org.jetbrains.kotlin\kotlin-script-runtime\1.9.0\4b3102cbbb7e1b58d9d1adf89563f00069ffa7d1\kotlin-script-runtime-1.9.0.jar;C:\Users\AVuser\.gradle\caches\modules-2\files-2.1\org.jetbrains.kotlin\kotlin-reflect\1.6.10\1cbe9c92c12a94eea200d23c2bbaedaf3daf5132\kotlin-reflect-1.6.10.jar;C:\Users\AVuser\.gradle\caches\modules-2\files-2.1\org.jetbrains.kotlin\kotlin-daemon-embeddable\1.9.0\186543f5e28cf8d9a0290fecc2cf34301c40a65c\kotlin-daemon-embeddable-1.9.0.jar;C:\Users\AVuser\.gradle\caches\modules-2\files-2.1\org.jetbrains.intellij.deps\trove4j\1.0.20200330\3afb14d5f9ceb459d724e907a21145e8ff394f02\trove4j-1.0.20200330.jar;C:\Users\AVuser\.gradle\caches\modules-2\files-2.1\org.jetbrains.kotlin\kotlin-stdlib-common\1.9.0\cd65c21cfd1eec4d44ef09f9f52b6d9f8a720636\kotlin-stdlib-common-1.9.0.jar;C:\Users\AVuser\.gradle\caches\modules-2\files-2.1\org.jetbrains\annotations\13.0\919f0dfe192fb4e063e7dacadee7f8bb9a2672a9\annotations-13.0.jar
Launcher Type: SUN_STANDARD

[Global flags]
     intx CICompilerCount                          = 4                                         {product} {ergonomic}
     uint ConcGCThreads                            = 2                                         {product} {ergonomic}
     uint G1ConcRefinementThreads                  = 8                                         {product} {ergonomic}
   size_t G1HeapRegionSize                         = 1048576                                   {product} {ergonomic}
    uintx GCDrainStackTargetSize                   = 64                                        {product} {ergonomic}
   size_t InitialHeapSize                          = 127926272                                 {product} {ergonomic}
   size_t MarkStackSize                            = 4194304                                   {product} {ergonomic}
   size_t MaxHeapSize                              = 2044723200                                {product} {ergonomic}
   size_t MaxNewSize                               = 1226833920                                {product} {ergonomic}
   size_t MinHeapDeltaBytes                        = 1048576                                   {product} {ergonomic}
   size_t MinHeapSize                              = 8388608                                   {product} {ergonomic}
    uintx NonNMethodCodeHeapSize                   = 5839372                                {pd product} {ergonomic}
    uintx NonProfiledCodeHeapSize                  = 122909434                              {pd product} {ergonomic}
    uintx ProfiledCodeHeapSize                     = 122909434                              {pd product} {ergonomic}
    uintx ReservedCodeCacheSize                    = 251658240                              {pd product} {ergonomic}
     bool SegmentedCodeCache                       = true                                      {product} {ergonomic}
   size_t SoftMaxHeapSize                          = 2044723200                             {manageable} {ergonomic}
     bool UseCompressedClassPointers               = true                           {product lp64_product} {ergonomic}
     bool UseCompressedOops                        = true                           {product lp64_product} {ergonomic}
     bool UseG1GC                                  = true                                      {product} {ergonomic}
     bool UseLargePagesIndividualAllocation        = false                                  {pd product} {ergonomic}

Logging:
Log output configuration:
 #0: stdout all=warning uptime,level,tags
 #1: stderr all=off uptime,level,tags

Environment Variables:
JAVA_HOME=C:\Program Files\AdoptOpenJDK\
PATH=C:\Program Files\Google\Chrome\Application;C:\Program Files\AdoptOpenJDK\bin;C:\Program Files (x86)\NVIDIA Corporation\PhysX\Common;C:\windows\system32;C:\windows;C:\windows\System32\Wbem;C:\windows\System32\WindowsPowerShell\v1.0\;C:\windows\System32\OpenSSH\;C:\Program Files\dotnet\;C:\Program Files\PuTTY\;C:\Program Files (x86)\Windows Kits\8.1\Windows Performance Toolkit\;c:\Program Files\MATLAB\R2023a\runtime\win64;c:\Program Files\MATLAB\R2023a\bin;C:\Program Files\SASHome\SASFoundation\9.4\core\sasexe;C:\Program Files\SASHome\SASFoundation\9.4\ets\sasexe;C:\Program Files\SASHome\SASFoundation\9.4\core\sasext;C:\Program Files\Microsoft SQL Server\150\Tools\Binn\;C:\texlive\2023\bin\windows;C:\Users\AVuser\AppData\Local\Programs\Python\Python311\Scripts\;C:\Users\AVuser\AppData\Local\Programs\Python\Python311\;C:\Users\AVuser\AppData\Local\Microsoft\WindowsApps;C:\Users\AVuser\AppData\Local\Programs\Microsoft VS Code\bin
USERNAME=AVuser
OS=Windows_NT
PROCESSOR_IDENTIFIER=Intel64 Family 6 Model 142 Stepping 12, GenuineIntel
TMP=C:\Users\AVuser\AppData\Local\Temp
TEMP=C:\Users\AVuser\AppData\Local\Temp



Periodic native trim disabled

JNI global refs:
JNI global refs: 11, weak refs: 24

JNI global refs memory usage: 843, weak refs: 841

OOME stack traces (most recent first):
Classloader memory used:
Loader jdk.internal.loader.ClassLoaders$AppClassLoader                                 : 5065K
Loader bootstrap                                                                       : 1340K
Loader java.net.URLClassLoader                                                         : 22493B
Loader jdk.internal.reflect.DelegatingClassLoader                                      : 12134B
Loader jdk.internal.loader.ClassLoaders$PlatformClassLoader                            : 2276B


---------------  S Y S T E M  ---------------

OS:
 Windows 10 , 64 bit Build 19041 (10.0.19041.3636)
OS uptime: 0 days 0:52 hours

CPU: total 8 (initial active 8) (4 cores per cpu, 2 threads per core) family 6 model 142 stepping 12 microcode 0xf8, cx8, cmov, fxsr, ht, mmx, 3dnowpref, sse, sse2, sse3, ssse3, sse4.1, sse4.2, popcnt, lzcnt, tsc, tscinvbit, avx, avx2, aes, erms, clmul, bmi1, bmi2, adx, fma, vzeroupper, clflush, clflushopt
Processor Information for all 8 processors :
  Max Mhz: 2208, Current Mhz: 1706, Mhz Limit: 1700

Memory: 4k page, system-wide physical 7792M (567M free)
TotalPageFile size 15984M (AvailPageFile size 65M)
current process WorkingSet (physical memory assigned to process): 309M, peak: 317M
current process commit charge ("private bytes"): 349M, peak: 586M

vm_info: OpenJDK 64-Bit Server VM (17.0.9+0--11185874) for windows-amd64 JRE (17.0.9+0--11185874), built on Dec  6 2023 18:57:44 by "androidbuild" with MS VC++ 16.10 / 16.11 (VS2019)

END.
