#
# There is insufficient memory for the Java Runtime Environment to continue.
# Native memory allocation (malloc) failed to allocate 328336 bytes for Chunk::new
# Possible reasons:
#   The system is out of physical RAM or swap space
#   The process is running with CompressedOops enabled, and the Java Heap may be blocking the growth of the native heap
# Possible solutions:
#   Reduce memory load on the system
#   Increase physical memory or swap space
#   Check if swap backing store is full
#   Decrease Java heap size (-Xmx/-Xms)
#   Decrease number of Java threads
#   Decrease Java thread stack sizes (-Xss)
#   Set larger code cache with -XX:ReservedCodeCacheSize=
#   JVM is running with Unscaled Compressed Oops mode in which the Java heap is
#     placed in the first 4GB address space. The Java Heap base address is the
#     maximum limit for the native heap growth. Please use -XX:HeapBaseMinAddress
#     to set the Java Heap base and to place the Java Heap above 4GB virtual address.
# This output file may be truncated or incomplete.
#
#  Out of Memory Error (arena.cpp:191), pid=14152, tid=7980
#
# JRE version: OpenJDK Runtime Environment (17.0.9) (build 17.0.9+0--11185874)
# Java VM: OpenJDK 64-Bit Server VM (17.0.9+0--11185874, mixed mode, tiered, compressed oops, compressed class ptrs, g1 gc, windows-amd64)
# No core dump will be written. Minidumps are not enabled by default on client versions of Windows
#

---------------  S U M M A R Y ------------

Command Line: org.jetbrains.kotlin.cli.jvm.K2JVMCompiler @C:\Users\AVuser\Downloads\csci_5708_group_12g_project\app\build\20240329_7853505023360789826.compiler.options

Host: Intel(R) Core(TM) i5-10310U CPU @ 1.70GHz, 8 cores, 7G,  Windows 10 , 64 bit Build 19041 (10.0.19041.3636)
Time: Fri Mar 29 17:06:12 2024 Atlantic Daylight Time elapsed time: 0.869841 seconds (0d 0h 0m 0s)

---------------  T H R E A D  ---------------

Current thread (0x00000262d2a33ba0):  JavaThread "C2 CompilerThread1" daemon [_thread_in_native, id=7980, stack(0x0000009b94500000,0x0000009b94600000)]


Current CompileTask:
C2:    869  735   !   4       java.util.zip.ZipFile$Source::getEntryPos (173 bytes)

Stack: [0x0000009b94500000,0x0000009b94600000]
Native frames: (J=compiled Java code, j=interpreted, Vv=VM code, C=native code)
V  [jvm.dll+0x6886e9]
V  [jvm.dll+0x841e4a]
V  [jvm.dll+0x843a8e]
V  [jvm.dll+0x8440f3]
V  [jvm.dll+0x24c14f]
V  [jvm.dll+0xac44c]
V  [jvm.dll+0xaca9c]
V  [jvm.dll+0x36c1a2]
V  [jvm.dll+0x33651a]
V  [jvm.dll+0x3359ba]
V  [jvm.dll+0x21ddb1]
V  [jvm.dll+0x21d1d1]
V  [jvm.dll+0x1a674d]
V  [jvm.dll+0x22d088]
V  [jvm.dll+0x22b1c0]
V  [jvm.dll+0x7f62f7]
V  [jvm.dll+0x7f06aa]
V  [jvm.dll+0x687565]
C  [ucrtbase.dll+0x21bb2]
C  [KERNEL32.DLL+0x17344]
C  [ntdll.dll+0x526b1]


---------------  P R O C E S S  ---------------

Threads class SMR info:
_java_thread_list=0x00000262d27c21e0, length=13, elements={
0x00000262b6be1920, 0x00000262d27c5910, 0x00000262d27c64a0, 0x00000262d246e540,
0x00000262d28284f0, 0x00000262d2828dc0, 0x00000262d2829eb0, 0x00000262d282e3c0,
0x00000262d28370e0, 0x00000262d2837e00, 0x00000262d2997e30, 0x00000262d29a6470,
0x00000262d2a33ba0
}

Java Threads: ( => current thread )
  0x00000262b6be1920 JavaThread "main" [_thread_in_vm, id=3724, stack(0x0000009b93200000,0x0000009b93300000)]
  0x00000262d27c5910 JavaThread "Reference Handler" daemon [_thread_blocked, id=14244, stack(0x0000009b93900000,0x0000009b93a00000)]
  0x00000262d27c64a0 JavaThread "Finalizer" daemon [_thread_blocked, id=1300, stack(0x0000009b93a00000,0x0000009b93b00000)]
  0x00000262d246e540 JavaThread "Signal Dispatcher" daemon [_thread_blocked, id=2436, stack(0x0000009b93b00000,0x0000009b93c00000)]
  0x00000262d28284f0 JavaThread "Attach Listener" daemon [_thread_blocked, id=4568, stack(0x0000009b93c00000,0x0000009b93d00000)]
  0x00000262d2828dc0 JavaThread "Service Thread" daemon [_thread_blocked, id=1088, stack(0x0000009b93d00000,0x0000009b93e00000)]
  0x00000262d2829eb0 JavaThread "Monitor Deflation Thread" daemon [_thread_blocked, id=2380, stack(0x0000009b93e00000,0x0000009b93f00000)]
  0x00000262d282e3c0 JavaThread "C2 CompilerThread0" daemon [_thread_in_native, id=12012, stack(0x0000009b93f00000,0x0000009b94000000)]
  0x00000262d28370e0 JavaThread "C1 CompilerThread0" daemon [_thread_blocked, id=12768, stack(0x0000009b94000000,0x0000009b94100000)]
  0x00000262d2837e00 JavaThread "Sweeper thread" daemon [_thread_blocked, id=1636, stack(0x0000009b94100000,0x0000009b94200000)]
  0x00000262d2997e30 JavaThread "Notification Thread" daemon [_thread_blocked, id=9368, stack(0x0000009b94200000,0x0000009b94300000)]
  0x00000262d29a6470 JavaThread "Common-Cleaner" daemon [_thread_blocked, id=1428, stack(0x0000009b94400000,0x0000009b94500000)]
=>0x00000262d2a33ba0 JavaThread "C2 CompilerThread1" daemon [_thread_in_native, id=7980, stack(0x0000009b94500000,0x0000009b94600000)]

Other Threads:
  0x00000262d2462c20 VMThread "VM Thread" [stack: 0x0000009b93800000,0x0000009b93900000] [id=13956]
  0x00000262d2998310 WatcherThread [stack: 0x0000009b94300000,0x0000009b94400000] [id=3864]
  0x00000262b6c3b110 GCTaskThread "GC Thread#0" [stack: 0x0000009b93300000,0x0000009b93400000] [id=13212]
  0x00000262d7034950 GCTaskThread "GC Thread#1" [stack: 0x0000009b94600000,0x0000009b94700000] [id=2692]
  0x00000262d7033350 GCTaskThread "GC Thread#2" [stack: 0x0000009b94700000,0x0000009b94800000] [id=7968]
  0x00000262d7034c10 GCTaskThread "GC Thread#3" [stack: 0x0000009b94800000,0x0000009b94900000] [id=11252]
  0x00000262d70343d0 GCTaskThread "GC Thread#4" [stack: 0x0000009b94900000,0x0000009b94a00000] [id=7432]
  0x00000262b6c4b330 ConcurrentGCThread "G1 Main Marker" [stack: 0x0000009b93400000,0x0000009b93500000] [id=6384]
  0x00000262b6c4c400 ConcurrentGCThread "G1 Conc#0" [stack: 0x0000009b93500000,0x0000009b93600000] [id=8700]
  0x00000262d22d4c70 ConcurrentGCThread "G1 Refine#0" [stack: 0x0000009b93600000,0x0000009b93700000] [id=1164]
  0x00000262d22d55b0 ConcurrentGCThread "G1 Service" [stack: 0x0000009b93700000,0x0000009b93800000] [id=6080]

Threads with active compile tasks:
C2 CompilerThread0      904  736   !   4       java.util.zip.ZipFile::getEntry (59 bytes)
C2 CompilerThread1      904  735   !   4       java.util.zip.ZipFile$Source::getEntryPos (173 bytes)

VM state: not at safepoint (normal execution)

VM Mutex/Monitor currently owned by a thread: None

Heap address: 0x0000000086200000, size: 1950 MB, Compressed Oops mode: 32-bit

CDS archive(s) not mapped
Compressed class space mapped at: 0x0000000100000000-0x0000000140000000, reserved size: 1073741824
Narrow klass base: 0x0000000000000000, Narrow klass shift: 3, Narrow klass range: 0x140000000

GC Precious Log:
 CPUs: 8 total, 8 available
 Memory: 7792M
 Large Page Support: Disabled
 NUMA Support: Disabled
 Compressed Oops: Enabled (32-bit)
 Heap Region Size: 1M
 Heap Min Capacity: 8M
 Heap Initial Capacity: 122M
 Heap Max Capacity: 1950M
 Pre-touch: Disabled
 Parallel Workers: 8
 Concurrent Workers: 2
 Concurrent Refinement Workers: 8
 Periodic GC: Disabled

Heap:
 garbage-first heap   total 124928K, used 10880K [0x0000000086200000, 0x0000000100000000)
  region size 1024K, 8 young (8192K), 3 survivors (3072K)
 Metaspace       used 14207K, committed 14336K, reserved 1114112K
  class space    used 1391K, committed 1472K, reserved 1048576K

Heap Regions: E=young(eden), S=young(survivor), O=old, HS=humongous(starts), HC=humongous(continues), CS=collection set, F=free, OA=open archive, CA=closed archive, TAMS=top-at-mark-start (previous, next)
|   0|0x0000000086200000, 0x0000000086300000, 0x0000000086300000|100%|HS|  |TAMS 0x0000000086200000, 0x0000000086200000| Complete 
|   1|0x0000000086300000, 0x0000000086400000, 0x0000000086400000|100%|HC|  |TAMS 0x0000000086300000, 0x0000000086300000| Complete 
|   2|0x0000000086400000, 0x0000000086500000, 0x0000000086500000|100%|HC|  |TAMS 0x0000000086400000, 0x0000000086400000| Complete 
|   3|0x0000000086500000, 0x0000000086600000, 0x0000000086600000|100%|HC|  |TAMS 0x0000000086500000, 0x0000000086500000| Complete 
|   4|0x0000000086600000, 0x0000000086600000, 0x0000000086700000|  0%| F|  |TAMS 0x0000000086600000, 0x0000000086600000| Untracked 
|   5|0x0000000086700000, 0x0000000086700000, 0x0000000086800000|  0%| F|  |TAMS 0x0000000086700000, 0x0000000086700000| Untracked 
|   6|0x0000000086800000, 0x0000000086800000, 0x0000000086900000|  0%| F|  |TAMS 0x0000000086800000, 0x0000000086800000| Untracked 
|   7|0x0000000086900000, 0x0000000086900000, 0x0000000086a00000|  0%| F|  |TAMS 0x0000000086900000, 0x0000000086900000| Untracked 
|   8|0x0000000086a00000, 0x0000000086a00000, 0x0000000086b00000|  0%| F|  |TAMS 0x0000000086a00000, 0x0000000086a00000| Untracked 
|   9|0x0000000086b00000, 0x0000000086b00000, 0x0000000086c00000|  0%| F|  |TAMS 0x0000000086b00000, 0x0000000086b00000| Untracked 
|  10|0x0000000086c00000, 0x0000000086c00000, 0x0000000086d00000|  0%| F|  |TAMS 0x0000000086c00000, 0x0000000086c00000| Untracked 
|  11|0x0000000086d00000, 0x0000000086d00000, 0x0000000086e00000|  0%| F|  |TAMS 0x0000000086d00000, 0x0000000086d00000| Untracked 
|  12|0x0000000086e00000, 0x0000000086e00000, 0x0000000086f00000|  0%| F|  |TAMS 0x0000000086e00000, 0x0000000086e00000| Untracked 
|  13|0x0000000086f00000, 0x0000000086f00000, 0x0000000087000000|  0%| F|  |TAMS 0x0000000086f00000, 0x0000000086f00000| Untracked 
|  14|0x0000000087000000, 0x0000000087000000, 0x0000000087100000|  0%| F|  |TAMS 0x0000000087000000, 0x0000000087000000| Untracked 
|  15|0x0000000087100000, 0x0000000087100000, 0x0000000087200000|  0%| F|  |TAMS 0x0000000087100000, 0x0000000087100000| Untracked 
|  16|0x0000000087200000, 0x0000000087200000, 0x0000000087300000|  0%| F|  |TAMS 0x0000000087200000, 0x0000000087200000| Untracked 
|  17|0x0000000087300000, 0x0000000087300000, 0x0000000087400000|  0%| F|  |TAMS 0x0000000087300000, 0x0000000087300000| Untracked 
|  18|0x0000000087400000, 0x0000000087400000, 0x0000000087500000|  0%| F|  |TAMS 0x0000000087400000, 0x0000000087400000| Untracked 
|  19|0x0000000087500000, 0x0000000087500000, 0x0000000087600000|  0%| F|  |TAMS 0x0000000087500000, 0x0000000087500000| Untracked 
|  20|0x0000000087600000, 0x0000000087600000, 0x0000000087700000|  0%| F|  |TAMS 0x0000000087600000, 0x0000000087600000| Untracked 
|  21|0x0000000087700000, 0x0000000087700000, 0x0000000087800000|  0%| F|  |TAMS 0x0000000087700000, 0x0000000087700000| Untracked 
|  22|0x0000000087800000, 0x0000000087800000, 0x0000000087900000|  0%| F|  |TAMS 0x0000000087800000, 0x0000000087800000| Untracked 
|  23|0x0000000087900000, 0x0000000087900000, 0x0000000087a00000|  0%| F|  |TAMS 0x0000000087900000, 0x0000000087900000| Untracked 
|  24|0x0000000087a00000, 0x0000000087a00000, 0x0000000087b00000|  0%| F|  |TAMS 0x0000000087a00000, 0x0000000087a00000| Untracked 
|  25|0x0000000087b00000, 0x0000000087b00000, 0x0000000087c00000|  0%| F|  |TAMS 0x0000000087b00000, 0x0000000087b00000| Untracked 
|  26|0x0000000087c00000, 0x0000000087c00000, 0x0000000087d00000|  0%| F|  |TAMS 0x0000000087c00000, 0x0000000087c00000| Untracked 
|  27|0x0000000087d00000, 0x0000000087d00000, 0x0000000087e00000|  0%| F|  |TAMS 0x0000000087d00000, 0x0000000087d00000| Untracked 
|  28|0x0000000087e00000, 0x0000000087e00000, 0x0000000087f00000|  0%| F|  |TAMS 0x0000000087e00000, 0x0000000087e00000| Untracked 
|  29|0x0000000087f00000, 0x0000000087f00000, 0x0000000088000000|  0%| F|  |TAMS 0x0000000087f00000, 0x0000000087f00000| Untracked 
|  30|0x0000000088000000, 0x0000000088000000, 0x0000000088100000|  0%| F|  |TAMS 0x0000000088000000, 0x0000000088000000| Untracked 
|  31|0x0000000088100000, 0x0000000088100000, 0x0000000088200000|  0%| F|  |TAMS 0x0000000088100000, 0x0000000088100000| Untracked 
|  32|0x0000000088200000, 0x0000000088200000, 0x0000000088300000|  0%| F|  |TAMS 0x0000000088200000, 0x0000000088200000| Untracked 
|  33|0x0000000088300000, 0x0000000088300000, 0x0000000088400000|  0%| F|  |TAMS 0x0000000088300000, 0x0000000088300000| Untracked 
|  34|0x0000000088400000, 0x0000000088400000, 0x0000000088500000|  0%| F|  |TAMS 0x0000000088400000, 0x0000000088400000| Untracked 
|  35|0x0000000088500000, 0x0000000088500000, 0x0000000088600000|  0%| F|  |TAMS 0x0000000088500000, 0x0000000088500000| Untracked 
|  36|0x0000000088600000, 0x0000000088600000, 0x0000000088700000|  0%| F|  |TAMS 0x0000000088600000, 0x0000000088600000| Untracked 
|  37|0x0000000088700000, 0x0000000088700000, 0x0000000088800000|  0%| F|  |TAMS 0x0000000088700000, 0x0000000088700000| Untracked 
|  38|0x0000000088800000, 0x0000000088800000, 0x0000000088900000|  0%| F|  |TAMS 0x0000000088800000, 0x0000000088800000| Untracked 
|  39|0x0000000088900000, 0x0000000088900000, 0x0000000088a00000|  0%| F|  |TAMS 0x0000000088900000, 0x0000000088900000| Untracked 
|  40|0x0000000088a00000, 0x0000000088a00000, 0x0000000088b00000|  0%| F|  |TAMS 0x0000000088a00000, 0x0000000088a00000| Untracked 
|  41|0x0000000088b00000, 0x0000000088b00000, 0x0000000088c00000|  0%| F|  |TAMS 0x0000000088b00000, 0x0000000088b00000| Untracked 
|  42|0x0000000088c00000, 0x0000000088c00000, 0x0000000088d00000|  0%| F|  |TAMS 0x0000000088c00000, 0x0000000088c00000| Untracked 
|  43|0x0000000088d00000, 0x0000000088d00000, 0x0000000088e00000|  0%| F|  |TAMS 0x0000000088d00000, 0x0000000088d00000| Untracked 
|  44|0x0000000088e00000, 0x0000000088e00000, 0x0000000088f00000|  0%| F|  |TAMS 0x0000000088e00000, 0x0000000088e00000| Untracked 
|  45|0x0000000088f00000, 0x0000000088f00000, 0x0000000089000000|  0%| F|  |TAMS 0x0000000088f00000, 0x0000000088f00000| Untracked 
|  46|0x0000000089000000, 0x0000000089000000, 0x0000000089100000|  0%| F|  |TAMS 0x0000000089000000, 0x0000000089000000| Untracked 
|  47|0x0000000089100000, 0x0000000089100000, 0x0000000089200000|  0%| F|  |TAMS 0x0000000089100000, 0x0000000089100000| Untracked 
|  48|0x0000000089200000, 0x0000000089200000, 0x0000000089300000|  0%| F|  |TAMS 0x0000000089200000, 0x0000000089200000| Untracked 
|  49|0x0000000089300000, 0x0000000089300000, 0x0000000089400000|  0%| F|  |TAMS 0x0000000089300000, 0x0000000089300000| Untracked 
|  50|0x0000000089400000, 0x0000000089400000, 0x0000000089500000|  0%| F|  |TAMS 0x0000000089400000, 0x0000000089400000| Untracked 
|  51|0x0000000089500000, 0x0000000089500000, 0x0000000089600000|  0%| F|  |TAMS 0x0000000089500000, 0x0000000089500000| Untracked 
|  52|0x0000000089600000, 0x0000000089600000, 0x0000000089700000|  0%| F|  |TAMS 0x0000000089600000, 0x0000000089600000| Untracked 
|  53|0x0000000089700000, 0x0000000089700000, 0x0000000089800000|  0%| F|  |TAMS 0x0000000089700000, 0x0000000089700000| Untracked 
|  54|0x0000000089800000, 0x0000000089800000, 0x0000000089900000|  0%| F|  |TAMS 0x0000000089800000, 0x0000000089800000| Untracked 
|  55|0x0000000089900000, 0x0000000089900000, 0x0000000089a00000|  0%| F|  |TAMS 0x0000000089900000, 0x0000000089900000| Untracked 
|  56|0x0000000089a00000, 0x0000000089a00000, 0x0000000089b00000|  0%| F|  |TAMS 0x0000000089a00000, 0x0000000089a00000| Untracked 
|  57|0x0000000089b00000, 0x0000000089b00000, 0x0000000089c00000|  0%| F|  |TAMS 0x0000000089b00000, 0x0000000089b00000| Untracked 
|  58|0x0000000089c00000, 0x0000000089c00000, 0x0000000089d00000|  0%| F|  |TAMS 0x0000000089c00000, 0x0000000089c00000| Untracked 
|  59|0x0000000089d00000, 0x0000000089d00000, 0x0000000089e00000|  0%| F|  |TAMS 0x0000000089d00000, 0x0000000089d00000| Untracked 
|  60|0x0000000089e00000, 0x0000000089e00000, 0x0000000089f00000|  0%| F|  |TAMS 0x0000000089e00000, 0x0000000089e00000| Untracked 
|  61|0x0000000089f00000, 0x0000000089f00000, 0x000000008a000000|  0%| F|  |TAMS 0x0000000089f00000, 0x0000000089f00000| Untracked 
|  62|0x000000008a000000, 0x000000008a000000, 0x000000008a100000|  0%| F|  |TAMS 0x000000008a000000, 0x000000008a000000| Untracked 
|  63|0x000000008a100000, 0x000000008a100000, 0x000000008a200000|  0%| F|  |TAMS 0x000000008a100000, 0x000000008a100000| Untracked 
|  64|0x000000008a200000, 0x000000008a200000, 0x000000008a300000|  0%| F|  |TAMS 0x000000008a200000, 0x000000008a200000| Untracked 
|  65|0x000000008a300000, 0x000000008a300000, 0x000000008a400000|  0%| F|  |TAMS 0x000000008a300000, 0x000000008a300000| Untracked 
|  66|0x000000008a400000, 0x000000008a400000, 0x000000008a500000|  0%| F|  |TAMS 0x000000008a400000, 0x000000008a400000| Untracked 
|  67|0x000000008a500000, 0x000000008a500000, 0x000000008a600000|  0%| F|  |TAMS 0x000000008a500000, 0x000000008a500000| Untracked 
|  68|0x000000008a600000, 0x000000008a600000, 0x000000008a700000|  0%| F|  |TAMS 0x000000008a600000, 0x000000008a600000| Untracked 
|  69|0x000000008a700000, 0x000000008a700000, 0x000000008a800000|  0%| F|  |TAMS 0x000000008a700000, 0x000000008a700000| Untracked 
|  70|0x000000008a800000, 0x000000008a800000, 0x000000008a900000|  0%| F|  |TAMS 0x000000008a800000, 0x000000008a800000| Untracked 
|  71|0x000000008a900000, 0x000000008a900000, 0x000000008aa00000|  0%| F|  |TAMS 0x000000008a900000, 0x000000008a900000| Untracked 
|  72|0x000000008aa00000, 0x000000008aa00000, 0x000000008ab00000|  0%| F|  |TAMS 0x000000008aa00000, 0x000000008aa00000| Untracked 
|  73|0x000000008ab00000, 0x000000008ab00000, 0x000000008ac00000|  0%| F|  |TAMS 0x000000008ab00000, 0x000000008ab00000| Untracked 
|  74|0x000000008ac00000, 0x000000008ac00000, 0x000000008ad00000|  0%| F|  |TAMS 0x000000008ac00000, 0x000000008ac00000| Untracked 
|  75|0x000000008ad00000, 0x000000008ad00000, 0x000000008ae00000|  0%| F|  |TAMS 0x000000008ad00000, 0x000000008ad00000| Untracked 
|  76|0x000000008ae00000, 0x000000008ae00000, 0x000000008af00000|  0%| F|  |TAMS 0x000000008ae00000, 0x000000008ae00000| Untracked 
|  77|0x000000008af00000, 0x000000008af00000, 0x000000008b000000|  0%| F|  |TAMS 0x000000008af00000, 0x000000008af00000| Untracked 
|  78|0x000000008b000000, 0x000000008b000000, 0x000000008b100000|  0%| F|  |TAMS 0x000000008b000000, 0x000000008b000000| Untracked 
|  79|0x000000008b100000, 0x000000008b100000, 0x000000008b200000|  0%| F|  |TAMS 0x000000008b100000, 0x000000008b100000| Untracked 
|  80|0x000000008b200000, 0x000000008b200000, 0x000000008b300000|  0%| F|  |TAMS 0x000000008b200000, 0x000000008b200000| Untracked 
|  81|0x000000008b300000, 0x000000008b300000, 0x000000008b400000|  0%| F|  |TAMS 0x000000008b300000, 0x000000008b300000| Untracked 
|  82|0x000000008b400000, 0x000000008b400000, 0x000000008b500000|  0%| F|  |TAMS 0x000000008b400000, 0x000000008b400000| Untracked 
|  83|0x000000008b500000, 0x000000008b500000, 0x000000008b600000|  0%| F|  |TAMS 0x000000008b500000, 0x000000008b500000| Untracked 
|  84|0x000000008b600000, 0x000000008b600000, 0x000000008b700000|  0%| F|  |TAMS 0x000000008b600000, 0x000000008b600000| Untracked 
|  85|0x000000008b700000, 0x000000008b700000, 0x000000008b800000|  0%| F|  |TAMS 0x000000008b700000, 0x000000008b700000| Untracked 
|  86|0x000000008b800000, 0x000000008b800000, 0x000000008b900000|  0%| F|  |TAMS 0x000000008b800000, 0x000000008b800000| Untracked 
|  87|0x000000008b900000, 0x000000008b900000, 0x000000008ba00000|  0%| F|  |TAMS 0x000000008b900000, 0x000000008b900000| Untracked 
|  88|0x000000008ba00000, 0x000000008ba00000, 0x000000008bb00000|  0%| F|  |TAMS 0x000000008ba00000, 0x000000008ba00000| Untracked 
|  89|0x000000008bb00000, 0x000000008bb00000, 0x000000008bc00000|  0%| F|  |TAMS 0x000000008bb00000, 0x000000008bb00000| Untracked 
|  90|0x000000008bc00000, 0x000000008bc00000, 0x000000008bd00000|  0%| F|  |TAMS 0x000000008bc00000, 0x000000008bc00000| Untracked 
|  91|0x000000008bd00000, 0x000000008bd00000, 0x000000008be00000|  0%| F|  |TAMS 0x000000008bd00000, 0x000000008bd00000| Untracked 
|  92|0x000000008be00000, 0x000000008be00000, 0x000000008bf00000|  0%| F|  |TAMS 0x000000008be00000, 0x000000008be00000| Untracked 
|  93|0x000000008bf00000, 0x000000008bf00000, 0x000000008c000000|  0%| F|  |TAMS 0x000000008bf00000, 0x000000008bf00000| Untracked 
|  94|0x000000008c000000, 0x000000008c000000, 0x000000008c100000|  0%| F|  |TAMS 0x000000008c000000, 0x000000008c000000| Untracked 
|  95|0x000000008c100000, 0x000000008c100000, 0x000000008c200000|  0%| F|  |TAMS 0x000000008c100000, 0x000000008c100000| Untracked 
|  96|0x000000008c200000, 0x000000008c2a0000, 0x000000008c300000| 62%| S|CS|TAMS 0x000000008c200000, 0x000000008c200000| Complete 
|  97|0x000000008c300000, 0x000000008c400000, 0x000000008c400000|100%| S|CS|TAMS 0x000000008c300000, 0x000000008c300000| Complete 
|  98|0x000000008c400000, 0x000000008c500000, 0x000000008c500000|100%| S|CS|TAMS 0x000000008c400000, 0x000000008c400000| Complete 
|  99|0x000000008c500000, 0x000000008c500000, 0x000000008c600000|  0%| F|  |TAMS 0x000000008c500000, 0x000000008c500000| Untracked 
| 100|0x000000008c600000, 0x000000008c600000, 0x000000008c700000|  0%| F|  |TAMS 0x000000008c600000, 0x000000008c600000| Untracked 
| 101|0x000000008c700000, 0x000000008c700000, 0x000000008c800000|  0%| F|  |TAMS 0x000000008c700000, 0x000000008c700000| Untracked 
| 102|0x000000008c800000, 0x000000008c800000, 0x000000008c900000|  0%| F|  |TAMS 0x000000008c800000, 0x000000008c800000| Untracked 
| 103|0x000000008c900000, 0x000000008c900000, 0x000000008ca00000|  0%| F|  |TAMS 0x000000008c900000, 0x000000008c900000| Untracked 
| 104|0x000000008ca00000, 0x000000008ca00000, 0x000000008cb00000|  0%| F|  |TAMS 0x000000008ca00000, 0x000000008ca00000| Untracked 
| 105|0x000000008cb00000, 0x000000008cb00000, 0x000000008cc00000|  0%| F|  |TAMS 0x000000008cb00000, 0x000000008cb00000| Untracked 
| 106|0x000000008cc00000, 0x000000008cc00000, 0x000000008cd00000|  0%| F|  |TAMS 0x000000008cc00000, 0x000000008cc00000| Untracked 
| 107|0x000000008cd00000, 0x000000008cd00000, 0x000000008ce00000|  0%| F|  |TAMS 0x000000008cd00000, 0x000000008cd00000| Untracked 
| 108|0x000000008ce00000, 0x000000008ce00000, 0x000000008cf00000|  0%| F|  |TAMS 0x000000008ce00000, 0x000000008ce00000| Untracked 
| 109|0x000000008cf00000, 0x000000008cf00000, 0x000000008d000000|  0%| F|  |TAMS 0x000000008cf00000, 0x000000008cf00000| Untracked 
| 110|0x000000008d000000, 0x000000008d000000, 0x000000008d100000|  0%| F|  |TAMS 0x000000008d000000, 0x000000008d000000| Untracked 
| 111|0x000000008d100000, 0x000000008d100000, 0x000000008d200000|  0%| F|  |TAMS 0x000000008d100000, 0x000000008d100000| Untracked 
| 112|0x000000008d200000, 0x000000008d200000, 0x000000008d300000|  0%| F|  |TAMS 0x000000008d200000, 0x000000008d200000| Untracked 
| 113|0x000000008d300000, 0x000000008d300000, 0x000000008d400000|  0%| F|  |TAMS 0x000000008d300000, 0x000000008d300000| Untracked 
| 114|0x000000008d400000, 0x000000008d400000, 0x000000008d500000|  0%| F|  |TAMS 0x000000008d400000, 0x000000008d400000| Untracked 
| 115|0x000000008d500000, 0x000000008d500000, 0x000000008d600000|  0%| F|  |TAMS 0x000000008d500000, 0x000000008d500000| Untracked 
| 116|0x000000008d600000, 0x000000008d600000, 0x000000008d700000|  0%| F|  |TAMS 0x000000008d600000, 0x000000008d600000| Untracked 
| 117|0x000000008d700000, 0x000000008d800000, 0x000000008d800000|100%| E|  |TAMS 0x000000008d700000, 0x000000008d700000| Complete 
| 118|0x000000008d800000, 0x000000008d900000, 0x000000008d900000|100%| E|CS|TAMS 0x000000008d800000, 0x000000008d800000| Complete 
| 119|0x000000008d900000, 0x000000008da00000, 0x000000008da00000|100%| E|CS|TAMS 0x000000008d900000, 0x000000008d900000| Complete 
| 120|0x000000008da00000, 0x000000008db00000, 0x000000008db00000|100%| E|CS|TAMS 0x000000008da00000, 0x000000008da00000| Complete 
| 121|0x000000008db00000, 0x000000008dc00000, 0x000000008dc00000|100%| E|CS|TAMS 0x000000008db00000, 0x000000008db00000| Complete 

Card table byte_map: [0x00000262cb6f0000,0x00000262cbac0000] _byte_map_base: 0x00000262cb2bf000

Marking Bits (Prev, Next): (CMBitMap*) 0x00000262b6c3b640, (CMBitMap*) 0x00000262b6c3b680
 Prev Bits: [0x00000262cbe90000, 0x00000262cdd08000)
 Next Bits: [0x00000262cdd10000, 0x00000262cfb88000)

Polling page: 0x00000262b6ca0000

Metaspace:

Usage:
  Non-class:     12.56 MB used.
      Class:      1.37 MB used.
       Both:     13.93 MB used.

Virtual space:
  Non-class space:       64.00 MB reserved,      12.62 MB ( 20%) committed,  1 nodes.
      Class space:        1.00 GB reserved,       1.44 MB ( <1%) committed,  1 nodes.
             Both:        1.06 GB reserved,      14.06 MB (  1%) committed. 

Chunk freelists:
   Non-Class:  2.84 MB
       Class:  14.58 MB
        Both:  17.42 MB

MaxMetaspaceSize: unlimited
CompressedClassSpaceSize: 1.00 GB
Initial GC threshold: 21.00 MB
Current GC threshold: 21.00 MB
CDS: off
MetaspaceReclaimPolicy: balanced
 - commit_granule_bytes: 65536.
 - commit_granule_words: 8192.
 - virtual_space_node_default_size: 8388608.
 - enlarge_chunks_in_place: 1.
 - new_chunks_are_fully_committed: 0.
 - uncommit_free_chunks: 1.
 - use_allocation_guard: 0.
 - handle_deallocations: 1.


Internal statistics:

num_allocs_failed_limit: 0.
num_arena_births: 6.
num_arena_deaths: 0.
num_vsnodes_births: 2.
num_vsnodes_deaths: 0.
num_space_committed: 225.
num_space_uncommitted: 0.
num_chunks_returned_to_freelist: 0.
num_chunks_taken_from_freelist: 231.
num_chunk_merges: 0.
num_chunk_splits: 209.
num_chunks_enlarged: 203.
num_inconsistent_stats: 0.

CodeHeap 'non-profiled nmethods': size=120000Kb used=206Kb max_used=206Kb free=119793Kb
 bounds [0x00000262c3390000, 0x00000262c3600000, 0x00000262ca8c0000]
CodeHeap 'profiled nmethods': size=120000Kb used=1464Kb max_used=1464Kb free=118535Kb
 bounds [0x00000262bb8c0000, 0x00000262bbb30000, 0x00000262c2df0000]
CodeHeap 'non-nmethods': size=5760Kb used=1145Kb max_used=1158Kb free=4614Kb
 bounds [0x00000262c2df0000, 0x00000262c3060000, 0x00000262c3390000]
 total_blobs=1250 nmethods=818 adapters=345
 compilation: enabled
              stopped_count=0, restarted_count=0
 full_count=0

Compilation events (20 events):
Event: 0.807 Thread 0x00000262d28370e0 nmethod 726 0x00000262bb9fd690 code [0x00000262bb9fd840, 0x00000262bb9fda68]
Event: 0.807 Thread 0x00000262d28370e0  727       3       java.util.ArrayList::grow (60 bytes)
Event: 0.808 Thread 0x00000262d28370e0 nmethod 727 0x00000262bb9fdb90 code [0x00000262bb9fdd80, 0x00000262bb9fe3d8]
Event: 0.808 Thread 0x00000262d28370e0  729       3       java.util.Collections$UnmodifiableList::get (11 bytes)
Event: 0.808 Thread 0x00000262d28370e0 nmethod 729 0x00000262bb9fe610 code [0x00000262bb9fe7c0, 0x00000262bb9fe988]
Event: 0.808 Thread 0x00000262d28370e0  728       3       java.util.Collections$UnmodifiableCollection$1::next (10 bytes)
Event: 0.808 Thread 0x00000262d28370e0 nmethod 728 0x00000262bb9fea90 code [0x00000262bb9fec40, 0x00000262bb9fee08]
Event: 0.809 Thread 0x00000262d28370e0  730       3       kotlin.reflect.jvm.internal.impl.name.FqName::<init> (26 bytes)
Event: 0.810 Thread 0x00000262d28370e0 nmethod 730 0x00000262bb9fef10 code [0x00000262bb9ff0e0, 0x00000262bb9ff578]
Event: 0.810 Thread 0x00000262d28370e0  731       3       kotlin.reflect.jvm.internal.impl.name.FqNameUnsafe::<init> (31 bytes)
Event: 0.810 Thread 0x00000262d28370e0 nmethod 731 0x00000262bb9ff710 code [0x00000262bb9ff8e0, 0x00000262bb9ffbf8]
Event: 0.810 Thread 0x00000262d28370e0  732       3       java.lang.Integer::numberOfLeadingZeros (79 bytes)
Event: 0.810 Thread 0x00000262d28370e0 nmethod 732 0x00000262bb9ffd10 code [0x00000262bb9ffec0, 0x00000262bba00198]
Event: 0.816 Thread 0x00000262d28370e0  733       3       sun.reflect.generics.parser.SignatureParser::advance (53 bytes)
Event: 0.817 Thread 0x00000262d28370e0 nmethod 733 0x00000262bba00210 code [0x00000262bba003c0, 0x00000262bba00618]
Event: 0.819 Thread 0x00000262d28370e0  734       3       java.lang.PublicMethods$Key::matches (31 bytes)
Event: 0.819 Thread 0x00000262d28370e0 nmethod 734 0x00000262bba00710 code [0x00000262bba008e0, 0x00000262bba00c38]
Event: 0.820 Thread 0x00000262d2a33ba0  735   !   4       java.util.zip.ZipFile$Source::getEntryPos (173 bytes)
Event: 0.820 Thread 0x00000262d282e3c0  736   !   4       java.util.zip.ZipFile::getEntry (59 bytes)
Event: 0.856 Thread 0x00000262d28370e0  738       3       kotlin.reflect.jvm.internal.impl.protobuf.CodedInputStream::readRawVarint32 (233 bytes)

GC Heap History (2 events):
Event: 0.764 GC heap before
{Heap before GC invocations=0 (full 0):
 garbage-first heap   total 124928K, used 27648K [0x0000000086200000, 0x0000000100000000)
  region size 1024K, 23 young (23552K), 0 survivors (0K)
 Metaspace       used 13351K, committed 13504K, reserved 1114112K
  class space    used 1286K, committed 1344K, reserved 1048576K
}
Event: 0.771 GC heap after
{Heap after GC invocations=1 (full 0):
 garbage-first heap   total 124928K, used 6784K [0x0000000086200000, 0x0000000100000000)
  region size 1024K, 3 young (3072K), 3 survivors (3072K)
 Metaspace       used 13351K, committed 13504K, reserved 1114112K
  class space    used 1286K, committed 1344K, reserved 1048576K
}

Dll operation events (1 events):
Event: 0.015 Loaded shared library C:\Program Files\Android\Android Studio\jbr\bin\java.dll

Deoptimization events (20 events):
Event: 0.329 Thread 0x00000262b6be1920 DEOPT PACKING pc=0x00000262bb8d4bd1 sp=0x0000009b932fdb40
Event: 0.329 Thread 0x00000262b6be1920 DEOPT UNPACKING pc=0x00000262c2e47143 sp=0x0000009b932fcfb8 mode 0
Event: 0.360 Thread 0x00000262b6be1920 Uncommon trap: trap_request=0xffffff45 fr.pc=0x00000262c33a39b0 relative=0x00000000000003f0
Event: 0.360 Thread 0x00000262b6be1920 Uncommon trap: reason=unstable_if action=reinterpret pc=0x00000262c33a39b0 method=org.jetbrains.kotlin.cli.common.arguments.PreprocessCommandLineArgumentsKt.nextChar(Ljava/io/Reader;)Ljava/lang/Character; @ 20 c2
Event: 0.360 Thread 0x00000262b6be1920 DEOPT PACKING pc=0x00000262c33a39b0 sp=0x0000009b932fea50
Event: 0.360 Thread 0x00000262b6be1920 DEOPT UNPACKING pc=0x00000262c2e469a3 sp=0x0000009b932fea10 mode 2
Event: 0.404 Thread 0x00000262b6be1920 DEOPT PACKING pc=0x00000262bb8edbd6 sp=0x0000009b932fdbd0
Event: 0.404 Thread 0x00000262b6be1920 DEOPT UNPACKING pc=0x00000262c2e47143 sp=0x0000009b932fd070 mode 0
Event: 0.659 Thread 0x00000262b6be1920 DEOPT PACKING pc=0x00000262bb900265 sp=0x0000009b932fb650
Event: 0.659 Thread 0x00000262b6be1920 DEOPT UNPACKING pc=0x00000262c2e47143 sp=0x0000009b932faaa0 mode 0
Event: 0.662 Thread 0x00000262b6be1920 DEOPT PACKING pc=0x00000262bb90d738 sp=0x0000009b932f7890
Event: 0.662 Thread 0x00000262b6be1920 DEOPT UNPACKING pc=0x00000262c2e47143 sp=0x0000009b932f6da8 mode 0
Event: 0.846 Thread 0x00000262b6be1920 Uncommon trap: trap_request=0xffffffc6 fr.pc=0x00000262c33c0b08 relative=0x0000000000000508
Event: 0.846 Thread 0x00000262b6be1920 Uncommon trap: reason=bimorphic_or_optimized_type_check action=maybe_recompile pc=0x00000262c33c0b08 method=kotlin.reflect.jvm.internal.impl.protobuf.CodedInputStream.tryRefillBuffer(I)Z @ 175 c2
Event: 0.846 Thread 0x00000262b6be1920 DEOPT PACKING pc=0x00000262c33c0b08 sp=0x0000009b932fbd40
Event: 0.846 Thread 0x00000262b6be1920 DEOPT UNPACKING pc=0x00000262c2e469a3 sp=0x0000009b932fbc28 mode 2
Event: 0.855 Thread 0x00000262b6be1920 Uncommon trap: trap_request=0xffffff45 fr.pc=0x00000262c33bce60 relative=0x00000000000001c0
Event: 0.855 Thread 0x00000262b6be1920 Uncommon trap: reason=unstable_if action=reinterpret pc=0x00000262c33bce60 method=kotlin.reflect.jvm.internal.impl.protobuf.CodedInputStream.readRawVarint32()I @ 10 c2
Event: 0.855 Thread 0x00000262b6be1920 DEOPT PACKING pc=0x00000262c33bce60 sp=0x0000009b932fba60
Event: 0.855 Thread 0x00000262b6be1920 DEOPT UNPACKING pc=0x00000262c2e469a3 sp=0x0000009b932fb9e0 mode 2

Classes unloaded (0 events):
No events

Classes redefined (0 events):
No events

Internal exceptions (0 events):
No events

VM Operations (6 events):
Event: 0.171 Executing VM operation: HandshakeAllThreads
Event: 0.171 Executing VM operation: HandshakeAllThreads done
Event: 0.525 Executing VM operation: HandshakeAllThreads
Event: 0.525 Executing VM operation: HandshakeAllThreads done
Event: 0.764 Executing VM operation: G1CollectForAllocation
Event: 0.771 Executing VM operation: G1CollectForAllocation done

Events (20 events):
Event: 0.779 loading class jdk/internal/reflect/UnsafeQualifiedStaticFieldAccessorImpl done
Event: 0.779 loading class jdk/internal/reflect/UnsafeQualifiedStaticObjectFieldAccessorImpl done
Event: 0.816 loading class sun/reflect/generics/repository/ClassRepository
Event: 0.816 loading class sun/reflect/generics/repository/GenericDeclRepository
Event: 0.816 loading class sun/reflect/generics/repository/AbstractRepository
Event: 0.816 loading class sun/reflect/generics/repository/AbstractRepository done
Event: 0.816 loading class sun/reflect/generics/repository/GenericDeclRepository done
Event: 0.816 loading class sun/reflect/generics/repository/ClassRepository done
Event: 0.816 loading class sun/reflect/generics/tree/FormalTypeParameter
Event: 0.816 loading class sun/reflect/generics/tree/FormalTypeParameter done
Event: 0.817 loading class sun/reflect/generics/tree/ClassSignature
Event: 0.817 loading class sun/reflect/generics/tree/Signature
Event: 0.817 loading class sun/reflect/generics/tree/Signature done
Event: 0.817 loading class sun/reflect/generics/tree/ClassSignature done
Event: 0.817 loading class java/lang/reflect/TypeVariable
Event: 0.817 loading class java/lang/reflect/TypeVariable done
Event: 0.819 loading class java/lang/reflect/AnnotatedType
Event: 0.819 loading class java/lang/reflect/AnnotatedType done
Event: 0.837 loading class java/io/DataInputStream
Event: 0.837 loading class java/io/DataInputStream done


Dynamic libraries:
0x00007ff7d9f50000 - 0x00007ff7d9f5a000 	C:\Program Files\Android\Android Studio\jbr\bin\java.exe
0x00007ffced110000 - 0x00007ffced308000 	C:\windows\SYSTEM32\ntdll.dll
0x00007ffceb800000 - 0x00007ffceb8bd000 	C:\windows\System32\KERNEL32.DLL
0x00007ffcea9a0000 - 0x00007ffceac96000 	C:\windows\System32\KERNELBASE.dll
0x00007ffcea810000 - 0x00007ffcea910000 	C:\windows\System32\ucrtbase.dll
0x00007ffcccec0000 - 0x00007ffccced7000 	C:\Program Files\Android\Android Studio\jbr\bin\jli.dll
0x00007ffce4180000 - 0x00007ffce419b000 	C:\Program Files\Android\Android Studio\jbr\bin\VCRUNTIME140.dll
0x00007ffcec290000 - 0x00007ffcec42e000 	C:\windows\System32\USER32.dll
0x00007ffcea7e0000 - 0x00007ffcea802000 	C:\windows\System32\win32u.dll
0x00007ffcd5fd0000 - 0x00007ffcd626a000 	C:\windows\WinSxS\amd64_microsoft.windows.common-controls_6595b64144ccf1df_6.0.19041.3636_none_60b6a03d71f818d5\COMCTL32.dll
0x00007ffcebb00000 - 0x00007ffcebb2c000 	C:\windows\System32\GDI32.dll
0x00007ffcec610000 - 0x00007ffcec6ae000 	C:\windows\System32\msvcrt.dll
0x00007ffceaee0000 - 0x00007ffceaffa000 	C:\windows\System32\gdi32full.dll
0x00007ffceb0c0000 - 0x00007ffceb15d000 	C:\windows\System32\msvcp_win.dll
0x00007ffcebad0000 - 0x00007ffcebb00000 	C:\windows\System32\IMM32.DLL
0x00007ffce2520000 - 0x00007ffce252c000 	C:\Program Files\Android\Android Studio\jbr\bin\vcruntime140_1.dll
0x00007ffca89a0000 - 0x00007ffca8a2d000 	C:\Program Files\Android\Android Studio\jbr\bin\msvcp140.dll
0x00007ffcafa90000 - 0x00007ffcb0713000 	C:\Program Files\Android\Android Studio\jbr\bin\server\jvm.dll
0x00007ffcec430000 - 0x00007ffcec4e3000 	C:\windows\System32\ADVAPI32.dll
0x00007ffcecf20000 - 0x00007ffcecfbf000 	C:\windows\System32\sechost.dll
0x00007ffceb6d0000 - 0x00007ffceb7f6000 	C:\windows\System32\RPCRT4.dll
0x00007ffceaeb0000 - 0x00007ffceaed7000 	C:\windows\System32\bcrypt.dll
0x00007ffce9f20000 - 0x00007ffce9f6b000 	C:\windows\SYSTEM32\POWRPROF.dll
0x00007ffccd0d0000 - 0x00007ffccd0d9000 	C:\windows\SYSTEM32\WSOCK32.dll
0x00007ffcce730000 - 0x00007ffcce757000 	C:\windows\SYSTEM32\WINMM.dll
0x00007ffcdf0b0000 - 0x00007ffcdf0ba000 	C:\windows\SYSTEM32\VERSION.dll
0x00007ffcec6b0000 - 0x00007ffcec71b000 	C:\windows\System32\WS2_32.dll
0x00007ffce9e70000 - 0x00007ffce9e82000 	C:\windows\SYSTEM32\UMPDC.dll
0x00007ffce9020000 - 0x00007ffce9032000 	C:\windows\SYSTEM32\kernel.appcore.dll
0x00007ffce24c0000 - 0x00007ffce24ca000 	C:\Program Files\Android\Android Studio\jbr\bin\jimage.dll
0x00007ffce83c0000 - 0x00007ffce85a4000 	C:\windows\SYSTEM32\DBGHELP.DLL
0x00007ffcc25e0000 - 0x00007ffcc2614000 	C:\windows\SYSTEM32\dbgcore.DLL
0x00007ffcea910000 - 0x00007ffcea992000 	C:\windows\System32\bcryptPrimitives.dll
0x00007ffcdf0f0000 - 0x00007ffcdf115000 	C:\Program Files\Android\Android Studio\jbr\bin\java.dll
0x00007ffcde780000 - 0x00007ffcde798000 	C:\Program Files\Android\Android Studio\jbr\bin\zip.dll
0x00007ffcec720000 - 0x00007ffcece65000 	C:\windows\System32\SHELL32.dll
0x00007ffce8870000 - 0x00007ffce900b000 	C:\windows\SYSTEM32\windows.storage.dll
0x00007ffceb1f0000 - 0x00007ffceb544000 	C:\windows\System32\combase.dll
0x00007ffcea210000 - 0x00007ffcea23d000 	C:\windows\SYSTEM32\Wldp.dll
0x00007ffcece70000 - 0x00007ffcecf1d000 	C:\windows\System32\SHCORE.dll
0x00007ffcebb30000 - 0x00007ffcebb85000 	C:\windows\System32\shlwapi.dll
0x00007ffcea710000 - 0x00007ffcea735000 	C:\windows\SYSTEM32\profapi.dll
0x00007ffcd5380000 - 0x00007ffcd5399000 	C:\Program Files\Android\Android Studio\jbr\bin\net.dll
0x00007ffce5440000 - 0x00007ffce554a000 	C:\windows\SYSTEM32\WINHTTP.dll
0x00007ffce9f70000 - 0x00007ffce9fda000 	C:\windows\system32\mswsock.dll
0x00007ffccfbe0000 - 0x00007ffccfbf6000 	C:\Program Files\Android\Android Studio\jbr\bin\nio.dll

dbghelp: loaded successfully - version: 4.0.5 - missing functions: none
symbol engine: initialized successfully - sym options: 0x614 - pdb path: .;C:\Program Files\Android\Android Studio\jbr\bin;C:\windows\SYSTEM32;C:\windows\WinSxS\amd64_microsoft.windows.common-controls_6595b64144ccf1df_6.0.19041.3636_none_60b6a03d71f818d5;C:\Program Files\Android\Android Studio\jbr\bin\server

VM Arguments:
java_command: org.jetbrains.kotlin.cli.jvm.K2JVMCompiler @C:\Users\AVuser\Downloads\csci_5708_group_12g_project\app\build\20240329_7853505023360789826.compiler.options
java_class_path (initial): C:\Users\AVuser\.gradle\caches\modules-2\files-2.1\org.jetbrains.kotlin\kotlin-compiler-embeddable\1.9.0\2c8c3a7402becca891f12739b3e9fd2dc2adbd7a\kotlin-compiler-embeddable-1.9.0.jar;C:\Users\AVuser\.gradle\caches\modules-2\files-2.1\org.jetbrains.kotlin\kotlin-stdlib\1.9.0\8ee15ef0c67dc83d874f412d84378d7f0eb50b63\kotlin-stdlib-1.9.0.jar;C:\Users\AVuser\.gradle\caches\modules-2\files-2.1\org.jetbrains.kotlin\kotlin-script-runtime\1.9.0\4b3102cbbb7e1b58d9d1adf89563f00069ffa7d1\kotlin-script-runtime-1.9.0.jar;C:\Users\AVuser\.gradle\caches\modules-2\files-2.1\org.jetbrains.kotlin\kotlin-reflect\1.6.10\1cbe9c92c12a94eea200d23c2bbaedaf3daf5132\kotlin-reflect-1.6.10.jar;C:\Users\AVuser\.gradle\caches\modules-2\files-2.1\org.jetbrains.kotlin\kotlin-daemon-embeddable\1.9.0\186543f5e28cf8d9a0290fecc2cf34301c40a65c\kotlin-daemon-embeddable-1.9.0.jar;C:\Users\AVuser\.gradle\caches\modules-2\files-2.1\org.jetbrains.intellij.deps\trove4j\1.0.20200330\3afb14d5f9ceb459d724e907a21145e8ff394f02\trove4j-1.0.20200330.jar;C:\Users\AVuser\.gradle\caches\modules-2\files-2.1\org.jetbrains.kotlin\kotlin-stdlib-common\1.9.0\cd65c21cfd1eec4d44ef09f9f52b6d9f8a720636\kotlin-stdlib-common-1.9.0.jar;C:\Users\AVuser\.gradle\caches\modules-2\files-2.1\org.jetbrains\annotations\13.0\919f0dfe192fb4e063e7dacadee7f8bb9a2672a9\annotations-13.0.jar
Launcher Type: SUN_STANDARD

[Global flags]
     intx CICompilerCount                          = 4                                         {product} {ergonomic}
     uint ConcGCThreads                            = 2                                         {product} {ergonomic}
     uint G1ConcRefinementThreads                  = 8                                         {product} {ergonomic}
   size_t G1HeapRegionSize                         = 1048576                                   {product} {ergonomic}
    uintx GCDrainStackTargetSize                   = 64                                        {product} {ergonomic}
   size_t InitialHeapSize                          = 127926272                                 {product} {ergonomic}
   size_t MarkStackSize                            = 4194304                                   {product} {ergonomic}
   size_t MaxHeapSize                              = 2044723200                                {product} {ergonomic}
   size_t MaxNewSize                               = 1226833920                                {product} {ergonomic}
   size_t MinHeapDeltaBytes                        = 1048576                                   {product} {ergonomic}
   size_t MinHeapSize                              = 8388608                                   {product} {ergonomic}
    uintx NonNMethodCodeHeapSize                   = 5839372                                {pd product} {ergonomic}
    uintx NonProfiledCodeHeapSize                  = 122909434                              {pd product} {ergonomic}
    uintx ProfiledCodeHeapSize                     = 122909434                              {pd product} {ergonomic}
    uintx ReservedCodeCacheSize                    = 251658240                              {pd product} {ergonomic}
     bool SegmentedCodeCache                       = true                                      {product} {ergonomic}
   size_t SoftMaxHeapSize                          = 2044723200                             {manageable} {ergonomic}
     bool UseCompressedClassPointers               = true                           {product lp64_product} {ergonomic}
     bool UseCompressedOops                        = true                           {product lp64_product} {ergonomic}
     bool UseG1GC                                  = true                                      {product} {ergonomic}
     bool UseLargePagesIndividualAllocation        = false                                  {pd product} {ergonomic}

Logging:
Log output configuration:
 #0: stdout all=warning uptime,level,tags
 #1: stderr all=off uptime,level,tags

Environment Variables:
JAVA_HOME=C:\Program Files\AdoptOpenJDK\
PATH=C:\Program Files\Google\Chrome\Application;C:\Program Files\AdoptOpenJDK\bin;C:\Program Files (x86)\NVIDIA Corporation\PhysX\Common;C:\windows\system32;C:\windows;C:\windows\System32\Wbem;C:\windows\System32\WindowsPowerShell\v1.0\;C:\windows\System32\OpenSSH\;C:\Program Files\dotnet\;C:\Program Files\PuTTY\;C:\Program Files (x86)\Windows Kits\8.1\Windows Performance Toolkit\;c:\Program Files\MATLAB\R2023a\runtime\win64;c:\Program Files\MATLAB\R2023a\bin;C:\Program Files\SASHome\SASFoundation\9.4\core\sasexe;C:\Program Files\SASHome\SASFoundation\9.4\ets\sasexe;C:\Program Files\SASHome\SASFoundation\9.4\core\sasext;C:\Program Files\Microsoft SQL Server\150\Tools\Binn\;C:\texlive\2023\bin\windows;C:\Users\AVuser\AppData\Local\Programs\Python\Python311\Scripts\;C:\Users\AVuser\AppData\Local\Programs\Python\Python311\;C:\Users\AVuser\AppData\Local\Microsoft\WindowsApps;C:\Users\AVuser\AppData\Local\Programs\Microsoft VS Code\bin
USERNAME=AVuser
OS=Windows_NT
PROCESSOR_IDENTIFIER=Intel64 Family 6 Model 142 Stepping 12, GenuineIntel
TMP=C:\Users\AVuser\AppData\Local\Temp
TEMP=C:\Users\AVuser\AppData\Local\Temp



Periodic native trim disabled

JNI global refs:
JNI global refs: 8, weak refs: 3

JNI global refs memory usage: 843, weak refs: 841

OOME stack traces (most recent first):
Classloader memory used:
Loader bootstrap                                                                       : 969K
Loader jdk.internal.loader.ClassLoaders$AppClassLoader                                 : 823K


---------------  S Y S T E M  ---------------

OS:
 Windows 10 , 64 bit Build 19041 (10.0.19041.3636)
OS uptime: 0 days 1:12 hours

CPU: total 8 (initial active 8) (4 cores per cpu, 2 threads per core) family 6 model 142 stepping 12 microcode 0xf8, cx8, cmov, fxsr, ht, mmx, 3dnowpref, sse, sse2, sse3, ssse3, sse4.1, sse4.2, popcnt, lzcnt, tsc, tscinvbit, avx, avx2, aes, erms, clmul, bmi1, bmi2, adx, fma, vzeroupper, clflush, clflushopt
Processor Information for processor 0
  Max Mhz: 2208, Current Mhz: 1706, Mhz Limit: 1700
Processor Information for processor 1
  Max Mhz: 2208, Current Mhz: 1706, Mhz Limit: 1700
Processor Information for processor 2
  Max Mhz: 2208, Current Mhz: 1706, Mhz Limit: 1700
Processor Information for processor 3
  Max Mhz: 2208, Current Mhz: 1706, Mhz Limit: 1700
Processor Information for processor 4
  Max Mhz: 2208, Current Mhz: 1405, Mhz Limit: 1700
Processor Information for processor 5
  Max Mhz: 2208, Current Mhz: 1706, Mhz Limit: 1700
Processor Information for processor 6
  Max Mhz: 2208, Current Mhz: 1706, Mhz Limit: 1700
Processor Information for processor 7
  Max Mhz: 2208, Current Mhz: 1405, Mhz Limit: 1700

Memory: 4k page, system-wide physical 7792M (313M free)
TotalPageFile size 15984M (AvailPageFile size 2M)
current process WorkingSet (physical memory assigned to process): 82M, peak: 82M
current process commit charge ("private bytes"): 218M, peak: 219M

vm_info: OpenJDK 64-Bit Server VM (17.0.9+0--11185874) for windows-amd64 JRE (17.0.9+0--11185874), built on Dec  6 2023 18:57:44 by "androidbuild" with MS VC++ 16.10 / 16.11 (VS2019)

END.
