#
# There is insufficient memory for the Java Runtime Environment to continue.
# Native memory allocation (mmap) failed to map 601882624 bytes for G1 virtual space
# Possible reasons:
#   The system is out of physical RAM or swap space
#   The process is running with CompressedOops enabled, and the Java Heap may be blocking the growth of the native heap
# Possible solutions:
#   Reduce memory load on the system
#   Increase physical memory or swap space
#   Check if swap backing store is full
#   Decrease Java heap size (-Xmx/-Xms)
#   Decrease number of Java threads
#   Decrease Java thread stack sizes (-Xss)
#   Set larger code cache with -XX:ReservedCodeCacheSize=
#   JVM is running with Unscaled Compressed Oops mode in which the Java heap is
#     placed in the first 4GB address space. The Java Heap base address is the
#     maximum limit for the native heap growth. Please use -XX:HeapBaseMinAddress
#     to set the Java Heap base and to place the Java Heap above 4GB virtual address.
# This output file may be truncated or incomplete.
#
#  Out of Memory Error (os_windows.cpp:3825), pid=1004, tid=13772
#
# JRE version: OpenJDK Runtime Environment (17.0.9) (build 17.0.9+0--11185874)
# Java VM: OpenJDK 64-Bit Server VM (17.0.9+0--11185874, mixed mode, tiered, compressed oops, compressed class ptrs, g1 gc, windows-amd64)
# No core dump will be written. Minidumps are not enabled by default on client versions of Windows
#

---------------  S U M M A R Y ------------

Command Line: org.jetbrains.kotlin.cli.jvm.K2JVMCompiler @C:\Users\AVuser\Downloads\csci_5708_group_12g_project\app\build\20240329_15122288469306886958.compiler.options

Host: Intel(R) Core(TM) i5-10310U CPU @ 1.70GHz, 8 cores, 7G,  Windows 10 , 64 bit Build 19041 (10.0.19041.3636)
Time: Fri Mar 29 17:11:51 2024 Atlantic Daylight Time elapsed time: 38.200083 seconds (0d 0h 0m 38s)

---------------  T H R E A D  ---------------

Current thread (0x000002264e72f940):  VMThread "VM Thread" [stack: 0x000000bdee200000,0x000000bdee300000] [id=13772]

Stack: [0x000000bdee200000,0x000000bdee300000]
Native frames: (J=compiled Java code, j=interpreted, Vv=VM code, C=native code)
V  [jvm.dll+0x6886e9]
V  [jvm.dll+0x841e4a]
V  [jvm.dll+0x843a8e]
V  [jvm.dll+0x8440f3]
V  [jvm.dll+0x24c14f]
V  [jvm.dll+0x685499]
V  [jvm.dll+0x679c2a]
V  [jvm.dll+0x30cf9b]
V  [jvm.dll+0x314446]
V  [jvm.dll+0x36425e]
V  [jvm.dll+0x36448f]
V  [jvm.dll+0x2e2d68]
V  [jvm.dll+0x2e0f44]
V  [jvm.dll+0x2e054c]
V  [jvm.dll+0x3253fb]
V  [jvm.dll+0x8487eb]
V  [jvm.dll+0x849531]
V  [jvm.dll+0x849a4d]
V  [jvm.dll+0x849e24]
V  [jvm.dll+0x849ef0]
V  [jvm.dll+0x7f06aa]
V  [jvm.dll+0x687565]
C  [ucrtbase.dll+0x21bb2]
C  [KERNEL32.DLL+0x17344]
C  [ntdll.dll+0x526b1]

VM_Operation (0x000000bdedcfd130): G1CollectForAllocation, mode: safepoint, requested by thread 0x0000022634c4e970


---------------  P R O C E S S  ---------------

Threads class SMR info:
_java_thread_list=0x0000022653f62b80, length=13, elements={
0x0000022634c4e970, 0x000002264e882250, 0x000002264e883d80, 0x000002264e743c70,
0x000002264e744630, 0x000002264e744ff0, 0x000002264e7459b0, 0x000002264e746750,
0x000002264e8b7ee0, 0x000002264e8b87f0, 0x000002264ea1b0b0, 0x000002264ea1f070,
0x00000226546cd040
}

Java Threads: ( => current thread )
  0x0000022634c4e970 JavaThread "main" [_thread_blocked, id=2992, stack(0x000000bdedc00000,0x000000bdedd00000)]
  0x000002264e882250 JavaThread "Reference Handler" daemon [_thread_blocked, id=12636, stack(0x000000bdee300000,0x000000bdee400000)]
  0x000002264e883d80 JavaThread "Finalizer" daemon [_thread_blocked, id=8792, stack(0x000000bdee400000,0x000000bdee500000)]
  0x000002264e743c70 JavaThread "Signal Dispatcher" daemon [_thread_blocked, id=10720, stack(0x000000bdee500000,0x000000bdee600000)]
  0x000002264e744630 JavaThread "Attach Listener" daemon [_thread_blocked, id=13304, stack(0x000000bdee600000,0x000000bdee700000)]
  0x000002264e744ff0 JavaThread "Service Thread" daemon [_thread_blocked, id=9072, stack(0x000000bdee700000,0x000000bdee800000)]
  0x000002264e7459b0 JavaThread "Monitor Deflation Thread" daemon [_thread_blocked, id=6712, stack(0x000000bdee800000,0x000000bdee900000)]
  0x000002264e746750 JavaThread "C2 CompilerThread0" daemon [_thread_in_native, id=8908, stack(0x000000bdee900000,0x000000bdeea00000)]
  0x000002264e8b7ee0 JavaThread "C1 CompilerThread0" daemon [_thread_blocked, id=5288, stack(0x000000bdeea00000,0x000000bdeeb00000)]
  0x000002264e8b87f0 JavaThread "Sweeper thread" daemon [_thread_blocked, id=3764, stack(0x000000bdeeb00000,0x000000bdeec00000)]
  0x000002264ea1b0b0 JavaThread "Notification Thread" daemon [_thread_blocked, id=3768, stack(0x000000bdeec00000,0x000000bdeed00000)]
  0x000002264ea1f070 JavaThread "Common-Cleaner" daemon [_thread_blocked, id=11436, stack(0x000000bdeee00000,0x000000bdeef00000)]
  0x00000226546cd040 JavaThread "C2 CompilerThread1" daemon [_thread_in_native, id=6864, stack(0x000000bdeef00000,0x000000bdef000000)]

Other Threads:
=>0x000002264e72f940 VMThread "VM Thread" [stack: 0x000000bdee200000,0x000000bdee300000] [id=13772]
  0x000002264ea1d5a0 WatcherThread [stack: 0x000000bdeed00000,0x000000bdeee00000] [id=13040]
  0x0000022634ca5fa0 GCTaskThread "GC Thread#0" [stack: 0x000000bdedd00000,0x000000bdede00000] [id=5500]
  0x00000226532c3c90 GCTaskThread "GC Thread#1" [stack: 0x000000bdef000000,0x000000bdef100000] [id=13088]
  0x00000226533d0ed0 GCTaskThread "GC Thread#2" [stack: 0x000000bdef100000,0x000000bdef200000] [id=10576]
  0x00000226533d1190 GCTaskThread "GC Thread#3" [stack: 0x000000bdef200000,0x000000bdef300000] [id=7532]
  0x00000226533d3a80 GCTaskThread "GC Thread#4" [stack: 0x000000bdef300000,0x000000bdef400000] [id=14036]
  0x00000226538e5930 GCTaskThread "GC Thread#5" [stack: 0x000000bdef400000,0x000000bdef500000] [id=992]
  0x0000022653907a10 GCTaskThread "GC Thread#6" [stack: 0x000000bdef500000,0x000000bdef600000] [id=5212]
  0x00000226539be6a0 GCTaskThread "GC Thread#7" [stack: 0x000000bdef600000,0x000000bdef700000] [id=3772]
  0x0000022634cb62b0 ConcurrentGCThread "G1 Main Marker" [stack: 0x000000bdede00000,0x000000bdedf00000] [id=4024]
  0x0000022634cb7470 ConcurrentGCThread "G1 Conc#0" [stack: 0x000000bdedf00000,0x000000bdee000000] [id=1780]
  0x0000022653c74890 ConcurrentGCThread "G1 Conc#1" [stack: 0x000000bdef700000,0x000000bdef800000] [id=5164]
  0x000002264e5864e0 ConcurrentGCThread "G1 Refine#0" [stack: 0x000000bdee000000,0x000000bdee100000] [id=4208]
  0x0000022656c961b0 ConcurrentGCThread "G1 Refine#1" [stack: 0x000000bdef800000,0x000000bdef900000] [id=12436]
  0x000002265676db20 ConcurrentGCThread "G1 Refine#2" [stack: 0x000000bdef900000,0x000000bdefa00000] [id=7440]
  0x00000226569da860 ConcurrentGCThread "G1 Refine#3" [stack: 0x000000bdefa00000,0x000000bdefb00000] [id=13116]
  0x0000022656b99b50 ConcurrentGCThread "G1 Refine#4" [stack: 0x000000bdefb00000,0x000000bdefc00000] [id=14148]
  0x0000022655f78ad0 ConcurrentGCThread "G1 Refine#5" [stack: 0x000000bdefc00000,0x000000bdefd00000] [id=8368]
  0x0000022634cfd450 ConcurrentGCThread "G1 Service" [stack: 0x000000bdee100000,0x000000bdee200000] [id=6672]

Threads with active compile tasks:
C2 CompilerThread0    38239 26299       4       org.jetbrains.kotlin.backend.jvm.InlineClassAbi::unboxType (120 bytes)
C2 CompilerThread1    38239 26470 %     4       org.jetbrains.kotlin.codegen.optimization.temporaryVals.TemporaryValsAnalyzer::analyze @ 59 (1271 bytes)

VM state: at safepoint (normal execution)

VM Mutex/Monitor currently owned by a thread:  ([mutex/lock_event])
[0x0000022634c4a710] Threads_lock - owner thread: 0x000002264e72f940
[0x0000022634c4acb0] Heap_lock - owner thread: 0x0000022634c4e970

Heap address: 0x0000000086200000, size: 1950 MB, Compressed Oops mode: 32-bit

CDS archive(s) not mapped
Compressed class space mapped at: 0x0000000100000000-0x0000000140000000, reserved size: 1073741824
Narrow klass base: 0x0000000000000000, Narrow klass shift: 3, Narrow klass range: 0x140000000

GC Precious Log:
 CPUs: 8 total, 8 available
 Memory: 7792M
 Large Page Support: Disabled
 NUMA Support: Disabled
 Compressed Oops: Enabled (32-bit)
 Heap Region Size: 1M
 Heap Min Capacity: 8M
 Heap Initial Capacity: 122M
 Heap Max Capacity: 1950M
 Pre-touch: Disabled
 Parallel Workers: 8
 Concurrent Workers: 2
 Concurrent Refinement Workers: 8
 Periodic GC: Disabled

Heap:
 garbage-first heap   total 337920K, used 221916K [0x0000000086200000, 0x0000000100000000)
  region size 1024K, 9 young (9216K), 9 survivors (9216K)
 Metaspace       used 98639K, committed 99072K, reserved 1179648K
  class space    used 10224K, committed 10432K, reserved 1048576K

Heap Regions: E=young(eden), S=young(survivor), O=old, HS=humongous(starts), HC=humongous(continues), CS=collection set, F=free, OA=open archive, CA=closed archive, TAMS=top-at-mark-start (previous, next)
|   0|0x0000000086200000, 0x0000000086300000, 0x0000000086300000|100%|HS|  |TAMS 0x0000000086300000, 0x0000000086200000| Complete 
|   1|0x0000000086300000, 0x0000000086400000, 0x0000000086400000|100%|HC|  |TAMS 0x0000000086400000, 0x0000000086300000| Complete 
|   2|0x0000000086400000, 0x0000000086500000, 0x0000000086500000|100%|HC|  |TAMS 0x0000000086500000, 0x0000000086400000| Complete 
|   3|0x0000000086500000, 0x0000000086600000, 0x0000000086600000|100%|HC|  |TAMS 0x0000000086600000, 0x0000000086500000| Complete 
|   4|0x0000000086600000, 0x0000000086700000, 0x0000000086700000|100%| O|  |TAMS 0x0000000086700000, 0x0000000086600000| Untracked 
|   5|0x0000000086700000, 0x0000000086800000, 0x0000000086800000|100%| O|  |TAMS 0x0000000086800000, 0x0000000086700000| Untracked 
|   6|0x0000000086800000, 0x0000000086900000, 0x0000000086900000|100%| O|  |TAMS 0x0000000086900000, 0x0000000086800000| Untracked 
|   7|0x0000000086900000, 0x0000000086a00000, 0x0000000086a00000|100%| O|  |TAMS 0x0000000086a00000, 0x0000000086900000| Untracked 
|   8|0x0000000086a00000, 0x0000000086b00000, 0x0000000086b00000|100%| O|  |TAMS 0x0000000086b00000, 0x0000000086a00000| Untracked 
|   9|0x0000000086b00000, 0x0000000086c00000, 0x0000000086c00000|100%| O|  |TAMS 0x0000000086c00000, 0x0000000086b00000| Untracked 
|  10|0x0000000086c00000, 0x0000000086d00000, 0x0000000086d00000|100%| O|  |TAMS 0x0000000086d00000, 0x0000000086c00000| Untracked 
|  11|0x0000000086d00000, 0x0000000086e00000, 0x0000000086e00000|100%| O|  |TAMS 0x0000000086e00000, 0x0000000086d00000| Untracked 
|  12|0x0000000086e00000, 0x0000000086f00000, 0x0000000086f00000|100%| O|  |TAMS 0x0000000086f00000, 0x0000000086e00000| Untracked 
|  13|0x0000000086f00000, 0x0000000087000000, 0x0000000087000000|100%| O|  |TAMS 0x0000000087000000, 0x0000000086f00000| Untracked 
|  14|0x0000000087000000, 0x0000000087100000, 0x0000000087100000|100%| O|  |TAMS 0x0000000087100000, 0x0000000087000000| Untracked 
|  15|0x0000000087100000, 0x0000000087200000, 0x0000000087200000|100%| O|  |TAMS 0x0000000087200000, 0x0000000087100000| Untracked 
|  16|0x0000000087200000, 0x0000000087300000, 0x0000000087300000|100%| O|  |TAMS 0x0000000087300000, 0x0000000087200000| Untracked 
|  17|0x0000000087300000, 0x0000000087400000, 0x0000000087400000|100%| O|  |TAMS 0x0000000087400000, 0x0000000087300000| Untracked 
|  18|0x0000000087400000, 0x0000000087500000, 0x0000000087500000|100%| O|  |TAMS 0x0000000087500000, 0x0000000087400000| Untracked 
|  19|0x0000000087500000, 0x0000000087600000, 0x0000000087600000|100%| O|  |TAMS 0x0000000087600000, 0x0000000087500000| Untracked 
|  20|0x0000000087600000, 0x0000000087700000, 0x0000000087700000|100%| O|  |TAMS 0x0000000087700000, 0x0000000087600000| Untracked 
|  21|0x0000000087700000, 0x0000000087800000, 0x0000000087800000|100%| O|  |TAMS 0x0000000087800000, 0x0000000087700000| Untracked 
|  22|0x0000000087800000, 0x0000000087900000, 0x0000000087900000|100%| O|  |TAMS 0x0000000087900000, 0x0000000087800000| Untracked 
|  23|0x0000000087900000, 0x0000000087a00000, 0x0000000087a00000|100%| O|  |TAMS 0x0000000087a00000, 0x0000000087900000| Untracked 
|  24|0x0000000087a00000, 0x0000000087b00000, 0x0000000087b00000|100%| O|  |TAMS 0x0000000087b00000, 0x0000000087a00000| Untracked 
|  25|0x0000000087b00000, 0x0000000087c00000, 0x0000000087c00000|100%| O|  |TAMS 0x0000000087c00000, 0x0000000087b00000| Untracked 
|  26|0x0000000087c00000, 0x0000000087d00000, 0x0000000087d00000|100%| O|  |TAMS 0x0000000087d00000, 0x0000000087c00000| Untracked 
|  27|0x0000000087d00000, 0x0000000087e00000, 0x0000000087e00000|100%| O|  |TAMS 0x0000000087e00000, 0x0000000087d00000| Untracked 
|  28|0x0000000087e00000, 0x0000000087f00000, 0x0000000087f00000|100%| O|  |TAMS 0x0000000087f00000, 0x0000000087e00000| Untracked 
|  29|0x0000000087f00000, 0x0000000088000000, 0x0000000088000000|100%| O|  |TAMS 0x0000000088000000, 0x0000000087f00000| Untracked 
|  30|0x0000000088000000, 0x0000000088100000, 0x0000000088100000|100%| O|  |TAMS 0x0000000088100000, 0x0000000088000000| Untracked 
|  31|0x0000000088100000, 0x0000000088200000, 0x0000000088200000|100%|HS|  |TAMS 0x0000000088200000, 0x0000000088100000| Complete 
|  32|0x0000000088200000, 0x0000000088300000, 0x0000000088300000|100%|HC|  |TAMS 0x0000000088300000, 0x0000000088200000| Complete 
|  33|0x0000000088300000, 0x0000000088400000, 0x0000000088400000|100%| O|  |TAMS 0x0000000088400000, 0x0000000088300000| Untracked 
|  34|0x0000000088400000, 0x0000000088500000, 0x0000000088500000|100%| O|  |TAMS 0x0000000088500000, 0x0000000088400000| Untracked 
|  35|0x0000000088500000, 0x0000000088600000, 0x0000000088600000|100%| O|  |TAMS 0x0000000088600000, 0x0000000088500000| Untracked 
|  36|0x0000000088600000, 0x0000000088700000, 0x0000000088700000|100%| O|  |TAMS 0x0000000088700000, 0x0000000088600000| Untracked 
|  37|0x0000000088700000, 0x0000000088800000, 0x0000000088800000|100%| O|  |TAMS 0x0000000088800000, 0x0000000088700000| Untracked 
|  38|0x0000000088800000, 0x0000000088900000, 0x0000000088900000|100%| O|  |TAMS 0x0000000088900000, 0x0000000088800000| Untracked 
|  39|0x0000000088900000, 0x0000000088a00000, 0x0000000088a00000|100%| O|  |TAMS 0x0000000088a00000, 0x0000000088900000| Untracked 
|  40|0x0000000088a00000, 0x0000000088b00000, 0x0000000088b00000|100%| O|  |TAMS 0x0000000088b00000, 0x0000000088a00000| Untracked 
|  41|0x0000000088b00000, 0x0000000088c00000, 0x0000000088c00000|100%| O|  |TAMS 0x0000000088c00000, 0x0000000088b00000| Untracked 
|  42|0x0000000088c00000, 0x0000000088d00000, 0x0000000088d00000|100%| O|  |TAMS 0x0000000088d00000, 0x0000000088c00000| Untracked 
|  43|0x0000000088d00000, 0x0000000088e00000, 0x0000000088e00000|100%| O|  |TAMS 0x0000000088e00000, 0x0000000088d00000| Untracked 
|  44|0x0000000088e00000, 0x0000000088f00000, 0x0000000088f00000|100%| O|  |TAMS 0x0000000088f00000, 0x0000000088e00000| Untracked 
|  45|0x0000000088f00000, 0x0000000089000000, 0x0000000089000000|100%| O|  |TAMS 0x0000000089000000, 0x0000000088f00000| Untracked 
|  46|0x0000000089000000, 0x0000000089100000, 0x0000000089100000|100%| O|  |TAMS 0x0000000089100000, 0x0000000089000000| Untracked 
|  47|0x0000000089100000, 0x0000000089200000, 0x0000000089200000|100%| O|  |TAMS 0x0000000089200000, 0x0000000089100000| Untracked 
|  48|0x0000000089200000, 0x0000000089300000, 0x0000000089300000|100%| O|  |TAMS 0x0000000089300000, 0x0000000089200000| Untracked 
|  49|0x0000000089300000, 0x0000000089400000, 0x0000000089400000|100%| O|  |TAMS 0x0000000089400000, 0x0000000089300000| Untracked 
|  50|0x0000000089400000, 0x0000000089500000, 0x0000000089500000|100%| O|  |TAMS 0x0000000089500000, 0x0000000089400000| Untracked 
|  51|0x0000000089500000, 0x0000000089600000, 0x0000000089600000|100%| O|  |TAMS 0x0000000089600000, 0x0000000089500000| Untracked 
|  52|0x0000000089600000, 0x0000000089700000, 0x0000000089700000|100%| O|  |TAMS 0x0000000089600000, 0x0000000089600000| Untracked 
|  53|0x0000000089700000, 0x0000000089800000, 0x0000000089800000|100%| O|  |TAMS 0x0000000089800000, 0x0000000089700000| Untracked 
|  54|0x0000000089800000, 0x0000000089900000, 0x0000000089900000|100%| O|  |TAMS 0x0000000089900000, 0x0000000089800000| Untracked 
|  55|0x0000000089900000, 0x0000000089a00000, 0x0000000089a00000|100%| O|  |TAMS 0x0000000089900000, 0x0000000089900000| Untracked 
|  56|0x0000000089a00000, 0x0000000089b00000, 0x0000000089b00000|100%| O|  |TAMS 0x0000000089b00000, 0x0000000089a00000| Untracked 
|  57|0x0000000089b00000, 0x0000000089c00000, 0x0000000089c00000|100%| O|  |TAMS 0x0000000089c00000, 0x0000000089b00000| Untracked 
|  58|0x0000000089c00000, 0x0000000089d00000, 0x0000000089d00000|100%| O|  |TAMS 0x0000000089d00000, 0x0000000089c00000| Untracked 
|  59|0x0000000089d00000, 0x0000000089e00000, 0x0000000089e00000|100%| O|  |TAMS 0x0000000089e00000, 0x0000000089d00000| Untracked 
|  60|0x0000000089e00000, 0x0000000089f00000, 0x0000000089f00000|100%|HS|  |TAMS 0x0000000089e00000, 0x0000000089e00000| Complete 
|  61|0x0000000089f00000, 0x000000008a000000, 0x000000008a000000|100%| O|  |TAMS 0x000000008a000000, 0x0000000089f00000| Untracked 
|  62|0x000000008a000000, 0x000000008a100000, 0x000000008a100000|100%| O|  |TAMS 0x000000008a100000, 0x000000008a000000| Untracked 
|  63|0x000000008a100000, 0x000000008a200000, 0x000000008a200000|100%| O|  |TAMS 0x000000008a200000, 0x000000008a100000| Untracked 
|  64|0x000000008a200000, 0x000000008a300000, 0x000000008a300000|100%| O|  |TAMS 0x000000008a300000, 0x000000008a200000| Untracked 
|  65|0x000000008a300000, 0x000000008a400000, 0x000000008a400000|100%| O|  |TAMS 0x000000008a400000, 0x000000008a300000| Untracked 
|  66|0x000000008a400000, 0x000000008a500000, 0x000000008a500000|100%| O|  |TAMS 0x000000008a500000, 0x000000008a400000| Untracked 
|  67|0x000000008a500000, 0x000000008a600000, 0x000000008a600000|100%| O|  |TAMS 0x000000008a600000, 0x000000008a500000| Untracked 
|  68|0x000000008a600000, 0x000000008a700000, 0x000000008a700000|100%| O|  |TAMS 0x000000008a700000, 0x000000008a600000| Untracked 
|  69|0x000000008a700000, 0x000000008a800000, 0x000000008a800000|100%| O|  |TAMS 0x000000008a800000, 0x000000008a700000| Untracked 
|  70|0x000000008a800000, 0x000000008a900000, 0x000000008a900000|100%| O|  |TAMS 0x000000008a900000, 0x000000008a800000| Untracked 
|  71|0x000000008a900000, 0x000000008aa00000, 0x000000008aa00000|100%| O|  |TAMS 0x000000008aa00000, 0x000000008a900000| Untracked 
|  72|0x000000008aa00000, 0x000000008ab00000, 0x000000008ab00000|100%| O|  |TAMS 0x000000008ab00000, 0x000000008aa00000| Untracked 
|  73|0x000000008ab00000, 0x000000008ac00000, 0x000000008ac00000|100%| O|  |TAMS 0x000000008ac00000, 0x000000008ab00000| Untracked 
|  74|0x000000008ac00000, 0x000000008ad00000, 0x000000008ad00000|100%| O|  |TAMS 0x000000008ad00000, 0x000000008ac00000| Untracked 
|  75|0x000000008ad00000, 0x000000008ae00000, 0x000000008ae00000|100%| O|  |TAMS 0x000000008ae00000, 0x000000008ad00000| Untracked 
|  76|0x000000008ae00000, 0x000000008af00000, 0x000000008af00000|100%| O|  |TAMS 0x000000008af00000, 0x000000008ae00000| Untracked 
|  77|0x000000008af00000, 0x000000008b000000, 0x000000008b000000|100%| O|  |TAMS 0x000000008b000000, 0x000000008af00000| Untracked 
|  78|0x000000008b000000, 0x000000008b100000, 0x000000008b100000|100%| O|  |TAMS 0x000000008b100000, 0x000000008b000000| Untracked 
|  79|0x000000008b100000, 0x000000008b200000, 0x000000008b200000|100%| O|  |TAMS 0x000000008b200000, 0x000000008b100000| Untracked 
|  80|0x000000008b200000, 0x000000008b300000, 0x000000008b300000|100%| O|  |TAMS 0x000000008b300000, 0x000000008b200000| Untracked 
|  81|0x000000008b300000, 0x000000008b400000, 0x000000008b400000|100%| O|  |TAMS 0x000000008b400000, 0x000000008b300000| Untracked 
|  82|0x000000008b400000, 0x000000008b500000, 0x000000008b500000|100%| O|  |TAMS 0x000000008b500000, 0x000000008b400000| Untracked 
|  83|0x000000008b500000, 0x000000008b600000, 0x000000008b600000|100%| O|  |TAMS 0x000000008b600000, 0x000000008b500000| Untracked 
|  84|0x000000008b600000, 0x000000008b700000, 0x000000008b700000|100%| O|  |TAMS 0x000000008b700000, 0x000000008b600000| Untracked 
|  85|0x000000008b700000, 0x000000008b800000, 0x000000008b800000|100%| O|  |TAMS 0x000000008b800000, 0x000000008b700000| Untracked 
|  86|0x000000008b800000, 0x000000008b900000, 0x000000008b900000|100%| O|  |TAMS 0x000000008b900000, 0x000000008b800000| Untracked 
|  87|0x000000008b900000, 0x000000008ba00000, 0x000000008ba00000|100%| O|  |TAMS 0x000000008ba00000, 0x000000008b900000| Untracked 
|  88|0x000000008ba00000, 0x000000008bb00000, 0x000000008bb00000|100%| O|  |TAMS 0x000000008bb00000, 0x000000008ba00000| Untracked 
|  89|0x000000008bb00000, 0x000000008bc00000, 0x000000008bc00000|100%| O|  |TAMS 0x000000008bc00000, 0x000000008bb00000| Untracked 
|  90|0x000000008bc00000, 0x000000008bd00000, 0x000000008bd00000|100%| O|  |TAMS 0x000000008bd00000, 0x000000008bc00000| Untracked 
|  91|0x000000008bd00000, 0x000000008be00000, 0x000000008be00000|100%| O|  |TAMS 0x000000008bd00000, 0x000000008bd00000| Untracked 
|  92|0x000000008be00000, 0x000000008bf00000, 0x000000008bf00000|100%| O|  |TAMS 0x000000008bf00000, 0x000000008be00000| Untracked 
|  93|0x000000008bf00000, 0x000000008c000000, 0x000000008c000000|100%| O|  |TAMS 0x000000008c000000, 0x000000008bf00000| Untracked 
|  94|0x000000008c000000, 0x000000008c100000, 0x000000008c100000|100%| O|  |TAMS 0x000000008c100000, 0x000000008c000000| Untracked 
|  95|0x000000008c100000, 0x000000008c200000, 0x000000008c200000|100%| O|  |TAMS 0x000000008c200000, 0x000000008c100000| Untracked 
|  96|0x000000008c200000, 0x000000008c300000, 0x000000008c300000|100%| O|  |TAMS 0x000000008c300000, 0x000000008c200000| Untracked 
|  97|0x000000008c300000, 0x000000008c400000, 0x000000008c400000|100%| O|  |TAMS 0x000000008c400000, 0x000000008c300000| Untracked 
|  98|0x000000008c400000, 0x000000008c500000, 0x000000008c500000|100%| O|  |TAMS 0x000000008c500000, 0x000000008c400000| Untracked 
|  99|0x000000008c500000, 0x000000008c600000, 0x000000008c600000|100%| O|  |TAMS 0x000000008c600000, 0x000000008c500000| Untracked 
| 100|0x000000008c600000, 0x000000008c700000, 0x000000008c700000|100%| O|  |TAMS 0x000000008c700000, 0x000000008c600000| Untracked 
| 101|0x000000008c700000, 0x000000008c800000, 0x000000008c800000|100%| O|  |TAMS 0x000000008c800000, 0x000000008c700000| Untracked 
| 102|0x000000008c800000, 0x000000008c900000, 0x000000008c900000|100%| O|  |TAMS 0x000000008c800000, 0x000000008c800000| Untracked 
| 103|0x000000008c900000, 0x000000008ca00000, 0x000000008ca00000|100%| O|  |TAMS 0x000000008c900000, 0x000000008c900000| Untracked 
| 104|0x000000008ca00000, 0x000000008cb00000, 0x000000008cb00000|100%| O|  |TAMS 0x000000008ca00000, 0x000000008ca00000| Untracked 
| 105|0x000000008cb00000, 0x000000008cc00000, 0x000000008cc00000|100%| O|  |TAMS 0x000000008cb00000, 0x000000008cb00000| Untracked 
| 106|0x000000008cc00000, 0x000000008cd00000, 0x000000008cd00000|100%| O|  |TAMS 0x000000008cd00000, 0x000000008cc00000| Untracked 
| 107|0x000000008cd00000, 0x000000008ce00000, 0x000000008ce00000|100%| O|  |TAMS 0x000000008ce00000, 0x000000008cd00000| Untracked 
| 108|0x000000008ce00000, 0x000000008cf00000, 0x000000008cf00000|100%| O|  |TAMS 0x000000008cf00000, 0x000000008ce00000| Untracked 
| 109|0x000000008cf00000, 0x000000008d000000, 0x000000008d000000|100%| O|  |TAMS 0x000000008d000000, 0x000000008cf00000| Untracked 
| 110|0x000000008d000000, 0x000000008d100000, 0x000000008d100000|100%| O|  |TAMS 0x000000008d100000, 0x000000008d000000| Untracked 
| 111|0x000000008d100000, 0x000000008d200000, 0x000000008d200000|100%| O|  |TAMS 0x000000008d100000, 0x000000008d100000| Untracked 
| 112|0x000000008d200000, 0x000000008d300000, 0x000000008d300000|100%| O|  |TAMS 0x000000008d200000, 0x000000008d200000| Untracked 
| 113|0x000000008d300000, 0x000000008d400000, 0x000000008d400000|100%| O|  |TAMS 0x000000008d300000, 0x000000008d300000| Untracked 
| 114|0x000000008d400000, 0x000000008d500000, 0x000000008d500000|100%| O|  |TAMS 0x000000008d400000, 0x000000008d400000| Untracked 
| 115|0x000000008d500000, 0x000000008d600000, 0x000000008d600000|100%| O|  |TAMS 0x000000008d500000, 0x000000008d500000| Untracked 
| 116|0x000000008d600000, 0x000000008d700000, 0x000000008d700000|100%| O|  |TAMS 0x000000008d600000, 0x000000008d600000| Untracked 
| 117|0x000000008d700000, 0x000000008d800000, 0x000000008d800000|100%| O|  |TAMS 0x000000008d700000, 0x000000008d700000| Untracked 
| 118|0x000000008d800000, 0x000000008d900000, 0x000000008d900000|100%| O|  |TAMS 0x000000008d900000, 0x000000008d800000| Untracked 
| 119|0x000000008d900000, 0x000000008da00000, 0x000000008da00000|100%| O|  |TAMS 0x000000008da00000, 0x000000008d900000| Untracked 
| 120|0x000000008da00000, 0x000000008db00000, 0x000000008db00000|100%| O|  |TAMS 0x000000008db00000, 0x000000008da00000| Untracked 
| 121|0x000000008db00000, 0x000000008dc00000, 0x000000008dc00000|100%| O|  |TAMS 0x000000008dc00000, 0x000000008db00000| Untracked 
| 122|0x000000008dc00000, 0x000000008dd00000, 0x000000008dd00000|100%| O|  |TAMS 0x000000008dd00000, 0x000000008dc00000| Untracked 
| 123|0x000000008dd00000, 0x000000008de00000, 0x000000008de00000|100%| O|  |TAMS 0x000000008de00000, 0x000000008dd00000| Untracked 
| 124|0x000000008de00000, 0x000000008df00000, 0x000000008df00000|100%| O|  |TAMS 0x000000008de00000, 0x000000008de00000| Untracked 
| 125|0x000000008df00000, 0x000000008e000000, 0x000000008e000000|100%| O|  |TAMS 0x000000008e000000, 0x000000008df00000| Untracked 
| 126|0x000000008e000000, 0x000000008e100000, 0x000000008e100000|100%| O|  |TAMS 0x000000008e000000, 0x000000008e000000| Untracked 
| 127|0x000000008e100000, 0x000000008e200000, 0x000000008e200000|100%| O|  |TAMS 0x000000008e100000, 0x000000008e100000| Untracked 
| 128|0x000000008e200000, 0x000000008e300000, 0x000000008e300000|100%| O|  |TAMS 0x000000008e200000, 0x000000008e200000| Untracked 
| 129|0x000000008e300000, 0x000000008e400000, 0x000000008e400000|100%| O|  |TAMS 0x000000008e300000, 0x000000008e300000| Untracked 
| 130|0x000000008e400000, 0x000000008e500000, 0x000000008e500000|100%| O|  |TAMS 0x000000008e400000, 0x000000008e400000| Untracked 
| 131|0x000000008e500000, 0x000000008e600000, 0x000000008e600000|100%| O|  |TAMS 0x000000008e600000, 0x000000008e500000| Untracked 
| 132|0x000000008e600000, 0x000000008e700000, 0x000000008e700000|100%| O|  |TAMS 0x000000008e700000, 0x000000008e600000| Untracked 
| 133|0x000000008e700000, 0x000000008e800000, 0x000000008e800000|100%| O|  |TAMS 0x000000008e800000, 0x000000008e700000| Untracked 
| 134|0x000000008e800000, 0x000000008e900000, 0x000000008e900000|100%| O|  |TAMS 0x000000008e900000, 0x000000008e800000| Untracked 
| 135|0x000000008e900000, 0x000000008ea00000, 0x000000008ea00000|100%| O|  |TAMS 0x000000008e900000, 0x000000008e900000| Untracked 
| 136|0x000000008ea00000, 0x000000008eb00000, 0x000000008eb00000|100%| O|  |TAMS 0x000000008ea00000, 0x000000008ea00000| Untracked 
| 137|0x000000008eb00000, 0x000000008ec00000, 0x000000008ec00000|100%| O|  |TAMS 0x000000008eb00000, 0x000000008eb00000| Untracked 
| 138|0x000000008ec00000, 0x000000008ed00000, 0x000000008ed00000|100%| O|  |TAMS 0x000000008ec00000, 0x000000008ec00000| Untracked 
| 139|0x000000008ed00000, 0x000000008ee00000, 0x000000008ee00000|100%| O|  |TAMS 0x000000008ed00000, 0x000000008ed00000| Untracked 
| 140|0x000000008ee00000, 0x000000008ef00000, 0x000000008ef00000|100%| O|  |TAMS 0x000000008ef00000, 0x000000008ee00000| Untracked 
| 141|0x000000008ef00000, 0x000000008f000000, 0x000000008f000000|100%| O|  |TAMS 0x000000008f000000, 0x000000008ef00000| Untracked 
| 142|0x000000008f000000, 0x000000008f100000, 0x000000008f100000|100%| O|  |TAMS 0x000000008f100000, 0x000000008f000000| Untracked 
| 143|0x000000008f100000, 0x000000008f200000, 0x000000008f200000|100%| O|  |TAMS 0x000000008f200000, 0x000000008f100000| Untracked 
| 144|0x000000008f200000, 0x000000008f300000, 0x000000008f300000|100%| O|  |TAMS 0x000000008f300000, 0x000000008f200000| Untracked 
| 145|0x000000008f300000, 0x000000008f400000, 0x000000008f400000|100%| O|  |TAMS 0x000000008f400000, 0x000000008f300000| Untracked 
| 146|0x000000008f400000, 0x000000008f500000, 0x000000008f500000|100%| O|  |TAMS 0x000000008f500000, 0x000000008f400000| Untracked 
| 147|0x000000008f500000, 0x000000008f600000, 0x000000008f600000|100%| O|  |TAMS 0x000000008f600000, 0x000000008f500000| Untracked 
| 148|0x000000008f600000, 0x000000008f700000, 0x000000008f700000|100%| O|  |TAMS 0x000000008f600000, 0x000000008f600000| Untracked 
| 149|0x000000008f700000, 0x000000008f800000, 0x000000008f800000|100%| O|  |TAMS 0x000000008f700000, 0x000000008f700000| Untracked 
| 150|0x000000008f800000, 0x000000008f900000, 0x000000008f900000|100%| O|  |TAMS 0x000000008f800000, 0x000000008f800000| Untracked 
| 151|0x000000008f900000, 0x000000008fa00000, 0x000000008fa00000|100%| O|  |TAMS 0x000000008fa00000, 0x000000008f900000| Untracked 
| 152|0x000000008fa00000, 0x000000008fb00000, 0x000000008fb00000|100%| O|  |TAMS 0x000000008fb00000, 0x000000008fa00000| Untracked 
| 153|0x000000008fb00000, 0x000000008fc00000, 0x000000008fc00000|100%| O|  |TAMS 0x000000008fc00000, 0x000000008fb00000| Untracked 
| 154|0x000000008fc00000, 0x000000008fd00000, 0x000000008fd00000|100%| O|  |TAMS 0x000000008fd00000, 0x000000008fc00000| Untracked 
| 155|0x000000008fd00000, 0x000000008fe00000, 0x000000008fe00000|100%| O|  |TAMS 0x000000008fe00000, 0x000000008fd00000| Untracked 
| 156|0x000000008fe00000, 0x000000008ff00000, 0x000000008ff00000|100%| O|  |TAMS 0x000000008ff00000, 0x000000008fe00000| Untracked 
| 157|0x000000008ff00000, 0x0000000090000000, 0x0000000090000000|100%| O|  |TAMS 0x0000000090000000, 0x000000008ff00000| Untracked 
| 158|0x0000000090000000, 0x0000000090100000, 0x0000000090100000|100%| O|  |TAMS 0x0000000090100000, 0x0000000090000000| Untracked 
| 159|0x0000000090100000, 0x0000000090200000, 0x0000000090200000|100%| O|  |TAMS 0x0000000090200000, 0x0000000090100000| Untracked 
| 160|0x0000000090200000, 0x0000000090300000, 0x0000000090300000|100%| O|  |TAMS 0x0000000090300000, 0x0000000090200000| Untracked 
| 161|0x0000000090300000, 0x0000000090400000, 0x0000000090400000|100%| O|  |TAMS 0x0000000090400000, 0x0000000090300000| Untracked 
| 162|0x0000000090400000, 0x0000000090500000, 0x0000000090500000|100%| O|  |TAMS 0x0000000090500000, 0x0000000090400000| Untracked 
| 163|0x0000000090500000, 0x0000000090600000, 0x0000000090600000|100%| O|  |TAMS 0x0000000090600000, 0x0000000090500000| Untracked 
| 164|0x0000000090600000, 0x0000000090700000, 0x0000000090700000|100%| O|  |TAMS 0x0000000090700000, 0x0000000090600000| Untracked 
| 165|0x0000000090700000, 0x0000000090800000, 0x0000000090800000|100%| O|  |TAMS 0x0000000090800000, 0x0000000090700000| Untracked 
| 166|0x0000000090800000, 0x0000000090900000, 0x0000000090900000|100%| O|  |TAMS 0x0000000090900000, 0x0000000090800000| Untracked 
| 167|0x0000000090900000, 0x0000000090a00000, 0x0000000090a00000|100%| O|  |TAMS 0x0000000090a00000, 0x0000000090900000| Untracked 
| 168|0x0000000090a00000, 0x0000000090b00000, 0x0000000090b00000|100%| O|  |TAMS 0x0000000090b00000, 0x0000000090a00000| Untracked 
| 169|0x0000000090b00000, 0x0000000090c00000, 0x0000000090c00000|100%| O|  |TAMS 0x0000000090c00000, 0x0000000090b00000| Untracked 
| 170|0x0000000090c00000, 0x0000000090d00000, 0x0000000090d00000|100%| O|  |TAMS 0x0000000090d00000, 0x0000000090c00000| Untracked 
| 171|0x0000000090d00000, 0x0000000090e00000, 0x0000000090e00000|100%| O|  |TAMS 0x0000000090e00000, 0x0000000090d00000| Untracked 
| 172|0x0000000090e00000, 0x0000000090f00000, 0x0000000090f00000|100%| O|  |TAMS 0x0000000090f00000, 0x0000000090e00000| Untracked 
| 173|0x0000000090f00000, 0x0000000091000000, 0x0000000091000000|100%| O|  |TAMS 0x0000000091000000, 0x0000000090f00000| Untracked 
| 174|0x0000000091000000, 0x0000000091100000, 0x0000000091100000|100%| O|  |TAMS 0x0000000091100000, 0x0000000091000000| Untracked 
| 175|0x0000000091100000, 0x0000000091200000, 0x0000000091200000|100%| O|  |TAMS 0x0000000091200000, 0x0000000091100000| Untracked 
| 176|0x0000000091200000, 0x0000000091300000, 0x0000000091300000|100%| O|  |TAMS 0x0000000091200000, 0x0000000091200000| Untracked 
| 177|0x0000000091300000, 0x0000000091400000, 0x0000000091400000|100%| O|  |TAMS 0x0000000091400000, 0x0000000091300000| Untracked 
| 178|0x0000000091400000, 0x0000000091500000, 0x0000000091500000|100%| O|  |TAMS 0x0000000091500000, 0x0000000091400000| Untracked 
| 179|0x0000000091500000, 0x0000000091600000, 0x0000000091600000|100%| O|  |TAMS 0x0000000091600000, 0x0000000091500000| Untracked 
| 180|0x0000000091600000, 0x0000000091700000, 0x0000000091700000|100%| O|  |TAMS 0x0000000091700000, 0x0000000091600000| Untracked 
| 181|0x0000000091700000, 0x0000000091800000, 0x0000000091800000|100%| O|  |TAMS 0x0000000091800000, 0x0000000091700000| Untracked 
| 182|0x0000000091800000, 0x0000000091900000, 0x0000000091900000|100%| O|  |TAMS 0x0000000091900000, 0x0000000091800000| Untracked 
| 183|0x0000000091900000, 0x0000000091a00000, 0x0000000091a00000|100%| O|  |TAMS 0x0000000091a00000, 0x0000000091900000| Untracked 
| 184|0x0000000091a00000, 0x0000000091b00000, 0x0000000091b00000|100%| O|  |TAMS 0x0000000091b00000, 0x0000000091a00000| Untracked 
| 185|0x0000000091b00000, 0x0000000091c00000, 0x0000000091c00000|100%| O|  |TAMS 0x0000000091b00000, 0x0000000091b00000| Untracked 
| 186|0x0000000091c00000, 0x0000000091d00000, 0x0000000091d00000|100%| O|  |TAMS 0x0000000091c4d200, 0x0000000091c00000| Untracked 
| 187|0x0000000091d00000, 0x0000000091e00000, 0x0000000091e00000|100%| O|  |TAMS 0x0000000091d00000, 0x0000000091d00000| Untracked 
| 188|0x0000000091e00000, 0x0000000091f00000, 0x0000000091f00000|100%| O|  |TAMS 0x0000000091e00000, 0x0000000091e00000| Untracked 
| 189|0x0000000091f00000, 0x0000000092000000, 0x0000000092000000|100%| O|  |TAMS 0x0000000091f00000, 0x0000000091f00000| Untracked 
| 190|0x0000000092000000, 0x0000000092100000, 0x0000000092100000|100%| O|  |TAMS 0x0000000092000000, 0x0000000092000000| Untracked 
| 191|0x0000000092100000, 0x0000000092200000, 0x0000000092200000|100%| O|  |TAMS 0x0000000092100000, 0x0000000092100000| Untracked 
| 192|0x0000000092200000, 0x0000000092300000, 0x0000000092300000|100%| O|  |TAMS 0x0000000092200000, 0x0000000092200000| Untracked 
| 193|0x0000000092300000, 0x0000000092400000, 0x0000000092400000|100%| O|  |TAMS 0x0000000092300000, 0x0000000092300000| Untracked 
| 194|0x0000000092400000, 0x0000000092500000, 0x0000000092500000|100%| O|  |TAMS 0x0000000092400000, 0x0000000092400000| Untracked 
| 195|0x0000000092500000, 0x0000000092600000, 0x0000000092600000|100%| O|  |TAMS 0x0000000092500000, 0x0000000092500000| Untracked 
| 196|0x0000000092600000, 0x0000000092700000, 0x0000000092700000|100%| O|  |TAMS 0x0000000092600000, 0x0000000092600000| Untracked 
| 197|0x0000000092700000, 0x0000000092800000, 0x0000000092800000|100%| O|  |TAMS 0x0000000092700000, 0x0000000092700000| Untracked 
| 198|0x0000000092800000, 0x0000000092900000, 0x0000000092900000|100%| O|  |TAMS 0x0000000092800000, 0x0000000092800000| Untracked 
| 199|0x0000000092900000, 0x0000000092a00000, 0x0000000092a00000|100%| O|  |TAMS 0x0000000092900000, 0x0000000092900000| Untracked 
| 200|0x0000000092a00000, 0x0000000092b00000, 0x0000000092b00000|100%| O|  |TAMS 0x0000000092a00000, 0x0000000092a00000| Untracked 
| 201|0x0000000092b00000, 0x0000000092c00000, 0x0000000092c00000|100%| O|  |TAMS 0x0000000092b00000, 0x0000000092b00000| Untracked 
| 202|0x0000000092c00000, 0x0000000092d00000, 0x0000000092d00000|100%| O|  |TAMS 0x0000000092c00000, 0x0000000092c00000| Untracked 
| 203|0x0000000092d00000, 0x0000000092e00000, 0x0000000092e00000|100%| O|  |TAMS 0x0000000092d00000, 0x0000000092d00000| Untracked 
| 204|0x0000000092e00000, 0x0000000092f00000, 0x0000000092f00000|100%| O|  |TAMS 0x0000000092e00000, 0x0000000092e00000| Untracked 
| 205|0x0000000092f00000, 0x0000000093000000, 0x0000000093000000|100%| O|  |TAMS 0x0000000092f00000, 0x0000000092f00000| Untracked 
| 206|0x0000000093000000, 0x0000000093100000, 0x0000000093100000|100%| O|  |TAMS 0x0000000093000000, 0x0000000093000000| Untracked 
| 207|0x0000000093100000, 0x00000000931b7200, 0x0000000093200000| 71%| O|  |TAMS 0x0000000093100000, 0x0000000093100000| Untracked 
| 208|0x0000000093200000, 0x0000000093200000, 0x0000000093300000|  0%| F|  |TAMS 0x0000000093200000, 0x0000000093200000| Untracked 
| 209|0x0000000093300000, 0x0000000093300000, 0x0000000093400000|  0%| F|  |TAMS 0x0000000093300000, 0x0000000093300000| Untracked 
| 210|0x0000000093400000, 0x0000000093400000, 0x0000000093500000|  0%| F|  |TAMS 0x0000000093400000, 0x0000000093400000| Untracked 
| 211|0x0000000093500000, 0x0000000093500000, 0x0000000093600000|  0%| F|  |TAMS 0x0000000093500000, 0x0000000093500000| Untracked 
| 212|0x0000000093600000, 0x0000000093600000, 0x0000000093700000|  0%| F|  |TAMS 0x0000000093600000, 0x0000000093600000| Untracked 
| 213|0x0000000093700000, 0x0000000093700000, 0x0000000093800000|  0%| F|  |TAMS 0x0000000093700000, 0x0000000093700000| Untracked 
| 214|0x0000000093800000, 0x0000000093800000, 0x0000000093900000|  0%| F|  |TAMS 0x0000000093800000, 0x0000000093800000| Untracked 
| 215|0x0000000093900000, 0x0000000093900000, 0x0000000093a00000|  0%| F|  |TAMS 0x0000000093900000, 0x0000000093900000| Untracked 
| 216|0x0000000093a00000, 0x0000000093a00000, 0x0000000093b00000|  0%| F|  |TAMS 0x0000000093a00000, 0x0000000093a00000| Untracked 
| 217|0x0000000093b00000, 0x0000000093b00000, 0x0000000093c00000|  0%| F|  |TAMS 0x0000000093b00000, 0x0000000093b00000| Untracked 
| 218|0x0000000093c00000, 0x0000000093c00000, 0x0000000093d00000|  0%| F|  |TAMS 0x0000000093c00000, 0x0000000093c00000| Untracked 
| 219|0x0000000093d00000, 0x0000000093d00000, 0x0000000093e00000|  0%| F|  |TAMS 0x0000000093d00000, 0x0000000093d00000| Untracked 
| 220|0x0000000093e00000, 0x0000000093e00000, 0x0000000093f00000|  0%| F|  |TAMS 0x0000000093e00000, 0x0000000093e00000| Untracked 
| 221|0x0000000093f00000, 0x0000000093f00000, 0x0000000094000000|  0%| F|  |TAMS 0x0000000093f00000, 0x0000000093f00000| Untracked 
| 222|0x0000000094000000, 0x0000000094000000, 0x0000000094100000|  0%| F|  |TAMS 0x0000000094000000, 0x0000000094000000| Untracked 
| 223|0x0000000094100000, 0x0000000094100000, 0x0000000094200000|  0%| F|  |TAMS 0x0000000094100000, 0x0000000094100000| Untracked 
| 224|0x0000000094200000, 0x0000000094200000, 0x0000000094300000|  0%| F|  |TAMS 0x0000000094200000, 0x0000000094200000| Untracked 
| 225|0x0000000094300000, 0x0000000094300000, 0x0000000094400000|  0%| F|  |TAMS 0x0000000094300000, 0x0000000094300000| Untracked 
| 226|0x0000000094400000, 0x0000000094400000, 0x0000000094500000|  0%| F|  |TAMS 0x0000000094400000, 0x0000000094400000| Untracked 
| 227|0x0000000094500000, 0x0000000094500000, 0x0000000094600000|  0%| F|  |TAMS 0x0000000094500000, 0x0000000094500000| Untracked 
| 228|0x0000000094600000, 0x0000000094600000, 0x0000000094700000|  0%| F|  |TAMS 0x0000000094600000, 0x0000000094600000| Untracked 
| 229|0x0000000094700000, 0x0000000094700000, 0x0000000094800000|  0%| F|  |TAMS 0x0000000094700000, 0x0000000094700000| Untracked 
| 230|0x0000000094800000, 0x0000000094800000, 0x0000000094900000|  0%| F|  |TAMS 0x0000000094800000, 0x0000000094800000| Untracked 
| 231|0x0000000094900000, 0x0000000094900000, 0x0000000094a00000|  0%| F|  |TAMS 0x0000000094900000, 0x0000000094900000| Untracked 
| 232|0x0000000094a00000, 0x0000000094a00000, 0x0000000094b00000|  0%| F|  |TAMS 0x0000000094a00000, 0x0000000094a00000| Untracked 
| 233|0x0000000094b00000, 0x0000000094b00000, 0x0000000094c00000|  0%| F|  |TAMS 0x0000000094b00000, 0x0000000094b00000| Untracked 
| 234|0x0000000094c00000, 0x0000000094c00000, 0x0000000094d00000|  0%| F|  |TAMS 0x0000000094c00000, 0x0000000094c00000| Untracked 
| 235|0x0000000094d00000, 0x0000000094d00000, 0x0000000094e00000|  0%| F|  |TAMS 0x0000000094d00000, 0x0000000094d00000| Untracked 
| 236|0x0000000094e00000, 0x0000000094e00000, 0x0000000094f00000|  0%| F|  |TAMS 0x0000000094e00000, 0x0000000094e00000| Untracked 
| 237|0x0000000094f00000, 0x0000000094f00000, 0x0000000095000000|  0%| F|  |TAMS 0x0000000094f00000, 0x0000000094f00000| Untracked 
| 238|0x0000000095000000, 0x0000000095000000, 0x0000000095100000|  0%| F|  |TAMS 0x0000000095000000, 0x0000000095000000| Untracked 
| 239|0x0000000095100000, 0x0000000095100000, 0x0000000095200000|  0%| F|  |TAMS 0x0000000095100000, 0x0000000095100000| Untracked 
| 240|0x0000000095200000, 0x0000000095200000, 0x0000000095300000|  0%| F|  |TAMS 0x0000000095200000, 0x0000000095200000| Untracked 
| 241|0x0000000095300000, 0x0000000095300000, 0x0000000095400000|  0%| F|  |TAMS 0x0000000095300000, 0x0000000095300000| Untracked 
| 242|0x0000000095400000, 0x0000000095400000, 0x0000000095500000|  0%| F|  |TAMS 0x0000000095400000, 0x0000000095400000| Untracked 
| 243|0x0000000095500000, 0x0000000095500000, 0x0000000095600000|  0%| F|  |TAMS 0x0000000095500000, 0x0000000095500000| Untracked 
| 244|0x0000000095600000, 0x0000000095600000, 0x0000000095700000|  0%| F|  |TAMS 0x0000000095600000, 0x0000000095600000| Untracked 
| 245|0x0000000095700000, 0x0000000095700000, 0x0000000095800000|  0%| F|  |TAMS 0x0000000095700000, 0x0000000095700000| Untracked 
| 246|0x0000000095800000, 0x0000000095800000, 0x0000000095900000|  0%| F|  |TAMS 0x0000000095800000, 0x0000000095800000| Untracked 
| 247|0x0000000095900000, 0x0000000095900000, 0x0000000095a00000|  0%| F|  |TAMS 0x0000000095900000, 0x0000000095900000| Untracked 
| 248|0x0000000095a00000, 0x0000000095a00000, 0x0000000095b00000|  0%| F|  |TAMS 0x0000000095a00000, 0x0000000095a00000| Untracked 
| 249|0x0000000095b00000, 0x0000000095b00000, 0x0000000095c00000|  0%| F|  |TAMS 0x0000000095b00000, 0x0000000095b00000| Untracked 
| 250|0x0000000095c00000, 0x0000000095c00000, 0x0000000095d00000|  0%| F|  |TAMS 0x0000000095c00000, 0x0000000095c00000| Untracked 
| 251|0x0000000095d00000, 0x0000000095d00000, 0x0000000095e00000|  0%| F|  |TAMS 0x0000000095d00000, 0x0000000095d00000| Untracked 
| 252|0x0000000095e00000, 0x0000000095e00000, 0x0000000095f00000|  0%| F|  |TAMS 0x0000000095e00000, 0x0000000095e00000| Untracked 
| 253|0x0000000095f00000, 0x0000000096000000, 0x0000000096000000|100%| S|CS|TAMS 0x0000000095f00000, 0x0000000095f00000| Complete 
| 254|0x0000000096000000, 0x0000000096100000, 0x0000000096100000|100%| S|CS|TAMS 0x0000000096000000, 0x0000000096000000| Complete 
| 255|0x0000000096100000, 0x0000000096200000, 0x0000000096200000|100%| S|CS|TAMS 0x0000000096100000, 0x0000000096100000| Complete 
| 256|0x0000000096200000, 0x0000000096300000, 0x0000000096300000|100%| S|CS|TAMS 0x0000000096200000, 0x0000000096200000| Complete 
| 257|0x0000000096300000, 0x0000000096400000, 0x0000000096400000|100%| S|CS|TAMS 0x0000000096300000, 0x0000000096300000| Complete 
| 258|0x0000000096400000, 0x0000000096500000, 0x0000000096500000|100%| S|CS|TAMS 0x0000000096400000, 0x0000000096400000| Complete 
| 259|0x0000000096500000, 0x0000000096600000, 0x0000000096600000|100%| S|CS|TAMS 0x0000000096500000, 0x0000000096500000| Complete 
| 260|0x0000000096600000, 0x0000000096700000, 0x0000000096700000|100%| S|CS|TAMS 0x0000000096600000, 0x0000000096600000| Complete 
| 261|0x0000000096700000, 0x0000000096700000, 0x0000000096800000|  0%| F|  |TAMS 0x0000000096700000, 0x0000000096700000| Untracked 
| 262|0x0000000096800000, 0x0000000096800000, 0x0000000096900000|  0%| F|  |TAMS 0x0000000096800000, 0x0000000096800000| Untracked 
| 263|0x0000000096900000, 0x0000000096900000, 0x0000000096a00000|  0%| F|  |TAMS 0x0000000096900000, 0x0000000096900000| Untracked 
| 264|0x0000000096a00000, 0x0000000096a00000, 0x0000000096b00000|  0%| F|  |TAMS 0x0000000096a00000, 0x0000000096a00000| Untracked 
| 265|0x0000000096b00000, 0x0000000096b00000, 0x0000000096c00000|  0%| F|  |TAMS 0x0000000096b00000, 0x0000000096b00000| Untracked 
| 266|0x0000000096c00000, 0x0000000096c00000, 0x0000000096d00000|  0%| F|  |TAMS 0x0000000096c00000, 0x0000000096c00000| Untracked 
| 267|0x0000000096d00000, 0x0000000096d00000, 0x0000000096e00000|  0%| F|  |TAMS 0x0000000096d00000, 0x0000000096d00000| Untracked 
| 268|0x0000000096e00000, 0x0000000096f00000, 0x0000000096f00000|100%| S|CS|TAMS 0x0000000096e00000, 0x0000000096e00000| Complete 
| 269|0x0000000096f00000, 0x0000000096f00000, 0x0000000097000000|  0%| F|  |TAMS 0x0000000096f00000, 0x0000000096f00000| Untracked 
| 270|0x0000000097000000, 0x0000000097000000, 0x0000000097100000|  0%| F|  |TAMS 0x0000000097000000, 0x0000000097000000| Untracked 
| 271|0x0000000097100000, 0x0000000097100000, 0x0000000097200000|  0%| F|  |TAMS 0x0000000097100000, 0x0000000097100000| Untracked 
| 272|0x0000000097200000, 0x0000000097200000, 0x0000000097300000|  0%| F|  |TAMS 0x0000000097200000, 0x0000000097200000| Untracked 
| 273|0x0000000097300000, 0x0000000097300000, 0x0000000097400000|  0%| F|  |TAMS 0x0000000097300000, 0x0000000097300000| Untracked 
| 274|0x0000000097400000, 0x0000000097400000, 0x0000000097500000|  0%| F|  |TAMS 0x0000000097400000, 0x0000000097400000| Untracked 
| 275|0x0000000097500000, 0x0000000097500000, 0x0000000097600000|  0%| F|  |TAMS 0x0000000097500000, 0x0000000097500000| Untracked 
| 276|0x0000000097600000, 0x0000000097600000, 0x0000000097700000|  0%| F|  |TAMS 0x0000000097600000, 0x0000000097600000| Untracked 
| 277|0x0000000097700000, 0x0000000097700000, 0x0000000097800000|  0%| F|  |TAMS 0x0000000097700000, 0x0000000097700000| Untracked 
| 278|0x0000000097800000, 0x0000000097800000, 0x0000000097900000|  0%| F|  |TAMS 0x0000000097800000, 0x0000000097800000| Untracked 
| 279|0x0000000097900000, 0x0000000097900000, 0x0000000097a00000|  0%| F|  |TAMS 0x0000000097900000, 0x0000000097900000| Untracked 
| 280|0x0000000097a00000, 0x0000000097a00000, 0x0000000097b00000|  0%| F|  |TAMS 0x0000000097a00000, 0x0000000097a00000| Untracked 
| 281|0x0000000097b00000, 0x0000000097b00000, 0x0000000097c00000|  0%| F|  |TAMS 0x0000000097b00000, 0x0000000097b00000| Untracked 
| 282|0x0000000097c00000, 0x0000000097c00000, 0x0000000097d00000|  0%| F|  |TAMS 0x0000000097c00000, 0x0000000097c00000| Untracked 
| 283|0x0000000097d00000, 0x0000000097d00000, 0x0000000097e00000|  0%| F|  |TAMS 0x0000000097d00000, 0x0000000097d00000| Untracked 
| 284|0x0000000097e00000, 0x0000000097e00000, 0x0000000097f00000|  0%| F|  |TAMS 0x0000000097e00000, 0x0000000097e00000| Untracked 
| 285|0x0000000097f00000, 0x0000000097f00000, 0x0000000098000000|  0%| F|  |TAMS 0x0000000097f00000, 0x0000000097f00000| Untracked 
| 286|0x0000000098000000, 0x0000000098000000, 0x0000000098100000|  0%| F|  |TAMS 0x0000000098000000, 0x0000000098000000| Untracked 
| 287|0x0000000098100000, 0x0000000098100000, 0x0000000098200000|  0%| F|  |TAMS 0x0000000098100000, 0x0000000098100000| Untracked 
| 288|0x0000000098200000, 0x0000000098200000, 0x0000000098300000|  0%| F|  |TAMS 0x0000000098200000, 0x0000000098200000| Untracked 
| 289|0x0000000098300000, 0x0000000098300000, 0x0000000098400000|  0%| F|  |TAMS 0x0000000098300000, 0x0000000098300000| Untracked 
| 290|0x0000000098400000, 0x0000000098400000, 0x0000000098500000|  0%| F|  |TAMS 0x0000000098400000, 0x0000000098400000| Untracked 
| 291|0x0000000098500000, 0x0000000098500000, 0x0000000098600000|  0%| F|  |TAMS 0x0000000098500000, 0x0000000098500000| Untracked 
| 292|0x0000000098600000, 0x0000000098600000, 0x0000000098700000|  0%| F|  |TAMS 0x0000000098600000, 0x0000000098600000| Untracked 
| 293|0x0000000098700000, 0x0000000098700000, 0x0000000098800000|  0%| F|  |TAMS 0x0000000098700000, 0x0000000098700000| Untracked 
| 294|0x0000000098800000, 0x0000000098800000, 0x0000000098900000|  0%| F|  |TAMS 0x0000000098800000, 0x0000000098800000| Untracked 
| 295|0x0000000098900000, 0x0000000098900000, 0x0000000098a00000|  0%| F|  |TAMS 0x0000000098900000, 0x0000000098900000| Untracked 
| 296|0x0000000098a00000, 0x0000000098a00000, 0x0000000098b00000|  0%| F|  |TAMS 0x0000000098a00000, 0x0000000098a00000| Untracked 
| 297|0x0000000098b00000, 0x0000000098b00000, 0x0000000098c00000|  0%| F|  |TAMS 0x0000000098b00000, 0x0000000098b00000| Untracked 
| 298|0x0000000098c00000, 0x0000000098c00000, 0x0000000098d00000|  0%| F|  |TAMS 0x0000000098c00000, 0x0000000098c00000| Untracked 
| 299|0x0000000098d00000, 0x0000000098d00000, 0x0000000098e00000|  0%| F|  |TAMS 0x0000000098d00000, 0x0000000098d00000| Untracked 
| 300|0x0000000098e00000, 0x0000000098e00000, 0x0000000098f00000|  0%| F|  |TAMS 0x0000000098e00000, 0x0000000098e00000| Untracked 
| 301|0x0000000098f00000, 0x0000000098f00000, 0x0000000099000000|  0%| F|  |TAMS 0x0000000098f00000, 0x0000000098f00000| Untracked 
| 302|0x0000000099000000, 0x0000000099000000, 0x0000000099100000|  0%| F|  |TAMS 0x0000000099000000, 0x0000000099000000| Untracked 
| 303|0x0000000099100000, 0x0000000099100000, 0x0000000099200000|  0%| F|  |TAMS 0x0000000099100000, 0x0000000099100000| Untracked 
| 304|0x0000000099200000, 0x0000000099200000, 0x0000000099300000|  0%| F|  |TAMS 0x0000000099200000, 0x0000000099200000| Untracked 
| 305|0x0000000099300000, 0x0000000099300000, 0x0000000099400000|  0%| F|  |TAMS 0x0000000099300000, 0x0000000099300000| Untracked 
| 306|0x0000000099400000, 0x0000000099400000, 0x0000000099500000|  0%| F|  |TAMS 0x0000000099400000, 0x0000000099400000| Untracked 
| 307|0x0000000099500000, 0x0000000099500000, 0x0000000099600000|  0%| F|  |TAMS 0x0000000099500000, 0x0000000099500000| Untracked 
| 308|0x0000000099600000, 0x0000000099600000, 0x0000000099700000|  0%| F|  |TAMS 0x0000000099600000, 0x0000000099600000| Untracked 
| 309|0x0000000099700000, 0x0000000099700000, 0x0000000099800000|  0%| F|  |TAMS 0x0000000099700000, 0x0000000099700000| Untracked 
| 310|0x0000000099800000, 0x0000000099800000, 0x0000000099900000|  0%| F|  |TAMS 0x0000000099800000, 0x0000000099800000| Untracked 
| 311|0x0000000099900000, 0x0000000099900000, 0x0000000099a00000|  0%| F|  |TAMS 0x0000000099900000, 0x0000000099900000| Untracked 
| 312|0x0000000099a00000, 0x0000000099a00000, 0x0000000099b00000|  0%| F|  |TAMS 0x0000000099a00000, 0x0000000099a00000| Untracked 
| 313|0x0000000099b00000, 0x0000000099b00000, 0x0000000099c00000|  0%| F|  |TAMS 0x0000000099b00000, 0x0000000099b00000| Untracked 
| 314|0x0000000099c00000, 0x0000000099c00000, 0x0000000099d00000|  0%| F|  |TAMS 0x0000000099c00000, 0x0000000099c00000| Untracked 
| 315|0x0000000099d00000, 0x0000000099d00000, 0x0000000099e00000|  0%| F|  |TAMS 0x0000000099d00000, 0x0000000099d00000| Untracked 
| 316|0x0000000099e00000, 0x0000000099e00000, 0x0000000099f00000|  0%| F|  |TAMS 0x0000000099e00000, 0x0000000099e00000| Untracked 
| 317|0x0000000099f00000, 0x0000000099f00000, 0x000000009a000000|  0%| F|  |TAMS 0x0000000099f00000, 0x0000000099f00000| Untracked 
| 318|0x000000009a000000, 0x000000009a000000, 0x000000009a100000|  0%| F|  |TAMS 0x000000009a000000, 0x000000009a000000| Untracked 
| 319|0x000000009a100000, 0x000000009a100000, 0x000000009a200000|  0%| F|  |TAMS 0x000000009a100000, 0x000000009a100000| Untracked 
| 320|0x000000009a200000, 0x000000009a200000, 0x000000009a300000|  0%| F|  |TAMS 0x000000009a200000, 0x000000009a200000| Untracked 
| 321|0x000000009a300000, 0x000000009a300000, 0x000000009a400000|  0%| F|  |TAMS 0x000000009a300000, 0x000000009a300000| Untracked 
| 322|0x000000009a400000, 0x000000009a400000, 0x000000009a500000|  0%| F|  |TAMS 0x000000009a400000, 0x000000009a400000| Untracked 
| 323|0x000000009a500000, 0x000000009a500000, 0x000000009a600000|  0%| F|  |TAMS 0x000000009a500000, 0x000000009a500000| Untracked 
| 324|0x000000009a600000, 0x000000009a600000, 0x000000009a700000|  0%| F|  |TAMS 0x000000009a600000, 0x000000009a600000| Untracked 
| 325|0x000000009a700000, 0x000000009a700000, 0x000000009a800000|  0%| F|  |TAMS 0x000000009a700000, 0x000000009a700000| Untracked 
| 326|0x000000009a800000, 0x000000009a800000, 0x000000009a900000|  0%| F|  |TAMS 0x000000009a800000, 0x000000009a800000| Untracked 
| 327|0x000000009a900000, 0x000000009a900000, 0x000000009aa00000|  0%| F|  |TAMS 0x000000009a900000, 0x000000009a900000| Untracked 
| 328|0x000000009aa00000, 0x000000009aa00000, 0x000000009ab00000|  0%| F|  |TAMS 0x000000009aa00000, 0x000000009aa00000| Untracked 
| 329|0x000000009ab00000, 0x000000009ab00000, 0x000000009ac00000|  0%| F|  |TAMS 0x000000009ab00000, 0x000000009ab00000| Untracked 

Card table byte_map: [0x0000022647830000,0x0000022647c00000] _byte_map_base: 0x00000226473ff000

Marking Bits (Prev, Next): (CMBitMap*) 0x0000022634ca6600, (CMBitMap*) 0x0000022634ca65c0
 Prev Bits: [0x0000022649e50000, 0x000002264bcc8000)
 Next Bits: [0x0000022647fd0000, 0x0000022649e48000)

Polling page: 0x0000022634400000

Metaspace:

Usage:
  Non-class:     86.34 MB used.
      Class:      9.98 MB used.
       Both:     96.33 MB used.

Virtual space:
  Non-class space:      128.00 MB reserved,      86.56 MB ( 68%) committed,  2 nodes.
      Class space:        1.00 GB reserved,      10.19 MB ( <1%) committed,  1 nodes.
             Both:        1.12 GB reserved,      96.75 MB (  8%) committed. 

Chunk freelists:
   Non-Class:  8.64 MB
       Class:  5.66 MB
        Both:  14.30 MB

MaxMetaspaceSize: unlimited
CompressedClassSpaceSize: 1.00 GB
Initial GC threshold: 21.00 MB
Current GC threshold: 158.69 MB
CDS: off
MetaspaceReclaimPolicy: balanced
 - commit_granule_bytes: 65536.
 - commit_granule_words: 8192.
 - virtual_space_node_default_size: 8388608.
 - enlarge_chunks_in_place: 1.
 - new_chunks_are_fully_committed: 0.
 - uncommit_free_chunks: 1.
 - use_allocation_guard: 0.
 - handle_deallocations: 1.


Internal statistics:

num_allocs_failed_limit: 18.
num_arena_births: 534.
num_arena_deaths: 0.
num_vsnodes_births: 3.
num_vsnodes_deaths: 0.
num_space_committed: 1546.
num_space_uncommitted: 0.
num_chunks_returned_to_freelist: 18.
num_chunks_taken_from_freelist: 3862.
num_chunk_merges: 18.
num_chunk_splits: 3113.
num_chunks_enlarged: 2667.
num_inconsistent_stats: 0.

CodeHeap 'non-profiled nmethods': size=120000Kb used=12399Kb max_used=12399Kb free=107600Kb
 bounds [0x000002263fbf0000, 0x0000022640810000, 0x0000022647120000]
CodeHeap 'profiled nmethods': size=120000Kb used=57840Kb max_used=57840Kb free=62160Kb
 bounds [0x0000022638120000, 0x000002263b9a0000, 0x000002263f650000]
CodeHeap 'non-nmethods': size=5760Kb used=1422Kb max_used=1555Kb free=4337Kb
 bounds [0x000002263f650000, 0x000002263f8c0000, 0x000002263fbf0000]
 total_blobs=21242 nmethods=20486 adapters=663
 compilation: enabled
              stopped_count=0, restarted_count=0
 full_count=0

Compilation events (20 events):
Event: 38.098 Thread 0x000002264e746750 nmethod 26294 0x000002264080b110 code [0x000002264080b280, 0x000002264080b798]
Event: 38.098 Thread 0x000002264e746750 26459       4       java.util.ArrayList$SubList$1::next (85 bytes)
Event: 38.100 Thread 0x000002264e746750 nmethod 26459 0x000002264080b890 code [0x000002264080ba20, 0x000002264080bb78]
Event: 38.100 Thread 0x000002264e746750 26299       4       org.jetbrains.kotlin.backend.jvm.InlineClassAbi::unboxType (120 bytes)
Event: 38.101 Thread 0x000002264e8b7ee0 26507       2       org.jetbrains.kotlin.ir.util.RenderIrElementVisitor$BoundSymbolReferenceRenderer::visitFunction (541 bytes)
Event: 38.103 Thread 0x000002264e8b7ee0 nmethod 26507 0x000002263b98bc90 code [0x000002263b98c1c0, 0x000002263b98d398]
Event: 38.103 Thread 0x000002264e8b7ee0 26508       2       org.jetbrains.kotlin.codegen.inline.ParametersBuilder::addCapturedParam (62 bytes)
Event: 38.104 Thread 0x000002264e8b7ee0 nmethod 26508 0x000002263b98e210 code [0x000002263b98e460, 0x000002263b98ea38]
Event: 38.109 Thread 0x000002264e8b7ee0 26509       3       org.jetbrains.kotlin.codegen.optimization.temporaryVals.TemporaryVariablesEliminationTransformer::simplifyTrivialInstructions (467 bytes)
Event: 38.111 Thread 0x000002264e8b7ee0 nmethod 26509 0x000002263b98ed90 code [0x000002263b98f1a0, 0x000002263b991048]
Event: 38.125 Thread 0x000002264e8b7ee0 26511       2       org.jetbrains.kotlin.serialization.ContractSerializer::serializeContractOfFunctionIfAny (75 bytes)
Event: 38.126 Thread 0x000002264e8b7ee0 nmethod 26511 0x000002263b991a90 code [0x000002263b991d40, 0x000002263b9924d8]
Event: 38.126 Thread 0x000002264e8b7ee0 26512       2       org.jetbrains.kotlin.codegen.serialization.JvmSerializerExtension::serializeFunction (229 bytes)
Event: 38.128 Thread 0x000002264e8b7ee0 nmethod 26512 0x000002263b992a10 code [0x000002263b992e60, 0x000002263b994088]
Event: 38.143 Thread 0x000002264e8b7ee0 26515       2       org.jetbrains.kotlin.backend.jvm.ir.JvmIrUtilsKt::getKtFile (43 bytes)
Event: 38.143 Thread 0x000002264e8b7ee0 nmethod 26515 0x000002263b994c10 code [0x000002263b994e00, 0x000002263b995158]
Event: 38.143 Thread 0x000002264e8b7ee0 26516       2       org.jetbrains.kotlin.backend.jvm.codegen.IrSourceCompilerForInline$compileInlineFunction$2::<init> (66 bytes)
Event: 38.144 Thread 0x000002264e8b7ee0 nmethod 26516 0x000002263b995390 code [0x000002263b995580, 0x000002263b9958a8]
Event: 38.154 Thread 0x000002264e8b7ee0 26517       2       org.jetbrains.kotlin.codegen.inline.DefaultMethodUtilKt::expandMaskConditionsAndUpdateVariableNodes (850 bytes)
Event: 38.161 Thread 0x000002264e8b7ee0 nmethod 26517 0x000002263b995a90 code [0x000002263b996360, 0x000002263b999ae8]

GC Heap History (20 events):
Event: 33.607 GC heap after
{Heap after GC invocations=35 (full 0):
 garbage-first heap   total 337920K, used 182022K [0x0000000086200000, 0x0000000100000000)
  region size 1024K, 6 young (6144K), 6 survivors (6144K)
 Metaspace       used 96668K, committed 97088K, reserved 1179648K
  class space    used 10186K, committed 10368K, reserved 1048576K
}
Event: 34.884 GC heap before
{Heap before GC invocations=36 (full 0):
 garbage-first heap   total 337920K, used 274182K [0x0000000086200000, 0x0000000100000000)
  region size 1024K, 95 young (97280K), 6 survivors (6144K)
 Metaspace       used 97819K, committed 98240K, reserved 1179648K
  class space    used 10204K, committed 10368K, reserved 1048576K
}
Event: 34.900 GC heap after
{Heap after GC invocations=37 (full 0):
 garbage-first heap   total 337920K, used 190974K [0x0000000086200000, 0x0000000100000000)
  region size 1024K, 12 young (12288K), 12 survivors (12288K)
 Metaspace       used 97819K, committed 98240K, reserved 1179648K
  class space    used 10204K, committed 10368K, reserved 1048576K
}
Event: 34.909 GC heap before
{Heap before GC invocations=37 (full 0):
 garbage-first heap   total 337920K, used 195070K [0x0000000086200000, 0x0000000100000000)
  region size 1024K, 16 young (16384K), 12 survivors (12288K)
 Metaspace       used 97819K, committed 98240K, reserved 1179648K
  class space    used 10204K, committed 10368K, reserved 1048576K
}
Event: 34.936 GC heap after
{Heap after GC invocations=38 (full 0):
 garbage-first heap   total 337920K, used 181516K [0x0000000086200000, 0x0000000100000000)
  region size 1024K, 2 young (2048K), 2 survivors (2048K)
 Metaspace       used 97819K, committed 98240K, reserved 1179648K
  class space    used 10204K, committed 10368K, reserved 1048576K
}
Event: 35.573 GC heap before
{Heap before GC invocations=38 (full 0):
 garbage-first heap   total 337920K, used 272652K [0x0000000086200000, 0x0000000100000000)
  region size 1024K, 91 young (93184K), 2 survivors (2048K)
 Metaspace       used 98032K, committed 98496K, reserved 1179648K
  class space    used 10210K, committed 10432K, reserved 1048576K
}
Event: 35.581 GC heap after
{Heap after GC invocations=39 (full 0):
 garbage-first heap   total 337920K, used 187287K [0x0000000086200000, 0x0000000100000000)
  region size 1024K, 8 young (8192K), 8 survivors (8192K)
 Metaspace       used 98032K, committed 98496K, reserved 1179648K
  class space    used 10210K, committed 10432K, reserved 1048576K
}
Event: 36.214 GC heap before
{Heap before GC invocations=39 (full 0):
 garbage-first heap   total 337920K, used 275351K [0x0000000086200000, 0x0000000100000000)
  region size 1024K, 94 young (96256K), 8 survivors (8192K)
 Metaspace       used 98179K, committed 98624K, reserved 1179648K
  class space    used 10210K, committed 10432K, reserved 1048576K
}
Event: 36.225 GC heap after
{Heap after GC invocations=40 (full 0):
 garbage-first heap   total 337920K, used 191768K [0x0000000086200000, 0x0000000100000000)
  region size 1024K, 11 young (11264K), 11 survivors (11264K)
 Metaspace       used 98179K, committed 98624K, reserved 1179648K
  class space    used 10210K, committed 10432K, reserved 1048576K
}
Event: 36.914 GC heap before
{Heap before GC invocations=40 (full 0):
 garbage-first heap   total 337920K, used 277784K [0x0000000086200000, 0x0000000100000000)
  region size 1024K, 95 young (97280K), 11 survivors (11264K)
 Metaspace       used 98317K, committed 98752K, reserved 1179648K
  class space    used 10211K, committed 10432K, reserved 1048576K
}
Event: 36.924 GC heap after
{Heap after GC invocations=41 (full 0):
 garbage-first heap   total 337920K, used 195322K [0x0000000086200000, 0x0000000100000000)
  region size 1024K, 10 young (10240K), 10 survivors (10240K)
 Metaspace       used 98317K, committed 98752K, reserved 1179648K
  class space    used 10211K, committed 10432K, reserved 1048576K
}
Event: 37.364 GC heap before
{Heap before GC invocations=41 (full 0):
 garbage-first heap   total 337920K, used 281338K [0x0000000086200000, 0x0000000100000000)
  region size 1024K, 94 young (96256K), 10 survivors (10240K)
 Metaspace       used 98395K, committed 98816K, reserved 1179648K
  class space    used 10217K, committed 10432K, reserved 1048576K
}
Event: 37.373 GC heap after
{Heap after GC invocations=42 (full 0):
 garbage-first heap   total 337920K, used 198078K [0x0000000086200000, 0x0000000100000000)
  region size 1024K, 9 young (9216K), 9 survivors (9216K)
 Metaspace       used 98395K, committed 98816K, reserved 1179648K
  class space    used 10217K, committed 10432K, reserved 1048576K
}
Event: 37.561 GC heap before
{Heap before GC invocations=42 (full 0):
 garbage-first heap   total 337920K, used 282046K [0x0000000086200000, 0x0000000100000000)
  region size 1024K, 91 young (93184K), 9 survivors (9216K)
 Metaspace       used 98403K, committed 98816K, reserved 1179648K
  class space    used 10217K, committed 10432K, reserved 1048576K
}
Event: 37.579 GC heap after
{Heap after GC invocations=43 (full 0):
 garbage-first heap   total 337920K, used 207170K [0x0000000086200000, 0x0000000100000000)
  region size 1024K, 12 young (12288K), 12 survivors (12288K)
 Metaspace       used 98403K, committed 98816K, reserved 1179648K
  class space    used 10217K, committed 10432K, reserved 1048576K
}
Event: 37.670 GC heap before
{Heap before GC invocations=43 (full 0):
 garbage-first heap   total 337920K, used 279874K [0x0000000086200000, 0x0000000100000000)
  region size 1024K, 83 young (84992K), 12 survivors (12288K)
 Metaspace       used 98418K, committed 98880K, reserved 1179648K
  class space    used 10219K, committed 10432K, reserved 1048576K
}
Event: 37.690 GC heap after
{Heap after GC invocations=44 (full 0):
 garbage-first heap   total 337920K, used 215358K [0x0000000086200000, 0x0000000100000000)
  region size 1024K, 11 young (11264K), 11 survivors (11264K)
 Metaspace       used 98418K, committed 98880K, reserved 1179648K
  class space    used 10219K, committed 10432K, reserved 1048576K
}
Event: 37.928 GC heap before
{Heap before GC invocations=44 (full 0):
 garbage-first heap   total 337920K, used 278846K [0x0000000086200000, 0x0000000100000000)
  region size 1024K, 73 young (74752K), 11 survivors (11264K)
 Metaspace       used 98573K, committed 99008K, reserved 1179648K
  class space    used 10224K, committed 10432K, reserved 1048576K
}
Event: 37.937 GC heap after
{Heap after GC invocations=45 (full 0):
 garbage-first heap   total 337920K, used 215566K [0x0000000086200000, 0x0000000100000000)
  region size 1024K, 7 young (7168K), 7 survivors (7168K)
 Metaspace       used 98573K, committed 99008K, reserved 1179648K
  class space    used 10224K, committed 10432K, reserved 1048576K
}
Event: 38.178 GC heap before
{Heap before GC invocations=45 (full 0):
 garbage-first heap   total 337920K, used 278030K [0x0000000086200000, 0x0000000100000000)
  region size 1024K, 68 young (69632K), 7 survivors (7168K)
 Metaspace       used 98639K, committed 99072K, reserved 1179648K
  class space    used 10224K, committed 10432K, reserved 1048576K
}

Dll operation events (2 events):
Event: 0.017 Loaded shared library C:\Program Files\Android\Android Studio\jbr\bin\java.dll
Event: 1.821 Loaded shared library C:\Program Files\Android\Android Studio\jbr\bin\verify.dll

Deoptimization events (20 events):
Event: 38.095 Thread 0x0000022634c4e970 DEOPT PACKING pc=0x000002263b8f192f sp=0x000000bdedcf9180
Event: 38.095 Thread 0x0000022634c4e970 DEOPT UNPACKING pc=0x000002263f6a7143 sp=0x000000bdedcf87c8 mode 0
Event: 38.108 Thread 0x0000022634c4e970 DEOPT PACKING pc=0x000002263b8f192f sp=0x000000bdedcfa8b0
Event: 38.108 Thread 0x0000022634c4e970 DEOPT UNPACKING pc=0x000002263f6a7143 sp=0x000000bdedcf9ef8 mode 0
Event: 38.109 Thread 0x0000022634c4e970 Uncommon trap: trap_request=0xffffff45 fr.pc=0x00000226407ead40 relative=0x00000000000004a0
Event: 38.109 Thread 0x0000022634c4e970 Uncommon trap: reason=unstable_if action=reinterpret pc=0x00000226407ead40 method=org.jetbrains.kotlin.codegen.optimization.temporaryVals.TemporaryVariablesEliminationTransformer.simplifyTrivialInstructions(Lorg/jetbrains/org/objectweb/asm/tree/MethodNode
Event: 38.109 Thread 0x0000022634c4e970 DEOPT PACKING pc=0x00000226407ead40 sp=0x000000bdedcfa1a0
Event: 38.109 Thread 0x0000022634c4e970 DEOPT UNPACKING pc=0x000002263f6a69a3 sp=0x000000bdedcfa140 mode 2
Event: 38.109 Thread 0x0000022634c4e970 DEOPT PACKING pc=0x000002263b8f192f sp=0x000000bdedcf9f40
Event: 38.109 Thread 0x0000022634c4e970 DEOPT UNPACKING pc=0x000002263f6a7143 sp=0x000000bdedcf9588 mode 0
Event: 38.150 Thread 0x0000022634c4e970 DEOPT PACKING pc=0x000002263b8f192f sp=0x000000bdedcfa1d0
Event: 38.150 Thread 0x0000022634c4e970 DEOPT UNPACKING pc=0x000002263f6a7143 sp=0x000000bdedcf9818 mode 0
Event: 38.154 Thread 0x0000022634c4e970 DEOPT PACKING pc=0x000002263b990e24 sp=0x000000bdedcfbad0
Event: 38.154 Thread 0x0000022634c4e970 DEOPT UNPACKING pc=0x000002263f6a7143 sp=0x000000bdedcfaff8 mode 0
Event: 38.157 Thread 0x0000022634c4e970 DEOPT PACKING pc=0x000002263b6bc4b9 sp=0x000000bdedcfaec0
Event: 38.157 Thread 0x0000022634c4e970 DEOPT UNPACKING pc=0x000002263f6a7143 sp=0x000000bdedcfa428 mode 0
Event: 38.161 Thread 0x0000022634c4e970 DEOPT PACKING pc=0x000002263b8f192f sp=0x000000bdedcfaf90
Event: 38.161 Thread 0x0000022634c4e970 DEOPT UNPACKING pc=0x000002263f6a7143 sp=0x000000bdedcfa5d8 mode 0
Event: 38.176 Thread 0x0000022634c4e970 DEOPT PACKING pc=0x000002263b6bc4b9 sp=0x000000bdedcfd3a0
Event: 38.176 Thread 0x0000022634c4e970 DEOPT UNPACKING pc=0x000002263f6a7143 sp=0x000000bdedcfc908 mode 0

Classes unloaded (0 events):
No events

Classes redefined (0 events):
No events

Internal exceptions (20 events):
Event: 24.396 Thread 0x0000022634c4e970 Implicit null exception at 0x000002263fe6f476 to 0x000002263fe6fa14
Event: 24.397 Thread 0x0000022634c4e970 Implicit null exception at 0x000002263fe6e200 to 0x000002263fe6e80c
Event: 24.818 Thread 0x0000022634c4e970 Exception <a 'java/lang/NoSuchMethodError'{0x0000000093b10d10}: 'java.lang.Object java.lang.invoke.DirectMethodHandle$Holder.invokeStaticInit(java.lang.Object, java.lang.Object, java.lang.Object, java.lang.Object)'> (0x0000000093b10d10) 
thrown [s\src\hotspot\share\interpreter\linkResolver.cpp, line 771]
Event: 25.143 Thread 0x0000022634c4e970 Exception <a 'java/lang/NoSuchMethodError'{0x0000000092eedf90}: 'java.lang.Object java.lang.invoke.DirectMethodHandle$Holder.newInvokeSpecial(java.lang.Object, java.lang.Object, java.lang.Object, int, int)'> (0x0000000092eedf90) 
thrown [s\src\hotspot\share\interpreter\linkResolver.cpp, line 771]
Event: 25.144 Thread 0x0000022634c4e970 Exception <a 'java/lang/NoSuchMethodError'{0x0000000092ef1dd0}: 'java.lang.Object java.lang.invoke.DirectMethodHandle$Holder.invokeSpecial(java.lang.Object, java.lang.Object, java.lang.Object, java.lang.Object, int, int)'> (0x0000000092ef1dd0) 
thrown [s\src\hotspot\share\interpreter\linkResolver.cpp, line 771]
Event: 25.489 Thread 0x0000022634c4e970 Implicit null exception at 0x000002263fc5d8ef to 0x000002263fc5db2c
Event: 25.667 Thread 0x0000022634c4e970 Exception <a 'java/lang/NoSuchMethodError'{0x0000000099931430}: 'java.lang.Object java.lang.invoke.DirectMethodHandle$Holder.invokeSpecial(java.lang.Object, java.lang.Object, int, int, java.lang.Object, java.lang.Object, java.lang.Object, java.lang.Object, java.lang.Object)'> (0x0000000099931430) 
thrown [s\src\hotspot\share\interpreter\linkResolver.cpp, line 771]
Event: 25.921 Thread 0x0000022634c4e970 Exception <a 'java/lang/NoSuchMethodError'{0x00000000993d1478}: 'java.lang.Object java.lang.invoke.DirectMethodHandle$Holder.newInvokeSpecial(java.lang.Object, java.lang.Object, int, int, java.lang.Object, java.lang.Object, java.lang.Object)'> (0x00000000993d1478) 
thrown [s\src\hotspot\share\interpreter\linkResolver.cpp, line 771]
Event: 25.922 Thread 0x0000022634c4e970 Exception <a 'java/lang/NoSuchMethodError'{0x00000000993d5db8}: 'java.lang.Object java.lang.invoke.DirectMethodHandle$Holder.invokeSpecial(java.lang.Object, java.lang.Object, java.lang.Object, int, int, java.lang.Object, java.lang.Object, java.lang.Object)'> (0x00000000993d5db8) 
thrown [s\src\hotspot\share\interpreter\linkResolver.cpp, line 771]
Event: 26.329 Thread 0x0000022634c4e970 Exception <a 'java/lang/NoSuchMethodError'{0x0000000098448cc0}: 'java.lang.Object java.lang.invoke.DirectMethodHandle$Holder.invokeStatic(java.lang.Object, java.lang.Object, java.lang.Object, int, int, java.lang.Object, java.lang.Object, java.lang.Object, java.lang.Object)'> (0x0000000098448cc0) 
thrown [s\src\hotspot\share\interpreter\linkResolver.cpp, line 771]
Event: 26.330 Thread 0x0000022634c4e970 Exception <a 'java/lang/NoSuchMethodError'{0x0000000098452f88}: 'java.lang.Object java.lang.invoke.DirectMethodHandle$Holder.newInvokeSpecial(java.lang.Object, java.lang.Object, java.lang.Object, int, int, java.lang.Object)'> (0x0000000098452f88) 
thrown [s\src\hotspot\share\interpreter\linkResolver.cpp, line 771]
Event: 26.330 Thread 0x0000022634c4e970 Exception <a 'java/lang/NoSuchMethodError'{0x000000009845a928}: 'java.lang.Object java.lang.invoke.Invokers$Holder.linkToTargetMethod(java.lang.Object, java.lang.Object, int, int, java.lang.Object, java.lang.Object)'> (0x000000009845a928) 
thrown [s\src\hotspot\share\interpreter\linkResolver.cpp, line 771]
Event: 27.223 Thread 0x0000022634c4e970 Implicit null exception at 0x0000022640512242 to 0x0000022640512858
Event: 29.703 Thread 0x0000022634c4e970 Implicit null exception at 0x000002264017ca20 to 0x000002264017d38c
Event: 30.005 Thread 0x0000022634c4e970 Implicit null exception at 0x00000226405758a0 to 0x00000226405761fc
Event: 31.393 Thread 0x0000022634c4e970 Implicit null exception at 0x000002264034c034 to 0x000002264034d2ac
Event: 31.418 Thread 0x0000022634c4e970 Implicit null exception at 0x000002264036da4b to 0x000002264036ec3c
Event: 31.525 Thread 0x0000022634c4e970 Implicit null exception at 0x0000022640557b4b to 0x0000022640558db0
Event: 37.232 Thread 0x0000022634c4e970 Implicit null exception at 0x000002264079cf40 to 0x00000226407a1310
Event: 37.270 Thread 0x0000022634c4e970 Implicit null exception at 0x0000022640782582 to 0x0000022640784818

VM Operations (20 events):
Event: 36.225 Executing VM operation: G1CollectForAllocation done
Event: 36.390 Executing VM operation: HandshakeAllThreads
Event: 36.390 Executing VM operation: HandshakeAllThreads done
Event: 36.712 Executing VM operation: ICBufferFull
Event: 36.713 Executing VM operation: ICBufferFull done
Event: 36.914 Executing VM operation: G1CollectForAllocation
Event: 36.924 Executing VM operation: G1CollectForAllocation done
Event: 37.242 Executing VM operation: HandshakeAllThreads
Event: 37.242 Executing VM operation: HandshakeAllThreads done
Event: 37.364 Executing VM operation: G1CollectForAllocation
Event: 37.373 Executing VM operation: G1CollectForAllocation done
Event: 37.560 Executing VM operation: G1CollectForAllocation
Event: 37.579 Executing VM operation: G1CollectForAllocation done
Event: 37.670 Executing VM operation: G1CollectForAllocation
Event: 37.690 Executing VM operation: G1CollectForAllocation done
Event: 37.928 Executing VM operation: G1CollectForAllocation
Event: 37.937 Executing VM operation: G1CollectForAllocation done
Event: 37.967 Executing VM operation: HandshakeAllThreads
Event: 37.967 Executing VM operation: HandshakeAllThreads done
Event: 38.178 Executing VM operation: G1CollectForAllocation

Events (20 events):
Event: 34.957 Thread 0x000002264e8b87f0 flushing nmethod 0x000002263a95d910
Event: 34.958 Thread 0x000002264e8b87f0 flushing nmethod 0x000002263a960b10
Event: 34.958 Thread 0x000002264e8b87f0 flushing nmethod 0x000002263a960e90
Event: 34.958 Thread 0x000002264e8b87f0 flushing nmethod 0x000002263aa01190
Event: 34.958 Thread 0x000002264e8b87f0 flushing nmethod 0x000002263aa18510
Event: 34.958 Thread 0x000002264e8b87f0 flushing nmethod 0x000002263aa18a90
Event: 34.958 Thread 0x000002264e8b87f0 flushing nmethod 0x000002263aa18e10
Event: 34.959 Thread 0x000002264e8b87f0 flushing nmethod 0x000002263aaaa810
Event: 34.966 Thread 0x000002264e8b87f0 flushing nmethod 0x000002263b31a810
Event: 34.966 Thread 0x000002264e8b87f0 flushing nmethod 0x000002263b31ae10
Event: 34.966 Thread 0x000002264e8b87f0 flushing nmethod 0x000002263b31b210
Event: 34.966 Thread 0x000002264e8b87f0 flushing nmethod 0x000002263b31bb10
Event: 34.966 Thread 0x000002264e8b87f0 flushing nmethod 0x000002263b31d390
Event: 34.966 Thread 0x000002264e8b87f0 flushing nmethod 0x000002263b323290
Event: 34.966 Thread 0x000002264e8b87f0 flushing nmethod 0x000002263b324010
Event: 34.966 Thread 0x000002264e8b87f0 flushing nmethod 0x000002263b340110
Event: 34.966 Thread 0x000002264e8b87f0 flushing nmethod 0x000002263b34e590
Event: 34.966 Thread 0x000002264e8b87f0 flushing nmethod 0x000002263b391690
Event: 38.011 Thread 0x000002264e8b87f0 flushing nmethod 0x000002263a95e610
Event: 38.013 Thread 0x000002264e8b87f0 flushing nmethod 0x000002263ac6b910


Dynamic libraries:
0x00007ff7d9f50000 - 0x00007ff7d9f5a000 	C:\Program Files\Android\Android Studio\jbr\bin\java.exe
0x00007ffced110000 - 0x00007ffced308000 	C:\windows\SYSTEM32\ntdll.dll
0x00007ffceb800000 - 0x00007ffceb8bd000 	C:\windows\System32\KERNEL32.DLL
0x00007ffcea9a0000 - 0x00007ffceac96000 	C:\windows\System32\KERNELBASE.dll
0x00007ffce7c00000 - 0x00007ffce7c90000 	C:\windows\SYSTEM32\apphelp.dll
0x00007ffcea810000 - 0x00007ffcea910000 	C:\windows\System32\ucrtbase.dll
0x00007ffcccec0000 - 0x00007ffccced7000 	C:\Program Files\Android\Android Studio\jbr\bin\jli.dll
0x00007ffce4180000 - 0x00007ffce419b000 	C:\Program Files\Android\Android Studio\jbr\bin\VCRUNTIME140.dll
0x00007ffcec290000 - 0x00007ffcec42e000 	C:\windows\System32\USER32.dll
0x00007ffcd5fd0000 - 0x00007ffcd626a000 	C:\windows\WinSxS\amd64_microsoft.windows.common-controls_6595b64144ccf1df_6.0.19041.3636_none_60b6a03d71f818d5\COMCTL32.dll
0x00007ffcea7e0000 - 0x00007ffcea802000 	C:\windows\System32\win32u.dll
0x00007ffcec610000 - 0x00007ffcec6ae000 	C:\windows\System32\msvcrt.dll
0x00007ffcebb00000 - 0x00007ffcebb2c000 	C:\windows\System32\GDI32.dll
0x00007ffceaee0000 - 0x00007ffceaffa000 	C:\windows\System32\gdi32full.dll
0x00007ffceb0c0000 - 0x00007ffceb15d000 	C:\windows\System32\msvcp_win.dll
0x00007ffcebad0000 - 0x00007ffcebb00000 	C:\windows\System32\IMM32.DLL
0x00007ffce2520000 - 0x00007ffce252c000 	C:\Program Files\Android\Android Studio\jbr\bin\vcruntime140_1.dll
0x00007ffca89a0000 - 0x00007ffca8a2d000 	C:\Program Files\Android\Android Studio\jbr\bin\msvcp140.dll
0x00007ffcafa90000 - 0x00007ffcb0713000 	C:\Program Files\Android\Android Studio\jbr\bin\server\jvm.dll
0x00007ffcec430000 - 0x00007ffcec4e3000 	C:\windows\System32\ADVAPI32.dll
0x00007ffcecf20000 - 0x00007ffcecfbf000 	C:\windows\System32\sechost.dll
0x00007ffceb6d0000 - 0x00007ffceb7f6000 	C:\windows\System32\RPCRT4.dll
0x00007ffceaeb0000 - 0x00007ffceaed7000 	C:\windows\System32\bcrypt.dll
0x00007ffce9f20000 - 0x00007ffce9f6b000 	C:\windows\SYSTEM32\POWRPROF.dll
0x00007ffccd0d0000 - 0x00007ffccd0d9000 	C:\windows\SYSTEM32\WSOCK32.dll
0x00007ffcdf0b0000 - 0x00007ffcdf0ba000 	C:\windows\SYSTEM32\VERSION.dll
0x00007ffcce730000 - 0x00007ffcce757000 	C:\windows\SYSTEM32\WINMM.dll
0x00007ffcec6b0000 - 0x00007ffcec71b000 	C:\windows\System32\WS2_32.dll
0x00007ffce9e70000 - 0x00007ffce9e82000 	C:\windows\SYSTEM32\UMPDC.dll
0x00007ffce9020000 - 0x00007ffce9032000 	C:\windows\SYSTEM32\kernel.appcore.dll
0x00007ffce24c0000 - 0x00007ffce24ca000 	C:\Program Files\Android\Android Studio\jbr\bin\jimage.dll
0x00007ffce83c0000 - 0x00007ffce85a4000 	C:\windows\SYSTEM32\DBGHELP.DLL
0x00007ffcc25e0000 - 0x00007ffcc2614000 	C:\windows\SYSTEM32\dbgcore.DLL
0x00007ffcea910000 - 0x00007ffcea992000 	C:\windows\System32\bcryptPrimitives.dll
0x00007ffcdf0f0000 - 0x00007ffcdf115000 	C:\Program Files\Android\Android Studio\jbr\bin\java.dll
0x00007ffcde780000 - 0x00007ffcde798000 	C:\Program Files\Android\Android Studio\jbr\bin\zip.dll
0x00007ffcec720000 - 0x00007ffcece65000 	C:\windows\System32\SHELL32.dll
0x00007ffce8870000 - 0x00007ffce900b000 	C:\windows\SYSTEM32\windows.storage.dll
0x00007ffceb1f0000 - 0x00007ffceb544000 	C:\windows\System32\combase.dll
0x00007ffcea210000 - 0x00007ffcea23d000 	C:\windows\SYSTEM32\Wldp.dll
0x00007ffcece70000 - 0x00007ffcecf1d000 	C:\windows\System32\SHCORE.dll
0x00007ffcebb30000 - 0x00007ffcebb85000 	C:\windows\System32\shlwapi.dll
0x00007ffcea710000 - 0x00007ffcea735000 	C:\windows\SYSTEM32\profapi.dll
0x00007ffcd5380000 - 0x00007ffcd5399000 	C:\Program Files\Android\Android Studio\jbr\bin\net.dll
0x00007ffce5440000 - 0x00007ffce554a000 	C:\windows\SYSTEM32\WINHTTP.dll
0x00007ffce9f70000 - 0x00007ffce9fda000 	C:\windows\system32\mswsock.dll
0x00007ffccfbe0000 - 0x00007ffccfbf6000 	C:\Program Files\Android\Android Studio\jbr\bin\nio.dll
0x00007ffcd5270000 - 0x00007ffcd5280000 	C:\Program Files\Android\Android Studio\jbr\bin\verify.dll

dbghelp: loaded successfully - version: 4.0.5 - missing functions: none
symbol engine: initialized successfully - sym options: 0x614 - pdb path: .;C:\Program Files\Android\Android Studio\jbr\bin;C:\windows\SYSTEM32;C:\windows\WinSxS\amd64_microsoft.windows.common-controls_6595b64144ccf1df_6.0.19041.3636_none_60b6a03d71f818d5;C:\Program Files\Android\Android Studio\jbr\bin\server

VM Arguments:
java_command: org.jetbrains.kotlin.cli.jvm.K2JVMCompiler @C:\Users\AVuser\Downloads\csci_5708_group_12g_project\app\build\20240329_15122288469306886958.compiler.options
java_class_path (initial): C:\Users\AVuser\.gradle\caches\modules-2\files-2.1\org.jetbrains.kotlin\kotlin-compiler-embeddable\1.9.0\2c8c3a7402becca891f12739b3e9fd2dc2adbd7a\kotlin-compiler-embeddable-1.9.0.jar;C:\Users\AVuser\.gradle\caches\modules-2\files-2.1\org.jetbrains.kotlin\kotlin-stdlib\1.9.0\8ee15ef0c67dc83d874f412d84378d7f0eb50b63\kotlin-stdlib-1.9.0.jar;C:\Users\AVuser\.gradle\caches\modules-2\files-2.1\org.jetbrains.kotlin\kotlin-script-runtime\1.9.0\4b3102cbbb7e1b58d9d1adf89563f00069ffa7d1\kotlin-script-runtime-1.9.0.jar;C:\Users\AVuser\.gradle\caches\modules-2\files-2.1\org.jetbrains.kotlin\kotlin-reflect\1.6.10\1cbe9c92c12a94eea200d23c2bbaedaf3daf5132\kotlin-reflect-1.6.10.jar;C:\Users\AVuser\.gradle\caches\modules-2\files-2.1\org.jetbrains.kotlin\kotlin-daemon-embeddable\1.9.0\186543f5e28cf8d9a0290fecc2cf34301c40a65c\kotlin-daemon-embeddable-1.9.0.jar;C:\Users\AVuser\.gradle\caches\modules-2\files-2.1\org.jetbrains.intellij.deps\trove4j\1.0.20200330\3afb14d5f9ceb459d724e907a21145e8ff394f02\trove4j-1.0.20200330.jar;C:\Users\AVuser\.gradle\caches\modules-2\files-2.1\org.jetbrains.kotlin\kotlin-stdlib-common\1.9.0\cd65c21cfd1eec4d44ef09f9f52b6d9f8a720636\kotlin-stdlib-common-1.9.0.jar;C:\Users\AVuser\.gradle\caches\modules-2\files-2.1\org.jetbrains\annotations\13.0\919f0dfe192fb4e063e7dacadee7f8bb9a2672a9\annotations-13.0.jar
Launcher Type: SUN_STANDARD

[Global flags]
     intx CICompilerCount                          = 4                                         {product} {ergonomic}
     uint ConcGCThreads                            = 2                                         {product} {ergonomic}
     uint G1ConcRefinementThreads                  = 8                                         {product} {ergonomic}
   size_t G1HeapRegionSize                         = 1048576                                   {product} {ergonomic}
    uintx GCDrainStackTargetSize                   = 64                                        {product} {ergonomic}
   size_t InitialHeapSize                          = 127926272                                 {product} {ergonomic}
   size_t MarkStackSize                            = 4194304                                   {product} {ergonomic}
   size_t MaxHeapSize                              = 2044723200                                {product} {ergonomic}
   size_t MaxNewSize                               = 1226833920                                {product} {ergonomic}
   size_t MinHeapDeltaBytes                        = 1048576                                   {product} {ergonomic}
   size_t MinHeapSize                              = 8388608                                   {product} {ergonomic}
    uintx NonNMethodCodeHeapSize                   = 5839372                                {pd product} {ergonomic}
    uintx NonProfiledCodeHeapSize                  = 122909434                              {pd product} {ergonomic}
    uintx ProfiledCodeHeapSize                     = 122909434                              {pd product} {ergonomic}
    uintx ReservedCodeCacheSize                    = 251658240                              {pd product} {ergonomic}
     bool SegmentedCodeCache                       = true                                      {product} {ergonomic}
   size_t SoftMaxHeapSize                          = 2044723200                             {manageable} {ergonomic}
     bool UseCompressedClassPointers               = true                           {product lp64_product} {ergonomic}
     bool UseCompressedOops                        = true                           {product lp64_product} {ergonomic}
     bool UseG1GC                                  = true                                      {product} {ergonomic}
     bool UseLargePagesIndividualAllocation        = false                                  {pd product} {ergonomic}

Logging:
Log output configuration:
 #0: stdout all=warning uptime,level,tags
 #1: stderr all=off uptime,level,tags

Environment Variables:
JAVA_HOME=C:\Program Files\AdoptOpenJDK\
PATH=C:\Program Files\AdoptOpenJDK\bin;C:\Program Files (x86)\NVIDIA Corporation\PhysX\Common;C:\windows\system32;C:\windows;C:\windows\System32\Wbem;C:\windows\System32\WindowsPowerShell\v1.0\;C:\windows\System32\OpenSSH\;C:\Program Files\dotnet\;C:\Program Files\PuTTY\;C:\Program Files (x86)\Windows Kits\8.1\Windows Performance Toolkit\;c:\Program Files\MATLAB\R2023a\runtime\win64;c:\Program Files\MATLAB\R2023a\bin;C:\Program Files\SASHome\SASFoundation\9.4\core\sasexe;C:\Program Files\SASHome\SASFoundation\9.4\ets\sasexe;C:\Program Files\SASHome\SASFoundation\9.4\core\sasext;C:\Program Files\Microsoft SQL Server\150\Tools\Binn\;C:\texlive\2023\bin\windows;C:\Program Files\Git\cmd;C:\Users\AVuser\AppData\Local\Programs\Python\Python311\Scripts\;C:\Users\AVuser\AppData\Local\Programs\Python\Python311\;C:\Users\AVuser\AppData\Local\Microsoft\WindowsApps;C:\Users\AVuser\AppData\Local\Programs\Microsoft VS Code\bin
USERNAME=AVuser
OS=Windows_NT
PROCESSOR_IDENTIFIER=Intel64 Family 6 Model 142 Stepping 12, GenuineIntel
TMP=C:\Users\AVuser\AppData\Local\Temp
TEMP=C:\Users\AVuser\AppData\Local\Temp



Periodic native trim disabled

JNI global refs:
JNI global refs: 11, weak refs: 57

JNI global refs memory usage: 843, weak refs: 841

OOME stack traces (most recent first):
Classloader memory used:
Loader jdk.internal.loader.ClassLoaders$AppClassLoader                                 : 10455K
Loader bootstrap                                                                       : 1491K
Loader java.net.URLClassLoader                                                         : 351K
Loader jdk.internal.reflect.DelegatingClassLoader                                      : 29811B
Loader jdk.internal.loader.ClassLoaders$PlatformClassLoader                            : 2276B


---------------  S Y S T E M  ---------------

OS:
 Windows 10 , 64 bit Build 19041 (10.0.19041.3636)
OS uptime: 0 days 1:18 hours

CPU: total 8 (initial active 8) (4 cores per cpu, 2 threads per core) family 6 model 142 stepping 12 microcode 0xf8, cx8, cmov, fxsr, ht, mmx, 3dnowpref, sse, sse2, sse3, ssse3, sse4.1, sse4.2, popcnt, lzcnt, tsc, tscinvbit, avx, avx2, aes, erms, clmul, bmi1, bmi2, adx, fma, vzeroupper, clflush, clflushopt
Processor Information for processor 0
  Max Mhz: 2208, Current Mhz: 1706, Mhz Limit: 1700
Processor Information for processor 1
  Max Mhz: 2208, Current Mhz: 1405, Mhz Limit: 1700
Processor Information for processor 2
  Max Mhz: 2208, Current Mhz: 1706, Mhz Limit: 1700
Processor Information for processor 3
  Max Mhz: 2208, Current Mhz: 1405, Mhz Limit: 1700
Processor Information for processor 4
  Max Mhz: 2208, Current Mhz: 1405, Mhz Limit: 1700
Processor Information for processor 5
  Max Mhz: 2208, Current Mhz: 1706, Mhz Limit: 1700
Processor Information for processor 6
  Max Mhz: 2208, Current Mhz: 1405, Mhz Limit: 1700
Processor Information for processor 7
  Max Mhz: 2208, Current Mhz: 1405, Mhz Limit: 1700

Memory: 4k page, system-wide physical 7792M (539M free)
TotalPageFile size 15984M (AvailPageFile size 376M)
current process WorkingSet (physical memory assigned to process): 487M, peak: 608M
current process commit charge ("private bytes"): 658M, peak: 1233M

vm_info: OpenJDK 64-Bit Server VM (17.0.9+0--11185874) for windows-amd64 JRE (17.0.9+0--11185874), built on Dec  6 2023 18:57:44 by "androidbuild" with MS VC++ 16.10 / 16.11 (VS2019)

END.
